2024-09-30 17:12:33.388 +07:00 [WRN] Sensitive data logging is enabled. Log entries and exception messages may include sensitive application data; this mode should only be enabled during development.
2024-09-30 17:12:34.226 +07:00 [INF] Executed DbCommand (32ms) [Parameters=[@__p_0='3fa85f64-5717-4562-b3fc-2c963f66afa6' (Nullable = true)], CommandType='"Text"', CommandTimeout='30']
SELECT TOP(1) [c].[Id], [c].[CreatedAt], [c].[CreatedBy], [c].[Description], [c].[Name], [c].[UpdatedAt], [c].[UpdatedBy]
FROM [Categories] AS [c]
WHERE [c].[Id] = @__p_0
2024-09-30 17:12:34.348 +07:00 [ERR] An unhandled exception has occurred while executing the request.
System.Exception: Category with Id 3fa85f64-5717-4562-b3fc-2c963f66afa6 not found.
   at FashionNest.Application.Features.Products.Commands.CreateProduct.CreateProductCommandHandler.Handle(CreateProductCommand request, CancellationToken cancellationToken) in D:\NgocLinhHome\C_sharp\workspace\FashionNest\src\FashionNest.Application\Features\Products\Commands\CreateProduct\CreateProductCommandHandler.cs:line 22
   at FashionNest.API.Controllers.ProductController.Create(CreateProductCommand request) in D:\NgocLinhHome\C_sharp\workspace\FashionNest\src\FashionNest.API\Controllers\ProductController.cs:line 21
   at Microsoft.AspNetCore.Mvc.Infrastructure.ActionMethodExecutor.TaskOfIActionResultExecutor.Execute(ActionContext actionContext, IActionResultTypeMapper mapper, ObjectMethodExecutor executor, Object controller, Object[] arguments)
   at Microsoft.AspNetCore.Mvc.Infrastructure.ControllerActionInvoker.<InvokeActionMethodAsync>g__Awaited|12_0(ControllerActionInvoker invoker, ValueTask`1 actionResultValueTask)
   at Microsoft.AspNetCore.Mvc.Infrastructure.ControllerActionInvoker.<InvokeNextActionFilterAsync>g__Awaited|10_0(ControllerActionInvoker invoker, Task lastTask, State next, Scope scope, Object state, Boolean isCompleted)
   at Microsoft.AspNetCore.Mvc.Infrastructure.ControllerActionInvoker.Rethrow(ActionExecutedContextSealed context)
   at Microsoft.AspNetCore.Mvc.Infrastructure.ControllerActionInvoker.Next(State& next, Scope& scope, Object& state, Boolean& isCompleted)
   at Microsoft.AspNetCore.Mvc.Infrastructure.ControllerActionInvoker.InvokeInnerFilterAsync()
--- End of stack trace from previous location ---
   at Microsoft.AspNetCore.Mvc.Infrastructure.ResourceInvoker.<InvokeFilterPipelineAsync>g__Awaited|20_0(ResourceInvoker invoker, Task lastTask, State next, Scope scope, Object state, Boolean isCompleted)
   at Microsoft.AspNetCore.Mvc.Infrastructure.ResourceInvoker.<InvokeAsync>g__Awaited|17_0(ResourceInvoker invoker, Task task, IDisposable scope)
   at Microsoft.AspNetCore.Mvc.Infrastructure.ResourceInvoker.<InvokeAsync>g__Awaited|17_0(ResourceInvoker invoker, Task task, IDisposable scope)
   at Microsoft.AspNetCore.Authorization.AuthorizationMiddleware.Invoke(HttpContext context)
   at Swashbuckle.AspNetCore.SwaggerUI.SwaggerUIMiddleware.Invoke(HttpContext httpContext)
   at Swashbuckle.AspNetCore.Swagger.SwaggerMiddleware.Invoke(HttpContext httpContext, ISwaggerProvider swaggerProvider)
   at Microsoft.AspNetCore.Authentication.AuthenticationMiddleware.Invoke(HttpContext context)
   at Microsoft.AspNetCore.Diagnostics.DeveloperExceptionPageMiddlewareImpl.Invoke(HttpContext context)
2024-09-30 17:13:43.818 +07:00 [INF] Get all roles GetRolesQuery { pageIndex = 1, pageSize = 10 }
2024-09-30 17:13:43.824 +07:00 [WRN] The query uses a row limiting operator ('Skip'/'Take') without an 'OrderBy' operator. This may lead to unpredictable results. If the 'Distinct' operator is used after 'OrderBy', then make sure to use the 'OrderBy' operator after 'Distinct' as the ordering would otherwise get erased.
2024-09-30 17:13:43.825 +07:00 [WRN] The query uses a row limiting operator ('Skip'/'Take') without an 'OrderBy' operator. This may lead to unpredictable results. If the 'Distinct' operator is used after 'OrderBy', then make sure to use the 'OrderBy' operator after 'Distinct' as the ordering would otherwise get erased.
2024-09-30 17:13:43.833 +07:00 [INF] Executed DbCommand (2ms) [Parameters=[@__p_0='0', @__p_1='10'], CommandType='"Text"', CommandTimeout='30']
SELECT [r].[Id], [r].[CreatedAt], [r].[CreatedBy], [r].[Description], [r].[Name], [r].[UpdatedAt], [r].[UpdatedBy]
FROM [Roles] AS [r]
ORDER BY (SELECT 1)
OFFSET @__p_0 ROWS FETCH NEXT @__p_1 ROWS ONLY
2024-09-30 17:13:53.695 +07:00 [INF] Create a new role CreateRoleCommand { Name = a, Description = aa }
2024-09-30 17:13:53.801 +07:00 [INF] Executed DbCommand (2ms) [Parameters=[@p0='a6a890a7-1135-4282-941d-9b0fe77fb225', @p1=NULL (DbType = DateTime2), @p2=NULL (Size = 4000), @p3='aa' (Nullable = false) (Size = 4000), @p4='a' (Nullable = false) (Size = 450), @p5=NULL (DbType = DateTime2), @p6=NULL (Size = 4000)], CommandType='"Text"', CommandTimeout='30']
SET IMPLICIT_TRANSACTIONS OFF;
SET NOCOUNT ON;
INSERT INTO [Roles] ([Id], [CreatedAt], [CreatedBy], [Description], [Name], [UpdatedAt], [UpdatedBy])
VALUES (@p0, @p1, @p2, @p3, @p4, @p5, @p6);
2024-09-30 17:14:30.387 +07:00 [INF] Executed DbCommand (1ms) [Parameters=[@__p_0='63c4623d-58a6-4a6d-9d3f-7c789a1446af' (Nullable = true)], CommandType='"Text"', CommandTimeout='30']
SELECT TOP(1) [c].[Id], [c].[CreatedAt], [c].[CreatedBy], [c].[Description], [c].[Name], [c].[UpdatedAt], [c].[UpdatedBy]
FROM [Categories] AS [c]
WHERE [c].[Id] = @__p_0
2024-09-30 17:14:30.464 +07:00 [INF] Executed DbCommand (3ms) [Parameters=[@p0='b0ac4310-b3ba-448e-92a2-e77e77a5d2dd', @p1='63c4623d-58a6-4a6d-9d3f-7c789a1446af', @p2=NULL (DbType = DateTime2), @p3=NULL (Size = 4000), @p4='' (Size = 4000), @p5='' (Size = 4000), @p6='False', @p7='Shirt' (Nullable = false) (Size = 4000), @p8='122' (Precision = 18) (Scale = 2), @p9='1', @p10=NULL (DbType = DateTime2), @p11=NULL (Size = 4000)], CommandType='"Text"', CommandTimeout='30']
SET IMPLICIT_TRANSACTIONS OFF;
SET NOCOUNT ON;
INSERT INTO [Products] ([Id], [CategoryId], [CreatedAt], [CreatedBy], [Description], [Image], [IsRental], [Name], [Price], [Stock], [UpdatedAt], [UpdatedBy])
VALUES (@p0, @p1, @p2, @p3, @p4, @p5, @p6, @p7, @p8, @p9, @p10, @p11);
2024-09-30 17:18:56.051 +07:00 [ERR] An unhandled exception has occurred while executing the request.
System.ArgumentOutOfRangeException: Token a000000 is not valid in the scope of module System.ModuleHandle. (Parameter 'methodToken')
   at System.ModuleHandle.ResolveMethodHandleInternal(RuntimeModule module, Int32 methodToken, ReadOnlySpan`1 typeInstantiationContext, ReadOnlySpan`1 methodInstantiationContext)
   at System.ModuleHandle.ResolveMethodHandle(Int32 methodToken, RuntimeTypeHandle[] typeInstantiationContext, RuntimeTypeHandle[] methodInstantiationContext)
   at System.Reflection.RuntimeCustomAttributeData..ctor(RuntimeModule scope, MetadataToken caCtorToken, ConstArray& blob)
   at System.Reflection.RuntimeCustomAttributeData.GetCustomAttributes(RuntimeModule module, Int32 tkTarget)
   at System.Reflection.NullabilityInfoContext.Create(PropertyInfo propertyInfo)
   at System.Text.Json.Serialization.Metadata.DefaultJsonTypeInfoResolver.CreatePropertyInfo(JsonTypeInfo typeInfo, Type typeToConvert, MemberInfo memberInfo, NullabilityInfoContext nullabilityCtx, JsonSerializerOptions options, Boolean shouldCheckForRequiredKeyword, Boolean hasJsonIncludeAttribute)
   at System.Text.Json.Serialization.Metadata.DefaultJsonTypeInfoResolver.PopulateProperties(JsonTypeInfo typeInfo, NullabilityInfoContext nullabilityCtx)
   at System.Text.Json.Serialization.Metadata.DefaultJsonTypeInfoResolver.CreateTypeInfoCore(Type type, JsonConverter converter, JsonSerializerOptions options)
   at System.Text.Json.Serialization.Metadata.DefaultJsonTypeInfoResolver.GetTypeInfo(Type type, JsonSerializerOptions options)
   at System.Text.Json.JsonSerializerOptions.CachingContext.CreateCacheEntry(Type type, CachingContext context)
--- End of stack trace from previous location ---
   at System.Text.Json.JsonSerializerOptions.GetTypeInfoInternal(Type type, Boolean ensureConfigured, Nullable`1 ensureNotNull, Boolean resolveIfMutable, Boolean fallBackToNearestAncestorType)
   at System.Text.Json.JsonSerializerOptions.GetTypeInfoForRootType(Type type, Boolean fallBackToNearestAncestorType)
   at System.Text.Json.JsonSerializer.GetTypeInfo(JsonSerializerOptions options, Type inputType)
   at System.Text.Json.JsonSerializer.DeserializeAsync(Stream utf8Json, Type returnType, JsonSerializerOptions options, CancellationToken cancellationToken)
   at Microsoft.AspNetCore.Mvc.Formatters.SystemTextJsonInputFormatter.ReadRequestBodyAsync(InputFormatterContext context, Encoding encoding)
   at Microsoft.AspNetCore.Mvc.Formatters.SystemTextJsonInputFormatter.ReadRequestBodyAsync(InputFormatterContext context, Encoding encoding)
   at Microsoft.AspNetCore.Mvc.ModelBinding.Binders.BodyModelBinder.BindModelAsync(ModelBindingContext bindingContext)
   at Microsoft.AspNetCore.Mvc.ModelBinding.ParameterBinder.BindModelAsync(ActionContext actionContext, IModelBinder modelBinder, IValueProvider valueProvider, ParameterDescriptor parameter, ModelMetadata metadata, Object value, Object container)
   at Microsoft.AspNetCore.Mvc.Controllers.ControllerBinderDelegateProvider.<>c__DisplayClass0_0.<<CreateBinderDelegate>g__Bind|0>d.MoveNext()
--- End of stack trace from previous location ---
   at Microsoft.AspNetCore.Mvc.Infrastructure.ControllerActionInvoker.<InvokeInnerFilterAsync>g__Awaited|13_0(ControllerActionInvoker invoker, Task lastTask, State next, Scope scope, Object state, Boolean isCompleted)
   at Microsoft.AspNetCore.Mvc.Infrastructure.ResourceInvoker.<InvokeFilterPipelineAsync>g__Awaited|20_0(ResourceInvoker invoker, Task lastTask, State next, Scope scope, Object state, Boolean isCompleted)
   at Microsoft.AspNetCore.Mvc.Infrastructure.ResourceInvoker.<InvokeAsync>g__Awaited|17_0(ResourceInvoker invoker, Task task, IDisposable scope)
   at Microsoft.AspNetCore.Mvc.Infrastructure.ResourceInvoker.<InvokeAsync>g__Awaited|17_0(ResourceInvoker invoker, Task task, IDisposable scope)
   at Microsoft.AspNetCore.Authorization.AuthorizationMiddleware.Invoke(HttpContext context)
   at Swashbuckle.AspNetCore.SwaggerUI.SwaggerUIMiddleware.Invoke(HttpContext httpContext)
   at Swashbuckle.AspNetCore.Swagger.SwaggerMiddleware.Invoke(HttpContext httpContext, ISwaggerProvider swaggerProvider)
   at Microsoft.AspNetCore.Authentication.AuthenticationMiddleware.Invoke(HttpContext context)
   at Microsoft.AspNetCore.Diagnostics.DeveloperExceptionPageMiddlewareImpl.Invoke(HttpContext context)
2024-09-30 17:19:06.735 +07:00 [ERR] An unhandled exception has occurred while executing the request.
System.ArgumentOutOfRangeException: Token a000000 is not valid in the scope of module System.ModuleHandle. (Parameter 'methodToken')
   at System.ModuleHandle.ResolveMethodHandleInternal(RuntimeModule module, Int32 methodToken, ReadOnlySpan`1 typeInstantiationContext, ReadOnlySpan`1 methodInstantiationContext)
   at System.ModuleHandle.ResolveMethodHandle(Int32 methodToken, RuntimeTypeHandle[] typeInstantiationContext, RuntimeTypeHandle[] methodInstantiationContext)
   at System.Reflection.RuntimeCustomAttributeData..ctor(RuntimeModule scope, MetadataToken caCtorToken, ConstArray& blob)
   at System.Reflection.RuntimeCustomAttributeData.GetCustomAttributes(RuntimeModule module, Int32 tkTarget)
   at System.Reflection.NullabilityInfoContext.Create(PropertyInfo propertyInfo)
   at System.Text.Json.Serialization.Metadata.DefaultJsonTypeInfoResolver.CreatePropertyInfo(JsonTypeInfo typeInfo, Type typeToConvert, MemberInfo memberInfo, NullabilityInfoContext nullabilityCtx, JsonSerializerOptions options, Boolean shouldCheckForRequiredKeyword, Boolean hasJsonIncludeAttribute)
   at System.Text.Json.Serialization.Metadata.DefaultJsonTypeInfoResolver.PopulateProperties(JsonTypeInfo typeInfo, NullabilityInfoContext nullabilityCtx)
   at System.Text.Json.Serialization.Metadata.DefaultJsonTypeInfoResolver.CreateTypeInfoCore(Type type, JsonConverter converter, JsonSerializerOptions options)
   at System.Text.Json.Serialization.Metadata.DefaultJsonTypeInfoResolver.GetTypeInfo(Type type, JsonSerializerOptions options)
   at System.Text.Json.JsonSerializerOptions.CachingContext.CreateCacheEntry(Type type, CachingContext context)
--- End of stack trace from previous location ---
   at System.Text.Json.JsonSerializerOptions.GetTypeInfoInternal(Type type, Boolean ensureConfigured, Nullable`1 ensureNotNull, Boolean resolveIfMutable, Boolean fallBackToNearestAncestorType)
   at System.Text.Json.JsonSerializerOptions.GetTypeInfoForRootType(Type type, Boolean fallBackToNearestAncestorType)
   at System.Text.Json.JsonSerializer.GetTypeInfo(JsonSerializerOptions options, Type inputType)
   at System.Text.Json.JsonSerializer.DeserializeAsync(Stream utf8Json, Type returnType, JsonSerializerOptions options, CancellationToken cancellationToken)
   at Microsoft.AspNetCore.Mvc.Formatters.SystemTextJsonInputFormatter.ReadRequestBodyAsync(InputFormatterContext context, Encoding encoding)
   at Microsoft.AspNetCore.Mvc.Formatters.SystemTextJsonInputFormatter.ReadRequestBodyAsync(InputFormatterContext context, Encoding encoding)
   at Microsoft.AspNetCore.Mvc.ModelBinding.Binders.BodyModelBinder.BindModelAsync(ModelBindingContext bindingContext)
   at Microsoft.AspNetCore.Mvc.ModelBinding.ParameterBinder.BindModelAsync(ActionContext actionContext, IModelBinder modelBinder, IValueProvider valueProvider, ParameterDescriptor parameter, ModelMetadata metadata, Object value, Object container)
   at Microsoft.AspNetCore.Mvc.Controllers.ControllerBinderDelegateProvider.<>c__DisplayClass0_0.<<CreateBinderDelegate>g__Bind|0>d.MoveNext()
--- End of stack trace from previous location ---
   at Microsoft.AspNetCore.Mvc.Infrastructure.ControllerActionInvoker.<InvokeInnerFilterAsync>g__Awaited|13_0(ControllerActionInvoker invoker, Task lastTask, State next, Scope scope, Object state, Boolean isCompleted)
   at Microsoft.AspNetCore.Mvc.Infrastructure.ResourceInvoker.<InvokeFilterPipelineAsync>g__Awaited|20_0(ResourceInvoker invoker, Task lastTask, State next, Scope scope, Object state, Boolean isCompleted)
   at Microsoft.AspNetCore.Mvc.Infrastructure.ResourceInvoker.<InvokeAsync>g__Awaited|17_0(ResourceInvoker invoker, Task task, IDisposable scope)
   at Microsoft.AspNetCore.Mvc.Infrastructure.ResourceInvoker.<InvokeAsync>g__Awaited|17_0(ResourceInvoker invoker, Task task, IDisposable scope)
   at Microsoft.AspNetCore.Authorization.AuthorizationMiddleware.Invoke(HttpContext context)
   at Swashbuckle.AspNetCore.SwaggerUI.SwaggerUIMiddleware.Invoke(HttpContext httpContext)
   at Swashbuckle.AspNetCore.Swagger.SwaggerMiddleware.Invoke(HttpContext httpContext, ISwaggerProvider swaggerProvider)
   at Microsoft.AspNetCore.Authentication.AuthenticationMiddleware.Invoke(HttpContext context)
   at Microsoft.AspNetCore.Diagnostics.DeveloperExceptionPageMiddlewareImpl.Invoke(HttpContext context)
2024-09-30 17:20:15.487 +07:00 [WRN] Sensitive data logging is enabled. Log entries and exception messages may include sensitive application data; this mode should only be enabled during development.
2024-09-30 17:20:16.108 +07:00 [INF] Executed DbCommand (26ms) [Parameters=[@__p_0='63c4623d-58a6-4a6d-9d3f-7c789a1446af' (Nullable = true)], CommandType='"Text"', CommandTimeout='30']
SELECT TOP(1) [c].[Id], [c].[CreatedAt], [c].[CreatedBy], [c].[Description], [c].[Name], [c].[UpdatedAt], [c].[UpdatedBy]
FROM [Categories] AS [c]
WHERE [c].[Id] = @__p_0
2024-09-30 17:20:16.275 +07:00 [INF] Executed DbCommand (2ms) [Parameters=[@p0='50067002-59ec-4825-876e-831becc05d0a', @p1='63c4623d-58a6-4a6d-9d3f-7c789a1446af', @p2=NULL (DbType = DateTime2), @p3=NULL (Size = 4000), @p4='string' (Size = 4000), @p5='' (Size = 4000), @p6='True', @p7='test 2' (Nullable = false) (Size = 4000), @p8='10' (Precision = 18) (Scale = 2), @p9='10', @p10=NULL (DbType = DateTime2), @p11=NULL (Size = 4000)], CommandType='"Text"', CommandTimeout='30']
SET IMPLICIT_TRANSACTIONS OFF;
SET NOCOUNT ON;
INSERT INTO [Products] ([Id], [CategoryId], [CreatedAt], [CreatedBy], [Description], [Image], [IsRental], [Name], [Price], [Stock], [UpdatedAt], [UpdatedBy])
VALUES (@p0, @p1, @p2, @p3, @p4, @p5, @p6, @p7, @p8, @p9, @p10, @p11);
2024-09-30 17:26:38.320 +07:00 [WRN] Sensitive data logging is enabled. Log entries and exception messages may include sensitive application data; this mode should only be enabled during development.
2024-09-30 17:26:39.020 +07:00 [INF] Executed DbCommand (27ms) [Parameters=[@__p_0='63c4623d-58a6-4a6d-9d3f-7c789a1446af' (Nullable = true)], CommandType='"Text"', CommandTimeout='30']
SELECT TOP(1) [c].[Id], [c].[CreatedAt], [c].[CreatedBy], [c].[Description], [c].[Name], [c].[UpdatedAt], [c].[UpdatedBy]
FROM [Categories] AS [c]
WHERE [c].[Id] = @__p_0
2024-09-30 17:26:39.191 +07:00 [INF] Executed DbCommand (5ms) [Parameters=[@p0='a8167ad3-d775-4f98-b207-8f1a6d877076', @p1='63c4623d-58a6-4a6d-9d3f-7c789a1446af', @p2=NULL (DbType = DateTime2), @p3=NULL (Size = 4000), @p4='' (Size = 4000), @p5='' (Size = 4000), @p6='True', @p7='test3' (Nullable = false) (Size = 4000), @p8='10' (Precision = 18) (Scale = 2), @p9='10', @p10=NULL (DbType = DateTime2), @p11=NULL (Size = 4000)], CommandType='"Text"', CommandTimeout='30']
SET IMPLICIT_TRANSACTIONS OFF;
SET NOCOUNT ON;
INSERT INTO [Products] ([Id], [CategoryId], [CreatedAt], [CreatedBy], [Description], [Image], [IsRental], [Name], [Price], [Stock], [UpdatedAt], [UpdatedBy])
VALUES (@p0, @p1, @p2, @p3, @p4, @p5, @p6, @p7, @p8, @p9, @p10, @p11);
2024-09-30 17:26:39.299 +07:00 [ERR] An unhandled exception has occurred while executing the request.
AutoMapper.AutoMapperMappingException: Error mapping types.

Mapping types:
Product -> ProductResponse
FashionNest.Domain.Entities.Product -> FashionNest.Application.Features.Products.Commands.CreateProduct.ProductResponse

Type Map configuration:
Product -> ProductResponse
FashionNest.Domain.Entities.Product -> FashionNest.Application.Features.Products.Commands.CreateProduct.ProductResponse

Destination Member:
Void .ctor(System.Guid, System.String, System.String, System.Decimal, Int32, System.String, Boolean, FashionNest.Application.Features.Products.Commands.CreateProduct.CategoryResponse), parameter Id

 ---> AutoMapper.AutoMapperMappingException: Missing type map configuration or unsupported mapping.

Mapping types:
ProductId -> Guid
FashionNest.Domain.ValueObjects.ProductId -> System.Guid

Destination Member:
Void .ctor(System.Guid, System.String, System.String, System.Decimal, Int32, System.String, Boolean, FashionNest.Application.Features.Products.Commands.CreateProduct.CategoryResponse), parameter Id

   at lambda_method258(Closure, ProductId, Guid, ResolutionContext)
   at lambda_method257(Closure, Object, ProductResponse, ResolutionContext)
   --- End of inner exception stack trace ---
   at lambda_method257(Closure, Object, ProductResponse, ResolutionContext)
   at FashionNest.Application.Features.Products.Commands.CreateProduct.CreateProductCommandHandler.Handle(CreateProductCommand request, CancellationToken cancellationToken) in D:\NgocLinhHome\C_sharp\workspace\FashionNest\src\FashionNest.Application\Features\Products\Commands\CreateProduct\CreateProductCommandHandler.cs:line 40
   at FashionNest.API.Controllers.ProductController.Create(CreateProductCommand request) in D:\NgocLinhHome\C_sharp\workspace\FashionNest\src\FashionNest.API\Controllers\ProductController.cs:line 21
   at Microsoft.AspNetCore.Mvc.Infrastructure.ActionMethodExecutor.TaskOfIActionResultExecutor.Execute(ActionContext actionContext, IActionResultTypeMapper mapper, ObjectMethodExecutor executor, Object controller, Object[] arguments)
   at Microsoft.AspNetCore.Mvc.Infrastructure.ControllerActionInvoker.<InvokeActionMethodAsync>g__Awaited|12_0(ControllerActionInvoker invoker, ValueTask`1 actionResultValueTask)
   at Microsoft.AspNetCore.Mvc.Infrastructure.ControllerActionInvoker.<InvokeNextActionFilterAsync>g__Awaited|10_0(ControllerActionInvoker invoker, Task lastTask, State next, Scope scope, Object state, Boolean isCompleted)
   at Microsoft.AspNetCore.Mvc.Infrastructure.ControllerActionInvoker.Rethrow(ActionExecutedContextSealed context)
   at Microsoft.AspNetCore.Mvc.Infrastructure.ControllerActionInvoker.Next(State& next, Scope& scope, Object& state, Boolean& isCompleted)
   at Microsoft.AspNetCore.Mvc.Infrastructure.ControllerActionInvoker.InvokeInnerFilterAsync()
--- End of stack trace from previous location ---
   at Microsoft.AspNetCore.Mvc.Infrastructure.ResourceInvoker.<InvokeFilterPipelineAsync>g__Awaited|20_0(ResourceInvoker invoker, Task lastTask, State next, Scope scope, Object state, Boolean isCompleted)
   at Microsoft.AspNetCore.Mvc.Infrastructure.ResourceInvoker.<InvokeAsync>g__Awaited|17_0(ResourceInvoker invoker, Task task, IDisposable scope)
   at Microsoft.AspNetCore.Mvc.Infrastructure.ResourceInvoker.<InvokeAsync>g__Awaited|17_0(ResourceInvoker invoker, Task task, IDisposable scope)
   at Microsoft.AspNetCore.Authorization.AuthorizationMiddleware.Invoke(HttpContext context)
   at Swashbuckle.AspNetCore.SwaggerUI.SwaggerUIMiddleware.Invoke(HttpContext httpContext)
   at Swashbuckle.AspNetCore.Swagger.SwaggerMiddleware.Invoke(HttpContext httpContext, ISwaggerProvider swaggerProvider)
   at Microsoft.AspNetCore.Authentication.AuthenticationMiddleware.Invoke(HttpContext context)
   at Microsoft.AspNetCore.Diagnostics.DeveloperExceptionPageMiddlewareImpl.Invoke(HttpContext context)
2024-09-30 17:34:13.446 +07:00 [WRN] Sensitive data logging is enabled. Log entries and exception messages may include sensitive application data; this mode should only be enabled during development.
2024-09-30 17:34:14.066 +07:00 [INF] Executed DbCommand (26ms) [Parameters=[@__p_0='50067002-59ec-4825-876e-831becc05d0a' (Nullable = true)], CommandType='"Text"', CommandTimeout='30']
SELECT TOP(1) [p].[Id], [p].[CategoryId], [p].[CreatedAt], [p].[CreatedBy], [p].[Description], [p].[Image], [p].[IsRental], [p].[Name], [p].[Price], [p].[Stock], [p].[UpdatedAt], [p].[UpdatedBy]
FROM [Products] AS [p]
WHERE [p].[Id] = @__p_0
2024-09-30 17:34:14.211 +07:00 [INF] Executed DbCommand (5ms) [Parameters=[@p0='50067002-59ec-4825-876e-831becc05d0a'], CommandType='"Text"', CommandTimeout='30']
SET IMPLICIT_TRANSACTIONS OFF;
SET NOCOUNT ON;
DELETE FROM [Products]
OUTPUT 1
WHERE [Id] = @p0;
