2024-11-06 00:01:59.218 +07:00 [WRN] Sensitive data logging is enabled. Log entries and exception messages may include sensitive application data; this mode should only be enabled during development.
2024-11-06 00:01:59.300 +07:00 [WRN] The 'OrderStatus' property 'Status' on entity type 'Order' is configured with a database-generated default, but has no configured sentinel value. The database-generated default will always be used for inserts when the property has the value '0', since this is the CLR default for the 'OrderStatus' type. Consider using a nullable type, using a nullable backing field, or setting the sentinel value for the property to ensure the database default is used when, and only when, appropriate. See https://aka.ms/efcore-docs-default-values for more information.
2024-11-06 00:01:59.950 +07:00 [INF] Executed DbCommand (39ms) [Parameters=[@__p_0='7a383689-d248-4916-a48e-6b107c7b5042' (Nullable = true)], CommandType='"Text"', CommandTimeout='30']
SELECT TOP(1) [c].[Id], [c].[CreatedAt], [c].[Description], [c].[Name], [c].[UpdatedAt]
FROM [Categories] AS [c]
WHERE [c].[Id] = @__p_0
2024-11-06 00:02:00.044 +07:00 [INF] Executed DbCommand (5ms) [Parameters=[@__request_Name_0='a' (Size = 4000)], CommandType='"Text"', CommandTimeout='30']
SELECT [c].[Id], [c].[CreatedAt], [c].[Description], [c].[Name], [c].[UpdatedAt]
FROM [Categories] AS [c]
WHERE [c].[Name] = @__request_Name_0
2024-11-06 00:02:00.598 +07:00 [ERR] An unhandled exception has occurred while executing the request.
System.InvalidOperationException: The value of a failure result can not be accessed.
   at FashionNest.Domain.Common.Result`1.get_Value() in D:\NgocLinhHome\C_sharp\workspace\FashionNest\src\FashionNest.Domain\Common\Result.cs:line 52
   at System.Text.Json.Serialization.Metadata.JsonPropertyInfo`1.GetMemberAndWriteJson(Object obj, WriteStack& state, Utf8JsonWriter writer)
   at System.Text.Json.Serialization.Converters.ObjectDefaultConverter`1.OnTryWrite(Utf8JsonWriter writer, T value, JsonSerializerOptions options, WriteStack& state)
   at System.Text.Json.Serialization.JsonConverter`1.TryWrite(Utf8JsonWriter writer, T& value, JsonSerializerOptions options, WriteStack& state)
   at System.Text.Json.Serialization.JsonConverter`1.WriteCore(Utf8JsonWriter writer, T& value, JsonSerializerOptions options, WriteStack& state)
   at System.Text.Json.Serialization.Metadata.JsonTypeInfo`1.SerializeAsync(PipeWriter pipeWriter, T rootValue, Int32 flushThreshold, CancellationToken cancellationToken, Object rootValueBoxed)
   at System.Text.Json.Serialization.Metadata.JsonTypeInfo`1.SerializeAsync(PipeWriter pipeWriter, T rootValue, Int32 flushThreshold, CancellationToken cancellationToken, Object rootValueBoxed)
   at System.Text.Json.Serialization.Metadata.JsonTypeInfo`1.SerializeAsync(PipeWriter pipeWriter, T rootValue, Int32 flushThreshold, CancellationToken cancellationToken, Object rootValueBoxed)
   at Microsoft.AspNetCore.Mvc.Formatters.SystemTextJsonOutputFormatter.WriteResponseBodyAsync(OutputFormatterWriteContext context, Encoding selectedEncoding)
   at Microsoft.AspNetCore.Mvc.Infrastructure.ResourceInvoker.<InvokeNextResultFilterAsync>g__Awaited|30_0[TFilter,TFilterAsync](ResourceInvoker invoker, Task lastTask, State next, Scope scope, Object state, Boolean isCompleted)
   at Microsoft.AspNetCore.Mvc.Infrastructure.ResourceInvoker.Rethrow(ResultExecutedContextSealed context)
   at Microsoft.AspNetCore.Mvc.Infrastructure.ResourceInvoker.ResultNext[TFilter,TFilterAsync](State& next, Scope& scope, Object& state, Boolean& isCompleted)
   at Microsoft.AspNetCore.Mvc.Infrastructure.ResourceInvoker.InvokeResultFilters()
--- End of stack trace from previous location ---
   at Microsoft.AspNetCore.Mvc.Infrastructure.ResourceInvoker.<InvokeFilterPipelineAsync>g__Awaited|20_0(ResourceInvoker invoker, Task lastTask, State next, Scope scope, Object state, Boolean isCompleted)
   at Microsoft.AspNetCore.Mvc.Infrastructure.ResourceInvoker.<InvokeAsync>g__Awaited|17_0(ResourceInvoker invoker, Task task, IDisposable scope)
   at Microsoft.AspNetCore.Mvc.Infrastructure.ResourceInvoker.<InvokeAsync>g__Awaited|17_0(ResourceInvoker invoker, Task task, IDisposable scope)
   at Microsoft.AspNetCore.Authorization.AuthorizationMiddleware.Invoke(HttpContext context)
   at Microsoft.AspNetCore.Authentication.AuthenticationMiddleware.Invoke(HttpContext context)
   at Microsoft.AspNetCore.Diagnostics.ExceptionHandlerMiddlewareImpl.<Invoke>g__Awaited|10_0(ExceptionHandlerMiddlewareImpl middleware, HttpContext context, Task task)
2024-11-06 00:02:00.841 +07:00 [ERR] An unhandled exception has occurred while executing the request.
System.InvalidOperationException: The exception handler configured on ExceptionHandlerOptions produced a 404 status response. This InvalidOperationException containing the original exception was thrown since this is often due to a misconfigured ExceptionHandlingPath. If the exception handler is expected to return 404 status responses then set AllowStatusCode404Response to true.
 ---> System.InvalidOperationException: The value of a failure result can not be accessed.
   at FashionNest.Domain.Common.Result`1.get_Value() in D:\NgocLinhHome\C_sharp\workspace\FashionNest\src\FashionNest.Domain\Common\Result.cs:line 52
   at System.Text.Json.Serialization.Metadata.JsonPropertyInfo`1.GetMemberAndWriteJson(Object obj, WriteStack& state, Utf8JsonWriter writer)
   at System.Text.Json.Serialization.Converters.ObjectDefaultConverter`1.OnTryWrite(Utf8JsonWriter writer, T value, JsonSerializerOptions options, WriteStack& state)
   at System.Text.Json.Serialization.JsonConverter`1.TryWrite(Utf8JsonWriter writer, T& value, JsonSerializerOptions options, WriteStack& state)
   at System.Text.Json.Serialization.JsonConverter`1.WriteCore(Utf8JsonWriter writer, T& value, JsonSerializerOptions options, WriteStack& state)
   at System.Text.Json.Serialization.Metadata.JsonTypeInfo`1.SerializeAsync(PipeWriter pipeWriter, T rootValue, Int32 flushThreshold, CancellationToken cancellationToken, Object rootValueBoxed)
   at System.Text.Json.Serialization.Metadata.JsonTypeInfo`1.SerializeAsync(PipeWriter pipeWriter, T rootValue, Int32 flushThreshold, CancellationToken cancellationToken, Object rootValueBoxed)
   at System.Text.Json.Serialization.Metadata.JsonTypeInfo`1.SerializeAsync(PipeWriter pipeWriter, T rootValue, Int32 flushThreshold, CancellationToken cancellationToken, Object rootValueBoxed)
   at Microsoft.AspNetCore.Mvc.Formatters.SystemTextJsonOutputFormatter.WriteResponseBodyAsync(OutputFormatterWriteContext context, Encoding selectedEncoding)
   at Microsoft.AspNetCore.Mvc.Infrastructure.ResourceInvoker.<InvokeNextResultFilterAsync>g__Awaited|30_0[TFilter,TFilterAsync](ResourceInvoker invoker, Task lastTask, State next, Scope scope, Object state, Boolean isCompleted)
   at Microsoft.AspNetCore.Mvc.Infrastructure.ResourceInvoker.Rethrow(ResultExecutedContextSealed context)
   at Microsoft.AspNetCore.Mvc.Infrastructure.ResourceInvoker.ResultNext[TFilter,TFilterAsync](State& next, Scope& scope, Object& state, Boolean& isCompleted)
   at Microsoft.AspNetCore.Mvc.Infrastructure.ResourceInvoker.InvokeResultFilters()
--- End of stack trace from previous location ---
   at Microsoft.AspNetCore.Mvc.Infrastructure.ResourceInvoker.<InvokeFilterPipelineAsync>g__Awaited|20_0(ResourceInvoker invoker, Task lastTask, State next, Scope scope, Object state, Boolean isCompleted)
   at Microsoft.AspNetCore.Mvc.Infrastructure.ResourceInvoker.<InvokeAsync>g__Awaited|17_0(ResourceInvoker invoker, Task task, IDisposable scope)
   at Microsoft.AspNetCore.Mvc.Infrastructure.ResourceInvoker.<InvokeAsync>g__Awaited|17_0(ResourceInvoker invoker, Task task, IDisposable scope)
   at Microsoft.AspNetCore.Authorization.AuthorizationMiddleware.Invoke(HttpContext context)
   at Microsoft.AspNetCore.Authentication.AuthenticationMiddleware.Invoke(HttpContext context)
   at Microsoft.AspNetCore.Diagnostics.ExceptionHandlerMiddlewareImpl.<Invoke>g__Awaited|10_0(ExceptionHandlerMiddlewareImpl middleware, HttpContext context, Task task)
   --- End of inner exception stack trace ---
   at Microsoft.AspNetCore.Diagnostics.ExceptionHandlerMiddlewareImpl.HandleException(HttpContext context, ExceptionDispatchInfo edi)
   at Microsoft.AspNetCore.Diagnostics.ExceptionHandlerMiddlewareImpl.<Invoke>g__Awaited|10_0(ExceptionHandlerMiddlewareImpl middleware, HttpContext context, Task task)
   at Swashbuckle.AspNetCore.SwaggerUI.SwaggerUIMiddleware.Invoke(HttpContext httpContext)
   at Swashbuckle.AspNetCore.Swagger.SwaggerMiddleware.Invoke(HttpContext httpContext, ISwaggerProvider swaggerProvider)
   at Microsoft.AspNetCore.Diagnostics.DeveloperExceptionPageMiddlewareImpl.Invoke(HttpContext context)
2024-11-06 00:05:06.941 +07:00 [WRN] Sensitive data logging is enabled. Log entries and exception messages may include sensitive application data; this mode should only be enabled during development.
2024-11-06 00:05:07.022 +07:00 [WRN] The 'OrderStatus' property 'Status' on entity type 'Order' is configured with a database-generated default, but has no configured sentinel value. The database-generated default will always be used for inserts when the property has the value '0', since this is the CLR default for the 'OrderStatus' type. Consider using a nullable type, using a nullable backing field, or setting the sentinel value for the property to ensure the database default is used when, and only when, appropriate. See https://aka.ms/efcore-docs-default-values for more information.
2024-11-06 00:05:07.645 +07:00 [INF] Executed DbCommand (39ms) [Parameters=[@__p_0='7a383689-d248-4916-a48e-6b107c7b5042' (Nullable = true)], CommandType='"Text"', CommandTimeout='30']
SELECT TOP(1) [c].[Id], [c].[CreatedAt], [c].[Description], [c].[Name], [c].[UpdatedAt]
FROM [Categories] AS [c]
WHERE [c].[Id] = @__p_0
2024-11-06 00:05:07.740 +07:00 [INF] Executed DbCommand (6ms) [Parameters=[@__request_Name_0='a' (Size = 4000)], CommandType='"Text"', CommandTimeout='30']
SELECT [c].[Id], [c].[CreatedAt], [c].[Description], [c].[Name], [c].[UpdatedAt]
FROM [Categories] AS [c]
WHERE [c].[Name] = @__request_Name_0
2024-11-06 00:05:43.813 +07:00 [INF] Executed DbCommand (2ms) [Parameters=[@__p_0='7a383689-d248-4916-a48e-6b107c7b5042' (Nullable = true)], CommandType='"Text"', CommandTimeout='30']
SELECT TOP(1) [c].[Id], [c].[CreatedAt], [c].[Description], [c].[Name], [c].[UpdatedAt]
FROM [Categories] AS [c]
WHERE [c].[Id] = @__p_0
2024-11-06 00:05:43.818 +07:00 [INF] Executed DbCommand (1ms) [Parameters=[@__request_Name_0='1' (Size = 4000)], CommandType='"Text"', CommandTimeout='30']
SELECT [c].[Id], [c].[CreatedAt], [c].[Description], [c].[Name], [c].[UpdatedAt]
FROM [Categories] AS [c]
WHERE [c].[Name] = @__request_Name_0
2024-11-06 00:05:43.890 +07:00 [INF] Executed DbCommand (2ms) [Parameters=[@p4='7a383689-d248-4916-a48e-6b107c7b5042', @p0='2024-11-05T23:52:30.0956474', @p1='1' (Nullable = false) (Size = 4000), @p2='1' (Nullable = false) (Size = 4000), @p3='2024-11-06T00:05:43.8208169+07:00' (Nullable = true)], CommandType='"Text"', CommandTimeout='30']
SET IMPLICIT_TRANSACTIONS OFF;
SET NOCOUNT ON;
UPDATE [Categories] SET [CreatedAt] = @p0, [Description] = @p1, [Name] = @p2, [UpdatedAt] = @p3
OUTPUT 1
WHERE [Id] = @p4;
2024-11-06 00:05:48.627 +07:00 [INF] Executed DbCommand (2ms) [Parameters=[@__p_0='7a383689-d248-4916-a48e-6b107c7b5042' (Nullable = true)], CommandType='"Text"', CommandTimeout='30']
SELECT TOP(1) [c].[Id], [c].[CreatedAt], [c].[Description], [c].[Name], [c].[UpdatedAt]
FROM [Categories] AS [c]
WHERE [c].[Id] = @__p_0
2024-11-06 00:05:48.632 +07:00 [INF] Executed DbCommand (1ms) [Parameters=[@__request_Name_0='1' (Size = 4000)], CommandType='"Text"', CommandTimeout='30']
SELECT [c].[Id], [c].[CreatedAt], [c].[Description], [c].[Name], [c].[UpdatedAt]
FROM [Categories] AS [c]
WHERE [c].[Name] = @__request_Name_0
2024-11-06 00:05:56.049 +07:00 [INF] Executed DbCommand (2ms) [Parameters=[@__p_0='7a383689-d248-4916-a48e-6b107c7b5042' (Nullable = true)], CommandType='"Text"', CommandTimeout='30']
SELECT TOP(1) [c].[Id], [c].[CreatedAt], [c].[Description], [c].[Name], [c].[UpdatedAt]
FROM [Categories] AS [c]
WHERE [c].[Id] = @__p_0
2024-11-06 00:05:56.054 +07:00 [INF] Executed DbCommand (1ms) [Parameters=[@__request_Name_0='1' (Size = 4000)], CommandType='"Text"', CommandTimeout='30']
SELECT [c].[Id], [c].[CreatedAt], [c].[Description], [c].[Name], [c].[UpdatedAt]
FROM [Categories] AS [c]
WHERE [c].[Name] = @__request_Name_0
2024-11-06 00:05:56.646 +07:00 [INF] Executed DbCommand (2ms) [Parameters=[@__p_0='7a383689-d248-4916-a48e-6b107c7b5042' (Nullable = true)], CommandType='"Text"', CommandTimeout='30']
SELECT TOP(1) [c].[Id], [c].[CreatedAt], [c].[Description], [c].[Name], [c].[UpdatedAt]
FROM [Categories] AS [c]
WHERE [c].[Id] = @__p_0
2024-11-06 00:05:56.651 +07:00 [INF] Executed DbCommand (1ms) [Parameters=[@__request_Name_0='1' (Size = 4000)], CommandType='"Text"', CommandTimeout='30']
SELECT [c].[Id], [c].[CreatedAt], [c].[Description], [c].[Name], [c].[UpdatedAt]
FROM [Categories] AS [c]
WHERE [c].[Name] = @__request_Name_0
2024-11-06 00:05:57.087 +07:00 [INF] Executed DbCommand (2ms) [Parameters=[@__p_0='7a383689-d248-4916-a48e-6b107c7b5042' (Nullable = true)], CommandType='"Text"', CommandTimeout='30']
SELECT TOP(1) [c].[Id], [c].[CreatedAt], [c].[Description], [c].[Name], [c].[UpdatedAt]
FROM [Categories] AS [c]
WHERE [c].[Id] = @__p_0
2024-11-06 00:05:57.096 +07:00 [INF] Executed DbCommand (2ms) [Parameters=[@__request_Name_0='1' (Size = 4000)], CommandType='"Text"', CommandTimeout='30']
SELECT [c].[Id], [c].[CreatedAt], [c].[Description], [c].[Name], [c].[UpdatedAt]
FROM [Categories] AS [c]
WHERE [c].[Name] = @__request_Name_0
2024-11-06 00:05:57.217 +07:00 [INF] Executed DbCommand (2ms) [Parameters=[@__p_0='7a383689-d248-4916-a48e-6b107c7b5042' (Nullable = true)], CommandType='"Text"', CommandTimeout='30']
SELECT TOP(1) [c].[Id], [c].[CreatedAt], [c].[Description], [c].[Name], [c].[UpdatedAt]
FROM [Categories] AS [c]
WHERE [c].[Id] = @__p_0
2024-11-06 00:05:57.223 +07:00 [INF] Executed DbCommand (1ms) [Parameters=[@__request_Name_0='1' (Size = 4000)], CommandType='"Text"', CommandTimeout='30']
SELECT [c].[Id], [c].[CreatedAt], [c].[Description], [c].[Name], [c].[UpdatedAt]
FROM [Categories] AS [c]
WHERE [c].[Name] = @__request_Name_0
2024-11-06 00:05:57.484 +07:00 [INF] Executed DbCommand (2ms) [Parameters=[@__p_0='7a383689-d248-4916-a48e-6b107c7b5042' (Nullable = true)], CommandType='"Text"', CommandTimeout='30']
SELECT TOP(1) [c].[Id], [c].[CreatedAt], [c].[Description], [c].[Name], [c].[UpdatedAt]
FROM [Categories] AS [c]
WHERE [c].[Id] = @__p_0
2024-11-06 00:05:57.493 +07:00 [INF] Executed DbCommand (1ms) [Parameters=[@__request_Name_0='1' (Size = 4000)], CommandType='"Text"', CommandTimeout='30']
SELECT [c].[Id], [c].[CreatedAt], [c].[Description], [c].[Name], [c].[UpdatedAt]
FROM [Categories] AS [c]
WHERE [c].[Name] = @__request_Name_0
2024-11-06 00:09:17.610 +07:00 [WRN] Sensitive data logging is enabled. Log entries and exception messages may include sensitive application data; this mode should only be enabled during development.
2024-11-06 00:09:17.687 +07:00 [WRN] The 'OrderStatus' property 'Status' on entity type 'Order' is configured with a database-generated default, but has no configured sentinel value. The database-generated default will always be used for inserts when the property has the value '0', since this is the CLR default for the 'OrderStatus' type. Consider using a nullable type, using a nullable backing field, or setting the sentinel value for the property to ensure the database default is used when, and only when, appropriate. See https://aka.ms/efcore-docs-default-values for more information.
2024-11-06 00:09:18.278 +07:00 [INF] Executed DbCommand (36ms) [Parameters=[@__p_0='7a383689-d248-4916-a48e-6b107c7b5042' (Nullable = true)], CommandType='"Text"', CommandTimeout='30']
SELECT TOP(1) [c].[Id], [c].[CreatedAt], [c].[Description], [c].[Name], [c].[UpdatedAt]
FROM [Categories] AS [c]
WHERE [c].[Id] = @__p_0
2024-11-06 00:09:18.367 +07:00 [INF] Executed DbCommand (6ms) [Parameters=[@__request_Name_0='1' (Size = 4000)], CommandType='"Text"', CommandTimeout='30']
SELECT [c].[Id], [c].[CreatedAt], [c].[Description], [c].[Name], [c].[UpdatedAt]
FROM [Categories] AS [c]
WHERE [c].[Name] = @__request_Name_0
2024-11-06 00:11:30.599 +07:00 [WRN] Sensitive data logging is enabled. Log entries and exception messages may include sensitive application data; this mode should only be enabled during development.
2024-11-06 00:11:30.669 +07:00 [WRN] The 'OrderStatus' property 'Status' on entity type 'Order' is configured with a database-generated default, but has no configured sentinel value. The database-generated default will always be used for inserts when the property has the value '0', since this is the CLR default for the 'OrderStatus' type. Consider using a nullable type, using a nullable backing field, or setting the sentinel value for the property to ensure the database default is used when, and only when, appropriate. See https://aka.ms/efcore-docs-default-values for more information.
2024-11-06 00:11:31.248 +07:00 [INF] Executed DbCommand (40ms) [Parameters=[@__p_0='7a383689-d248-4916-a48e-6b107c7b5042' (Nullable = true)], CommandType='"Text"', CommandTimeout='30']
SELECT TOP(1) [c].[Id], [c].[CreatedAt], [c].[Description], [c].[Name], [c].[UpdatedAt]
FROM [Categories] AS [c]
WHERE [c].[Id] = @__p_0
2024-11-06 00:11:31.331 +07:00 [INF] Executed DbCommand (6ms) [Parameters=[@__request_Name_0='1' (Size = 4000)], CommandType='"Text"', CommandTimeout='30']
SELECT [c].[Id], [c].[CreatedAt], [c].[Description], [c].[Name], [c].[UpdatedAt]
FROM [Categories] AS [c]
WHERE [c].[Name] = @__request_Name_0
2024-11-06 00:20:26.107 +07:00 [WRN] Sensitive data logging is enabled. Log entries and exception messages may include sensitive application data; this mode should only be enabled during development.
2024-11-06 00:20:26.186 +07:00 [WRN] The 'OrderStatus' property 'Status' on entity type 'Order' is configured with a database-generated default, but has no configured sentinel value. The database-generated default will always be used for inserts when the property has the value '0', since this is the CLR default for the 'OrderStatus' type. Consider using a nullable type, using a nullable backing field, or setting the sentinel value for the property to ensure the database default is used when, and only when, appropriate. See https://aka.ms/efcore-docs-default-values for more information.
2024-11-06 00:20:26.790 +07:00 [INF] Executed DbCommand (41ms) [Parameters=[@__p_0='7a383689-d248-4916-a48e-6b107c7b5042' (Nullable = true)], CommandType='"Text"', CommandTimeout='30']
SELECT TOP(1) [c].[Id], [c].[CreatedAt], [c].[Description], [c].[Name], [c].[UpdatedAt]
FROM [Categories] AS [c]
WHERE [c].[Id] = @__p_0
2024-11-06 00:20:26.874 +07:00 [INF] Executed DbCommand (6ms) [Parameters=[@__request_Name_0='2' (Size = 4000)], CommandType='"Text"', CommandTimeout='30']
SELECT [c].[Id], [c].[CreatedAt], [c].[Description], [c].[Name], [c].[UpdatedAt]
FROM [Categories] AS [c]
WHERE [c].[Name] = @__request_Name_0
2024-11-06 00:20:26.940 +07:00 [INF] Executed DbCommand (2ms) [Parameters=[@p4='7a383689-d248-4916-a48e-6b107c7b5042', @p0='2024-11-05T23:52:30.0956474', @p1='2' (Nullable = false) (Size = 4000), @p2='2' (Nullable = false) (Size = 4000), @p3='2024-11-06T00:20:26.8776035+07:00' (Nullable = true)], CommandType='"Text"', CommandTimeout='30']
SET IMPLICIT_TRANSACTIONS OFF;
SET NOCOUNT ON;
UPDATE [Categories] SET [CreatedAt] = @p0, [Description] = @p1, [Name] = @p2, [UpdatedAt] = @p3
OUTPUT 1
WHERE [Id] = @p4;
2024-11-06 00:20:28.862 +07:00 [INF] Executed DbCommand (2ms) [Parameters=[@__p_0='7a383689-d248-4916-a48e-6b107c7b5042' (Nullable = true)], CommandType='"Text"', CommandTimeout='30']
SELECT TOP(1) [c].[Id], [c].[CreatedAt], [c].[Description], [c].[Name], [c].[UpdatedAt]
FROM [Categories] AS [c]
WHERE [c].[Id] = @__p_0
2024-11-06 00:20:28.866 +07:00 [INF] Executed DbCommand (1ms) [Parameters=[@__request_Name_0='2' (Size = 4000)], CommandType='"Text"', CommandTimeout='30']
SELECT [c].[Id], [c].[CreatedAt], [c].[Description], [c].[Name], [c].[UpdatedAt]
FROM [Categories] AS [c]
WHERE [c].[Name] = @__request_Name_0
2024-11-06 00:51:26.323 +07:00 [WRN] Sensitive data logging is enabled. Log entries and exception messages may include sensitive application data; this mode should only be enabled during development.
2024-11-06 00:51:26.381 +07:00 [WRN] The 'OrderStatus' property 'Status' on entity type 'Order' is configured with a database-generated default, but has no configured sentinel value. The database-generated default will always be used for inserts when the property has the value '0', since this is the CLR default for the 'OrderStatus' type. Consider using a nullable type, using a nullable backing field, or setting the sentinel value for the property to ensure the database default is used when, and only when, appropriate. See https://aka.ms/efcore-docs-default-values for more information.
2024-11-06 00:51:32.222 +07:00 [WRN] Sensitive data logging is enabled. Log entries and exception messages may include sensitive application data; this mode should only be enabled during development.
2024-11-06 00:51:32.287 +07:00 [WRN] The 'OrderStatus' property 'Status' on entity type 'Order' is configured with a database-generated default, but has no configured sentinel value. The database-generated default will always be used for inserts when the property has the value '0', since this is the CLR default for the 'OrderStatus' type. Consider using a nullable type, using a nullable backing field, or setting the sentinel value for the property to ensure the database default is used when, and only when, appropriate. See https://aka.ms/efcore-docs-default-values for more information.
2024-11-06 00:51:32.519 +07:00 [INF] Executed DbCommand (13ms) [Parameters=[], CommandType='"Text"', CommandTimeout='30']
SELECT 1
2024-11-06 00:51:32.525 +07:00 [INF] Acquiring an exclusive lock for migration application. See https://aka.ms/efcore-docs-migrations-lock for more information if this takes too long.
2024-11-06 00:51:32.537 +07:00 [INF] Executed DbCommand (10ms) [Parameters=[], CommandType='"Text"', CommandTimeout='30']
DECLARE @result int;
EXEC @result = sp_getapplock @Resource = '__EFMigrationsLock', @LockOwner = 'Session', @LockMode = 'Exclusive';
SELECT @result
2024-11-06 00:51:32.540 +07:00 [INF] Executed DbCommand (1ms) [Parameters=[], CommandType='"Text"', CommandTimeout='30']
SELECT OBJECT_ID(N'[__EFMigrationsHistory]');
2024-11-06 00:51:32.541 +07:00 [INF] Executed DbCommand (0ms) [Parameters=[], CommandType='"Text"', CommandTimeout='30']
SELECT OBJECT_ID(N'[__EFMigrationsHistory]');
2024-11-06 00:51:32.548 +07:00 [INF] Executed DbCommand (1ms) [Parameters=[], CommandType='"Text"', CommandTimeout='30']
SELECT [MigrationId], [ProductVersion]
FROM [__EFMigrationsHistory]
ORDER BY [MigrationId];
2024-11-06 00:51:32.559 +07:00 [INF] Applying migration '20241105175126_UpdateOrderTable'.
2024-11-06 00:51:32.663 +07:00 [INF] Executed DbCommand (15ms) [Parameters=[], CommandType='"Text"', CommandTimeout='30']
DECLARE @var0 sysname;
SELECT @var0 = [d].[name]
FROM [sys].[default_constraints] [d]
INNER JOIN [sys].[columns] [c] ON [d].[parent_column_id] = [c].[column_id] AND [d].[parent_object_id] = [c].[object_id]
WHERE ([d].[parent_object_id] = OBJECT_ID(N'[Payments]') AND [c].[name] = N'CreatedAt');
IF @var0 IS NOT NULL EXEC(N'ALTER TABLE [Payments] DROP CONSTRAINT [' + @var0 + '];');
ALTER TABLE [Payments] ADD DEFAULT '2024-11-06T00:51:26.2514485+07:00' FOR [CreatedAt];
2024-11-06 00:51:32.664 +07:00 [INF] Executed DbCommand (1ms) [Parameters=[], CommandType='"Text"', CommandTimeout='30']
ALTER TABLE [Orders] ADD [DeleteDate] datetime2 NULL;
2024-11-06 00:51:32.667 +07:00 [INF] Executed DbCommand (3ms) [Parameters=[], CommandType='"Text"', CommandTimeout='30']
ALTER TABLE [Orders] ADD [IsDeleted] bit NOT NULL DEFAULT CAST(0 AS bit);
2024-11-06 00:51:32.668 +07:00 [INF] Executed DbCommand (1ms) [Parameters=[], CommandType='"Text"', CommandTimeout='30']
INSERT INTO [__EFMigrationsHistory] ([MigrationId], [ProductVersion])
VALUES (N'20241105175126_UpdateOrderTable', N'9.0.0-rc.1.24451.1');
2024-11-06 00:51:32.673 +07:00 [INF] Executed DbCommand (1ms) [Parameters=[], CommandType='"Text"', CommandTimeout='30']
DECLARE @result int;
EXEC @result = sp_releaseapplock @Resource = '__EFMigrationsLock', @LockOwner = 'Session';
SELECT @result
2024-11-06 00:52:53.693 +07:00 [WRN] Sensitive data logging is enabled. Log entries and exception messages may include sensitive application data; this mode should only be enabled during development.
2024-11-06 00:52:53.786 +07:00 [WRN] The 'OrderStatus' property 'Status' on entity type 'Order' is configured with a database-generated default, but has no configured sentinel value. The database-generated default will always be used for inserts when the property has the value '0', since this is the CLR default for the 'OrderStatus' type. Consider using a nullable type, using a nullable backing field, or setting the sentinel value for the property to ensure the database default is used when, and only when, appropriate. See https://aka.ms/efcore-docs-default-values for more information.
2024-11-06 00:52:54.533 +07:00 [INF] Executed DbCommand (47ms) [Parameters=[@__p_0='9aa9757d-1f7d-49d2-bc54-6417a4a32ca9' (Nullable = true)], CommandType='"Text"', CommandTimeout='30']
SELECT TOP(1) [o].[Id], [o].[CouponId], [o].[CreatedAt], [o].[DeleteDate], [o].[IsDeleted], [o].[OrderDate], [o].[PaymentId], [o].[Status], [o].[TotalPrice], [o].[UpdatedAt], [o].[UserId]
FROM [Orders] AS [o]
WHERE [o].[Id] = @__p_0
2024-11-06 00:52:54.725 +07:00 [INF] Executed DbCommand (8ms) [Parameters=[@p2='9aa9757d-1f7d-49d2-bc54-6417a4a32ca9', @p0='2024-11-05T17:52:54.6349835Z' (Nullable = true), @p1='True'], CommandType='"Text"', CommandTimeout='30']
SET IMPLICIT_TRANSACTIONS OFF;
SET NOCOUNT ON;
UPDATE [Orders] SET [DeleteDate] = @p0, [IsDeleted] = @p1
OUTPUT 1
WHERE [Id] = @p2;
2024-11-06 00:53:08.130 +07:00 [WRN] The query uses a row limiting operator ('Skip'/'Take') without an 'OrderBy' operator. This may lead to unpredictable results. If the 'Distinct' operator is used after 'OrderBy', then make sure to use the 'OrderBy' operator after 'Distinct' as the ordering would otherwise get erased.
2024-11-06 00:53:08.132 +07:00 [WRN] The query uses a row limiting operator ('Skip'/'Take') without an 'OrderBy' operator. This may lead to unpredictable results. If the 'Distinct' operator is used after 'OrderBy', then make sure to use the 'OrderBy' operator after 'Distinct' as the ordering would otherwise get erased.
2024-11-06 00:53:08.141 +07:00 [INF] Executed DbCommand (3ms) [Parameters=[@__p_0='0', @__p_1='10'], CommandType='"Text"', CommandTimeout='30']
SELECT [c].[Id], [c].[Code], [c].[CreatedAt], [c].[Description], [c].[DiscountAmount], [c].[ExpirationDate], [c].[IsActive], [c].[UpdatedAt]
FROM [Coupons] AS [c]
ORDER BY (SELECT 1)
OFFSET @__p_0 ROWS FETCH NEXT @__p_1 ROWS ONLY
2024-11-06 01:07:38.873 +07:00 [WRN] Sensitive data logging is enabled. Log entries and exception messages may include sensitive application data; this mode should only be enabled during development.
2024-11-06 01:07:38.946 +07:00 [WRN] The 'OrderStatus' property 'Status' on entity type 'Order' is configured with a database-generated default, but has no configured sentinel value. The database-generated default will always be used for inserts when the property has the value '0', since this is the CLR default for the 'OrderStatus' type. Consider using a nullable type, using a nullable backing field, or setting the sentinel value for the property to ensure the database default is used when, and only when, appropriate. See https://aka.ms/efcore-docs-default-values for more information.
2024-11-06 01:07:39.193 +07:00 [WRN] The query uses a row limiting operator ('Skip'/'Take') without an 'OrderBy' operator. This may lead to unpredictable results. If the 'Distinct' operator is used after 'OrderBy', then make sure to use the 'OrderBy' operator after 'Distinct' as the ordering would otherwise get erased.
2024-11-06 01:07:39.195 +07:00 [WRN] The query uses a row limiting operator ('Skip'/'Take') without an 'OrderBy' operator. This may lead to unpredictable results. If the 'Distinct' operator is used after 'OrderBy', then make sure to use the 'OrderBy' operator after 'Distinct' as the ordering would otherwise get erased.
2024-11-06 01:07:39.529 +07:00 [INF] Executed DbCommand (37ms) [Parameters=[@__p_0='0', @__p_1='10'], CommandType='"Text"', CommandTimeout='30']
SELECT [o].[Id], [o].[CouponId], [o].[CreatedAt], [o].[DeleteDate], [o].[IsDeleted], [o].[OrderDate], [o].[PaymentId], [o].[Status], [o].[TotalPrice], [o].[UpdatedAt], [o].[UserId]
FROM [Orders] AS [o]
ORDER BY (SELECT 1)
OFFSET @__p_0 ROWS FETCH NEXT @__p_1 ROWS ONLY
2024-11-06 01:09:21.047 +07:00 [WRN] Sensitive data logging is enabled. Log entries and exception messages may include sensitive application data; this mode should only be enabled during development.
2024-11-06 01:09:21.121 +07:00 [WRN] The 'OrderStatus' property 'Status' on entity type 'Order' is configured with a database-generated default, but has no configured sentinel value. The database-generated default will always be used for inserts when the property has the value '0', since this is the CLR default for the 'OrderStatus' type. Consider using a nullable type, using a nullable backing field, or setting the sentinel value for the property to ensure the database default is used when, and only when, appropriate. See https://aka.ms/efcore-docs-default-values for more information.
2024-11-06 01:09:21.348 +07:00 [WRN] The query uses a row limiting operator ('Skip'/'Take') without an 'OrderBy' operator. This may lead to unpredictable results. If the 'Distinct' operator is used after 'OrderBy', then make sure to use the 'OrderBy' operator after 'Distinct' as the ordering would otherwise get erased.
2024-11-06 01:09:21.350 +07:00 [WRN] The query uses a row limiting operator ('Skip'/'Take') without an 'OrderBy' operator. This may lead to unpredictable results. If the 'Distinct' operator is used after 'OrderBy', then make sure to use the 'OrderBy' operator after 'Distinct' as the ordering would otherwise get erased.
2024-11-06 01:09:21.706 +07:00 [INF] Executed DbCommand (38ms) [Parameters=[@__p_0='0', @__p_1='10'], CommandType='"Text"', CommandTimeout='30']
SELECT [o].[Id], [o].[CouponId], [o].[CreatedAt], [o].[DeleteDate], [o].[IsDeleted], [o].[OrderDate], [o].[PaymentId], [o].[Status], [o].[TotalPrice], [o].[UpdatedAt], [o].[UserId]
FROM [Orders] AS [o]
ORDER BY (SELECT 1)
OFFSET @__p_0 ROWS FETCH NEXT @__p_1 ROWS ONLY
2024-11-06 01:09:24.908 +07:00 [INF] Executed DbCommand (7ms) [Parameters=[@__p_0='0', @__p_1='2'], CommandType='"Text"', CommandTimeout='30']
SELECT [o].[Id], [o].[CouponId], [o].[CreatedAt], [o].[DeleteDate], [o].[IsDeleted], [o].[OrderDate], [o].[PaymentId], [o].[Status], [o].[TotalPrice], [o].[UpdatedAt], [o].[UserId]
FROM [Orders] AS [o]
ORDER BY (SELECT 1)
OFFSET @__p_0 ROWS FETCH NEXT @__p_1 ROWS ONLY
2024-11-06 01:09:34.921 +07:00 [INF] Executed DbCommand (3ms) [Parameters=[@__p_0='0', @__p_1='4'], CommandType='"Text"', CommandTimeout='30']
SELECT [o].[Id], [o].[CouponId], [o].[CreatedAt], [o].[DeleteDate], [o].[IsDeleted], [o].[OrderDate], [o].[PaymentId], [o].[Status], [o].[TotalPrice], [o].[UpdatedAt], [o].[UserId]
FROM [Orders] AS [o]
ORDER BY (SELECT 1)
OFFSET @__p_0 ROWS FETCH NEXT @__p_1 ROWS ONLY
