2024-10-03 18:27:24.150 +07:00 [WRN] Sensitive data logging is enabled. Log entries and exception messages may include sensitive application data; this mode should only be enabled during development.
2024-10-03 18:27:24.978 +07:00 [INF] Executed DbCommand (43ms) [Parameters=[@__email_0='mi@gmail.com' (Size = 450)], CommandType='"Text"', CommandTimeout='30']
SELECT TOP(1) [u].[Id], [u].[Address], [u].[Avatar], [u].[CreatedAt], [u].[CreatedBy], [u].[Email], [u].[IsActive], [u].[Name], [u].[Password], [u].[PhoneNumber], [u].[RoleId], [u].[UpdatedAt], [u].[UpdatedBy]
FROM [Users] AS [u]
WHERE [u].[Email] = @__email_0
2024-10-03 18:27:25.434 +07:00 [ERR] An unhandled exception has occurred while executing the request.
System.InvalidOperationException: Unable to track an entity of type 'User' because its primary key property 'Id' is null.
   at Microsoft.EntityFrameworkCore.ChangeTracking.Internal.NullableKeyIdentityMap`1.Add(InternalEntityEntry entry)
   at Microsoft.EntityFrameworkCore.ChangeTracking.Internal.StateManager.StartTracking(InternalEntityEntry entry)
   at Microsoft.EntityFrameworkCore.ChangeTracking.Internal.InternalEntityEntry.SetEntityState(EntityState oldState, EntityState newState, Boolean acceptChanges, Boolean modifyProperties)
   at Microsoft.EntityFrameworkCore.ChangeTracking.Internal.InternalEntityEntry.SetEntityStateAsync(EntityState entityState, Boolean acceptChanges, Boolean modifyProperties, Nullable`1 forceStateWhenUnknownKey, Nullable`1 fallbackState, CancellationToken cancellationToken)
   at Microsoft.EntityFrameworkCore.ChangeTracking.Internal.EntityGraphAttacher.PaintActionAsync(EntityEntryGraphNode`1 node, CancellationToken cancellationToken)
   at Microsoft.EntityFrameworkCore.ChangeTracking.Internal.EntityEntryGraphIterator.TraverseGraphAsync[TState](EntityEntryGraphNode`1 node, Func`3 handleNode, CancellationToken cancellationToken)
   at Microsoft.EntityFrameworkCore.ChangeTracking.Internal.EntityGraphAttacher.AttachGraphAsync(InternalEntityEntry rootEntry, EntityState targetState, EntityState storeGeneratedWithKeySetTargetState, Boolean forceStateWhenUnknownKey, CancellationToken cancellationToken)
   at Microsoft.EntityFrameworkCore.Internal.InternalDbSet`1.AddAsync(TEntity entity, CancellationToken cancellationToken)
   at FashionNest.Application.Repositories.GenericRepository`1.InsertAsync(TEntity entity) in D:\NgocLinhHome\C_sharp\workspace\FashionNest\src\FashionNest.Infrastructure\Repositories\GenericRepository.cs:line 49
   at FashionNest.Application.Features.Auth.Commands.Register.RegisterUserCommandHandler.Handle(RegisterUserCommand request, CancellationToken cancellationToken) in D:\NgocLinhHome\C_sharp\workspace\FashionNest\src\FashionNest.Application\Features\Auth\Commands\Register\RegisterUserCommandHandler.cs:line 20
   at FashionNest.API.Controllers.AuthController.Register(RegisterUserCommand query) in D:\NgocLinhHome\C_sharp\workspace\FashionNest\src\FashionNest.API\Controllers\AuthController.cs:line 30
   at Microsoft.AspNetCore.Mvc.Infrastructure.ActionMethodExecutor.TaskOfIActionResultExecutor.Execute(ActionContext actionContext, IActionResultTypeMapper mapper, ObjectMethodExecutor executor, Object controller, Object[] arguments)
   at Microsoft.AspNetCore.Mvc.Infrastructure.ControllerActionInvoker.<InvokeActionMethodAsync>g__Awaited|12_0(ControllerActionInvoker invoker, ValueTask`1 actionResultValueTask)
   at Microsoft.AspNetCore.Mvc.Infrastructure.ControllerActionInvoker.<InvokeNextActionFilterAsync>g__Awaited|10_0(ControllerActionInvoker invoker, Task lastTask, State next, Scope scope, Object state, Boolean isCompleted)
   at Microsoft.AspNetCore.Mvc.Infrastructure.ControllerActionInvoker.Rethrow(ActionExecutedContextSealed context)
   at Microsoft.AspNetCore.Mvc.Infrastructure.ControllerActionInvoker.Next(State& next, Scope& scope, Object& state, Boolean& isCompleted)
   at Microsoft.AspNetCore.Mvc.Infrastructure.ControllerActionInvoker.<InvokeInnerFilterAsync>g__Awaited|13_0(ControllerActionInvoker invoker, Task lastTask, State next, Scope scope, Object state, Boolean isCompleted)
   at Microsoft.AspNetCore.Mvc.Infrastructure.ResourceInvoker.<InvokeFilterPipelineAsync>g__Awaited|20_0(ResourceInvoker invoker, Task lastTask, State next, Scope scope, Object state, Boolean isCompleted)
   at Microsoft.AspNetCore.Mvc.Infrastructure.ResourceInvoker.<InvokeAsync>g__Awaited|17_0(ResourceInvoker invoker, Task task, IDisposable scope)
   at Microsoft.AspNetCore.Mvc.Infrastructure.ResourceInvoker.<InvokeAsync>g__Awaited|17_0(ResourceInvoker invoker, Task task, IDisposable scope)
   at Microsoft.AspNetCore.Authorization.AuthorizationMiddleware.Invoke(HttpContext context)
   at Microsoft.AspNetCore.Authentication.AuthenticationMiddleware.Invoke(HttpContext context)
   at Microsoft.AspNetCore.Diagnostics.ExceptionHandlerMiddlewareImpl.<Invoke>g__Awaited|10_0(ExceptionHandlerMiddlewareImpl middleware, HttpContext context, Task task)
2024-10-03 18:28:53.730 +07:00 [INF] Executed DbCommand (4ms) [Parameters=[@__email_0='mi@gmail.com' (Size = 450)], CommandType='"Text"', CommandTimeout='30']
SELECT TOP(1) [u].[Id], [u].[Address], [u].[Avatar], [u].[CreatedAt], [u].[CreatedBy], [u].[Email], [u].[IsActive], [u].[Name], [u].[Password], [u].[PhoneNumber], [u].[RoleId], [u].[UpdatedAt], [u].[UpdatedBy]
FROM [Users] AS [u]
WHERE [u].[Email] = @__email_0
2024-10-03 18:28:54.085 +07:00 [ERR] Failed executing DbCommand (12ms) [Parameters=[@p0='4c778e70-140f-4c63-90f1-f85d4e62fb04', @p1='HCM' (Nullable = false) (Size = 4000), @p2=NULL (Size = 4000), @p3=NULL (DbType = DateTime2), @p4=NULL (Size = 4000), @p5='mi@gmail.com' (Nullable = false) (Size = 450), @p6='False', @p7='Mi' (Nullable = false) (Size = 4000), @p8='$2a$11$amycWSC94glaPdVi11nmdekEq5o0tyCUWP7E81tnlwYpldnkaXtHG' (Nullable = false) (Size = 4000), @p9='0999199999' (Nullable = false) (Size = 4000), @p10=NULL (Nullable = false) (DbType = Guid), @p11=NULL (DbType = DateTime2), @p12=NULL (Size = 4000)], CommandType='"Text"', CommandTimeout='30']
SET IMPLICIT_TRANSACTIONS OFF;
SET NOCOUNT ON;
INSERT INTO [Users] ([Id], [Address], [Avatar], [CreatedAt], [CreatedBy], [Email], [IsActive], [Name], [Password], [PhoneNumber], [RoleId], [UpdatedAt], [UpdatedBy])
VALUES (@p0, @p1, @p2, @p3, @p4, @p5, @p6, @p7, @p8, @p9, @p10, @p11, @p12);
2024-10-03 18:28:54.102 +07:00 [ERR] An exception occurred in the database while saving changes for context type 'FashionNest.Infrastructure.Persistence.ApplicationDbContext'.
Microsoft.EntityFrameworkCore.DbUpdateException: An error occurred while saving the entity changes. See the inner exception for details.
 ---> Microsoft.Data.SqlClient.SqlException (0x80131904): Cannot insert the value NULL into column 'RoleId', table 'FashionNest.dbo.Users'; column does not allow nulls. INSERT fails.
The statement has been terminated.
   at Microsoft.Data.SqlClient.SqlCommand.<>c.<ExecuteDbDataReaderAsync>b__195_0(Task`1 result)
   at System.Threading.Tasks.ContinuationResultTaskFromResultTask`2.InnerInvoke()
   at System.Threading.ExecutionContext.RunInternal(ExecutionContext executionContext, ContextCallback callback, Object state)
--- End of stack trace from previous location ---
   at System.Threading.ExecutionContext.RunInternal(ExecutionContext executionContext, ContextCallback callback, Object state)
   at System.Threading.Tasks.Task.ExecuteWithThreadLocal(Task& currentTaskSlot, Thread threadPoolThread)
--- End of stack trace from previous location ---
   at Microsoft.EntityFrameworkCore.Storage.RelationalCommand.ExecuteReaderAsync(RelationalCommandParameterObject parameterObject, CancellationToken cancellationToken)
   at Microsoft.EntityFrameworkCore.Storage.RelationalCommand.ExecuteReaderAsync(RelationalCommandParameterObject parameterObject, CancellationToken cancellationToken)
   at Microsoft.EntityFrameworkCore.Update.ReaderModificationCommandBatch.ExecuteAsync(IRelationalConnection connection, CancellationToken cancellationToken)
ClientConnectionId:42b73902-6bf0-4f1a-b3c0-89b83ceca499
Error Number:515,State:2,Class:16
   --- End of inner exception stack trace ---
   at Microsoft.EntityFrameworkCore.Update.ReaderModificationCommandBatch.ExecuteAsync(IRelationalConnection connection, CancellationToken cancellationToken)
   at Microsoft.EntityFrameworkCore.SqlServer.Update.Internal.SqlServerModificationCommandBatch.ExecuteAsync(IRelationalConnection connection, CancellationToken cancellationToken)
   at Microsoft.EntityFrameworkCore.Update.Internal.BatchExecutor.ExecuteAsync(IEnumerable`1 commandBatches, IRelationalConnection connection, CancellationToken cancellationToken)
   at Microsoft.EntityFrameworkCore.Update.Internal.BatchExecutor.ExecuteAsync(IEnumerable`1 commandBatches, IRelationalConnection connection, CancellationToken cancellationToken)
   at Microsoft.EntityFrameworkCore.Update.Internal.BatchExecutor.ExecuteAsync(IEnumerable`1 commandBatches, IRelationalConnection connection, CancellationToken cancellationToken)
   at Microsoft.EntityFrameworkCore.Storage.RelationalDatabase.SaveChangesAsync(IList`1 entries, CancellationToken cancellationToken)
   at Microsoft.EntityFrameworkCore.ChangeTracking.Internal.StateManager.SaveChangesAsync(IList`1 entriesToSave, CancellationToken cancellationToken)
   at Microsoft.EntityFrameworkCore.ChangeTracking.Internal.StateManager.SaveChangesAsync(StateManager stateManager, Boolean acceptAllChangesOnSuccess, CancellationToken cancellationToken)
   at Microsoft.EntityFrameworkCore.SqlServer.Storage.Internal.SqlServerExecutionStrategy.ExecuteAsync[TState,TResult](TState state, Func`4 operation, Func`4 verifySucceeded, CancellationToken cancellationToken)
   at Microsoft.EntityFrameworkCore.DbContext.SaveChangesAsync(Boolean acceptAllChangesOnSuccess, CancellationToken cancellationToken)
Microsoft.EntityFrameworkCore.DbUpdateException: An error occurred while saving the entity changes. See the inner exception for details.
 ---> Microsoft.Data.SqlClient.SqlException (0x80131904): Cannot insert the value NULL into column 'RoleId', table 'FashionNest.dbo.Users'; column does not allow nulls. INSERT fails.
The statement has been terminated.
   at Microsoft.Data.SqlClient.SqlCommand.<>c.<ExecuteDbDataReaderAsync>b__195_0(Task`1 result)
   at System.Threading.Tasks.ContinuationResultTaskFromResultTask`2.InnerInvoke()
   at System.Threading.ExecutionContext.RunInternal(ExecutionContext executionContext, ContextCallback callback, Object state)
--- End of stack trace from previous location ---
   at System.Threading.ExecutionContext.RunInternal(ExecutionContext executionContext, ContextCallback callback, Object state)
   at System.Threading.Tasks.Task.ExecuteWithThreadLocal(Task& currentTaskSlot, Thread threadPoolThread)
--- End of stack trace from previous location ---
   at Microsoft.EntityFrameworkCore.Storage.RelationalCommand.ExecuteReaderAsync(RelationalCommandParameterObject parameterObject, CancellationToken cancellationToken)
   at Microsoft.EntityFrameworkCore.Storage.RelationalCommand.ExecuteReaderAsync(RelationalCommandParameterObject parameterObject, CancellationToken cancellationToken)
   at Microsoft.EntityFrameworkCore.Update.ReaderModificationCommandBatch.ExecuteAsync(IRelationalConnection connection, CancellationToken cancellationToken)
ClientConnectionId:42b73902-6bf0-4f1a-b3c0-89b83ceca499
Error Number:515,State:2,Class:16
   --- End of inner exception stack trace ---
   at Microsoft.EntityFrameworkCore.Update.ReaderModificationCommandBatch.ExecuteAsync(IRelationalConnection connection, CancellationToken cancellationToken)
   at Microsoft.EntityFrameworkCore.SqlServer.Update.Internal.SqlServerModificationCommandBatch.ExecuteAsync(IRelationalConnection connection, CancellationToken cancellationToken)
   at Microsoft.EntityFrameworkCore.Update.Internal.BatchExecutor.ExecuteAsync(IEnumerable`1 commandBatches, IRelationalConnection connection, CancellationToken cancellationToken)
   at Microsoft.EntityFrameworkCore.Update.Internal.BatchExecutor.ExecuteAsync(IEnumerable`1 commandBatches, IRelationalConnection connection, CancellationToken cancellationToken)
   at Microsoft.EntityFrameworkCore.Update.Internal.BatchExecutor.ExecuteAsync(IEnumerable`1 commandBatches, IRelationalConnection connection, CancellationToken cancellationToken)
   at Microsoft.EntityFrameworkCore.Storage.RelationalDatabase.SaveChangesAsync(IList`1 entries, CancellationToken cancellationToken)
   at Microsoft.EntityFrameworkCore.ChangeTracking.Internal.StateManager.SaveChangesAsync(IList`1 entriesToSave, CancellationToken cancellationToken)
   at Microsoft.EntityFrameworkCore.ChangeTracking.Internal.StateManager.SaveChangesAsync(StateManager stateManager, Boolean acceptAllChangesOnSuccess, CancellationToken cancellationToken)
   at Microsoft.EntityFrameworkCore.SqlServer.Storage.Internal.SqlServerExecutionStrategy.ExecuteAsync[TState,TResult](TState state, Func`4 operation, Func`4 verifySucceeded, CancellationToken cancellationToken)
   at Microsoft.EntityFrameworkCore.DbContext.SaveChangesAsync(Boolean acceptAllChangesOnSuccess, CancellationToken cancellationToken)
2024-10-03 18:28:54.266 +07:00 [ERR] An unhandled exception has occurred while executing the request.
Microsoft.EntityFrameworkCore.DbUpdateException: An error occurred while saving the entity changes. See the inner exception for details.
 ---> Microsoft.Data.SqlClient.SqlException (0x80131904): Cannot insert the value NULL into column 'RoleId', table 'FashionNest.dbo.Users'; column does not allow nulls. INSERT fails.
The statement has been terminated.
   at Microsoft.Data.SqlClient.SqlCommand.<>c.<ExecuteDbDataReaderAsync>b__195_0(Task`1 result)
   at System.Threading.Tasks.ContinuationResultTaskFromResultTask`2.InnerInvoke()
   at System.Threading.ExecutionContext.RunInternal(ExecutionContext executionContext, ContextCallback callback, Object state)
--- End of stack trace from previous location ---
   at System.Threading.ExecutionContext.RunInternal(ExecutionContext executionContext, ContextCallback callback, Object state)
   at System.Threading.Tasks.Task.ExecuteWithThreadLocal(Task& currentTaskSlot, Thread threadPoolThread)
--- End of stack trace from previous location ---
   at Microsoft.EntityFrameworkCore.Storage.RelationalCommand.ExecuteReaderAsync(RelationalCommandParameterObject parameterObject, CancellationToken cancellationToken)
   at Microsoft.EntityFrameworkCore.Storage.RelationalCommand.ExecuteReaderAsync(RelationalCommandParameterObject parameterObject, CancellationToken cancellationToken)
   at Microsoft.EntityFrameworkCore.Update.ReaderModificationCommandBatch.ExecuteAsync(IRelationalConnection connection, CancellationToken cancellationToken)
ClientConnectionId:42b73902-6bf0-4f1a-b3c0-89b83ceca499
Error Number:515,State:2,Class:16
   --- End of inner exception stack trace ---
   at Microsoft.EntityFrameworkCore.Update.ReaderModificationCommandBatch.ExecuteAsync(IRelationalConnection connection, CancellationToken cancellationToken)
   at Microsoft.EntityFrameworkCore.SqlServer.Update.Internal.SqlServerModificationCommandBatch.ExecuteAsync(IRelationalConnection connection, CancellationToken cancellationToken)
   at Microsoft.EntityFrameworkCore.Update.Internal.BatchExecutor.ExecuteAsync(IEnumerable`1 commandBatches, IRelationalConnection connection, CancellationToken cancellationToken)
   at Microsoft.EntityFrameworkCore.Update.Internal.BatchExecutor.ExecuteAsync(IEnumerable`1 commandBatches, IRelationalConnection connection, CancellationToken cancellationToken)
   at Microsoft.EntityFrameworkCore.Update.Internal.BatchExecutor.ExecuteAsync(IEnumerable`1 commandBatches, IRelationalConnection connection, CancellationToken cancellationToken)
   at Microsoft.EntityFrameworkCore.Storage.RelationalDatabase.SaveChangesAsync(IList`1 entries, CancellationToken cancellationToken)
   at Microsoft.EntityFrameworkCore.ChangeTracking.Internal.StateManager.SaveChangesAsync(IList`1 entriesToSave, CancellationToken cancellationToken)
   at Microsoft.EntityFrameworkCore.ChangeTracking.Internal.StateManager.SaveChangesAsync(StateManager stateManager, Boolean acceptAllChangesOnSuccess, CancellationToken cancellationToken)
   at Microsoft.EntityFrameworkCore.SqlServer.Storage.Internal.SqlServerExecutionStrategy.ExecuteAsync[TState,TResult](TState state, Func`4 operation, Func`4 verifySucceeded, CancellationToken cancellationToken)
   at Microsoft.EntityFrameworkCore.DbContext.SaveChangesAsync(Boolean acceptAllChangesOnSuccess, CancellationToken cancellationToken)
   at Microsoft.EntityFrameworkCore.DbContext.SaveChangesAsync(Boolean acceptAllChangesOnSuccess, CancellationToken cancellationToken)
   at FashionNest.Application.Repositories.GenericRepository`1.SaveAsync() in D:\NgocLinhHome\C_sharp\workspace\FashionNest\src\FashionNest.Infrastructure\Repositories\GenericRepository.cs:line 78
   at FashionNest.Application.Features.Auth.Commands.Register.RegisterUserCommandHandler.Handle(RegisterUserCommand request, CancellationToken cancellationToken)
   at FashionNest.API.Controllers.AuthController.Register(RegisterUserCommand query) in D:\NgocLinhHome\C_sharp\workspace\FashionNest\src\FashionNest.API\Controllers\AuthController.cs:line 30
   at Microsoft.AspNetCore.Mvc.Infrastructure.ActionMethodExecutor.TaskOfIActionResultExecutor.Execute(ActionContext actionContext, IActionResultTypeMapper mapper, ObjectMethodExecutor executor, Object controller, Object[] arguments)
   at Microsoft.AspNetCore.Mvc.Infrastructure.ControllerActionInvoker.<InvokeActionMethodAsync>g__Awaited|12_0(ControllerActionInvoker invoker, ValueTask`1 actionResultValueTask)
   at Microsoft.AspNetCore.Mvc.Infrastructure.ControllerActionInvoker.<InvokeNextActionFilterAsync>g__Awaited|10_0(ControllerActionInvoker invoker, Task lastTask, State next, Scope scope, Object state, Boolean isCompleted)
   at Microsoft.AspNetCore.Mvc.Infrastructure.ControllerActionInvoker.Rethrow(ActionExecutedContextSealed context)
   at Microsoft.AspNetCore.Mvc.Infrastructure.ControllerActionInvoker.Next(State& next, Scope& scope, Object& state, Boolean& isCompleted)
   at Microsoft.AspNetCore.Mvc.Infrastructure.ControllerActionInvoker.<InvokeInnerFilterAsync>g__Awaited|13_0(ControllerActionInvoker invoker, Task lastTask, State next, Scope scope, Object state, Boolean isCompleted)
   at Microsoft.AspNetCore.Mvc.Infrastructure.ResourceInvoker.<InvokeFilterPipelineAsync>g__Awaited|20_0(ResourceInvoker invoker, Task lastTask, State next, Scope scope, Object state, Boolean isCompleted)
   at Microsoft.AspNetCore.Mvc.Infrastructure.ResourceInvoker.<InvokeAsync>g__Awaited|17_0(ResourceInvoker invoker, Task task, IDisposable scope)
   at Microsoft.AspNetCore.Mvc.Infrastructure.ResourceInvoker.<InvokeAsync>g__Awaited|17_0(ResourceInvoker invoker, Task task, IDisposable scope)
   at Microsoft.AspNetCore.Authorization.AuthorizationMiddleware.Invoke(HttpContext context)
   at Microsoft.AspNetCore.Authentication.AuthenticationMiddleware.Invoke(HttpContext context)
   at Microsoft.AspNetCore.Diagnostics.ExceptionHandlerMiddlewareImpl.<Invoke>g__Awaited|10_0(ExceptionHandlerMiddlewareImpl middleware, HttpContext context, Task task)
2024-10-03 18:37:49.442 +07:00 [WRN] Sensitive data logging is enabled. Log entries and exception messages may include sensitive application data; this mode should only be enabled during development.
2024-10-03 18:37:50.102 +07:00 [INF] Executed DbCommand (37ms) [Parameters=[@__email_0='mi@gmail.com' (Size = 450)], CommandType='"Text"', CommandTimeout='30']
SELECT TOP(1) [u].[Id], [u].[Address], [u].[Avatar], [u].[CreatedAt], [u].[CreatedBy], [u].[Email], [u].[IsActive], [u].[Name], [u].[Password], [u].[PhoneNumber], [u].[RoleId], [u].[UpdatedAt], [u].[UpdatedBy]
FROM [Users] AS [u]
WHERE [u].[Email] = @__email_0
2024-10-03 18:37:50.159 +07:00 [INF] Executed DbCommand (7ms) [Parameters=[@__ToLower_0='customer' (Size = 450)], CommandType='"Text"', CommandTimeout='30']
SELECT TOP(1) [r].[Id], [r].[CreatedAt], [r].[CreatedBy], [r].[Description], [r].[Name], [r].[UpdatedAt], [r].[UpdatedBy]
FROM [Roles] AS [r]
WHERE LOWER([r].[Name]) = @__ToLower_0
2024-10-03 18:37:50.247 +07:00 [ERR] An unhandled exception has occurred while executing the request.
System.Exception: Customer role not found.
   at FashionNest.Application.Features.Auth.Commands.Register.RegisterUserCommandHandler.Handle(RegisterUserCommand request, CancellationToken cancellationToken) in D:\NgocLinhHome\C_sharp\workspace\FashionNest\src\FashionNest.Application\Features\Auth\Commands\Register\RegisterUserCommandHandler.cs:line 25
   at FashionNest.API.Controllers.AuthController.Register(RegisterUserCommand query) in D:\NgocLinhHome\C_sharp\workspace\FashionNest\src\FashionNest.API\Controllers\AuthController.cs:line 30
   at Microsoft.AspNetCore.Mvc.Infrastructure.ActionMethodExecutor.TaskOfIActionResultExecutor.Execute(ActionContext actionContext, IActionResultTypeMapper mapper, ObjectMethodExecutor executor, Object controller, Object[] arguments)
   at Microsoft.AspNetCore.Mvc.Infrastructure.ControllerActionInvoker.<InvokeActionMethodAsync>g__Awaited|12_0(ControllerActionInvoker invoker, ValueTask`1 actionResultValueTask)
   at Microsoft.AspNetCore.Mvc.Infrastructure.ControllerActionInvoker.<InvokeNextActionFilterAsync>g__Awaited|10_0(ControllerActionInvoker invoker, Task lastTask, State next, Scope scope, Object state, Boolean isCompleted)
   at Microsoft.AspNetCore.Mvc.Infrastructure.ControllerActionInvoker.Rethrow(ActionExecutedContextSealed context)
   at Microsoft.AspNetCore.Mvc.Infrastructure.ControllerActionInvoker.Next(State& next, Scope& scope, Object& state, Boolean& isCompleted)
   at Microsoft.AspNetCore.Mvc.Infrastructure.ControllerActionInvoker.<InvokeInnerFilterAsync>g__Awaited|13_0(ControllerActionInvoker invoker, Task lastTask, State next, Scope scope, Object state, Boolean isCompleted)
   at Microsoft.AspNetCore.Mvc.Infrastructure.ResourceInvoker.<InvokeFilterPipelineAsync>g__Awaited|20_0(ResourceInvoker invoker, Task lastTask, State next, Scope scope, Object state, Boolean isCompleted)
   at Microsoft.AspNetCore.Mvc.Infrastructure.ResourceInvoker.<InvokeAsync>g__Awaited|17_0(ResourceInvoker invoker, Task task, IDisposable scope)
   at Microsoft.AspNetCore.Mvc.Infrastructure.ResourceInvoker.<InvokeAsync>g__Awaited|17_0(ResourceInvoker invoker, Task task, IDisposable scope)
   at Microsoft.AspNetCore.Authorization.AuthorizationMiddleware.Invoke(HttpContext context)
   at Microsoft.AspNetCore.Authentication.AuthenticationMiddleware.Invoke(HttpContext context)
   at Microsoft.AspNetCore.Diagnostics.ExceptionHandlerMiddlewareImpl.<Invoke>g__Awaited|10_0(ExceptionHandlerMiddlewareImpl middleware, HttpContext context, Task task)
2024-10-03 18:37:59.441 +07:00 [INF] Get all roles GetRolesQuery { pageIndex = 1, pageSize = 10 }
2024-10-03 18:37:59.449 +07:00 [WRN] The query uses a row limiting operator ('Skip'/'Take') without an 'OrderBy' operator. This may lead to unpredictable results. If the 'Distinct' operator is used after 'OrderBy', then make sure to use the 'OrderBy' operator after 'Distinct' as the ordering would otherwise get erased.
2024-10-03 18:37:59.450 +07:00 [WRN] The query uses a row limiting operator ('Skip'/'Take') without an 'OrderBy' operator. This may lead to unpredictable results. If the 'Distinct' operator is used after 'OrderBy', then make sure to use the 'OrderBy' operator after 'Distinct' as the ordering would otherwise get erased.
2024-10-03 18:37:59.458 +07:00 [INF] Executed DbCommand (2ms) [Parameters=[@__p_0='0', @__p_1='10'], CommandType='"Text"', CommandTimeout='30']
SELECT [r].[Id], [r].[CreatedAt], [r].[CreatedBy], [r].[Description], [r].[Name], [r].[UpdatedAt], [r].[UpdatedBy]
FROM [Roles] AS [r]
ORDER BY (SELECT 1)
OFFSET @__p_0 ROWS FETCH NEXT @__p_1 ROWS ONLY
2024-10-03 18:38:09.687 +07:00 [INF] Create a new role CreateRoleCommand { Name = Customer, Description = Customer }
2024-10-03 18:38:09.767 +07:00 [INF] Executed DbCommand (3ms) [Parameters=[@p0='6b9ac222-64a6-4c52-815d-65b291f1a883', @p1=NULL (DbType = DateTime2), @p2=NULL (Size = 4000), @p3='Customer' (Nullable = false) (Size = 4000), @p4='Customer' (Nullable = false) (Size = 450), @p5=NULL (DbType = DateTime2), @p6=NULL (Size = 4000)], CommandType='"Text"', CommandTimeout='30']
SET IMPLICIT_TRANSACTIONS OFF;
SET NOCOUNT ON;
INSERT INTO [Roles] ([Id], [CreatedAt], [CreatedBy], [Description], [Name], [UpdatedAt], [UpdatedBy])
VALUES (@p0, @p1, @p2, @p3, @p4, @p5, @p6);
2024-10-03 18:38:13.094 +07:00 [INF] Executed DbCommand (2ms) [Parameters=[@__email_0='mi@gmail.com' (Size = 450)], CommandType='"Text"', CommandTimeout='30']
SELECT TOP(1) [u].[Id], [u].[Address], [u].[Avatar], [u].[CreatedAt], [u].[CreatedBy], [u].[Email], [u].[IsActive], [u].[Name], [u].[Password], [u].[PhoneNumber], [u].[RoleId], [u].[UpdatedAt], [u].[UpdatedBy]
FROM [Users] AS [u]
WHERE [u].[Email] = @__email_0
2024-10-03 18:38:13.100 +07:00 [INF] Executed DbCommand (1ms) [Parameters=[@__ToLower_0='customer' (Size = 450)], CommandType='"Text"', CommandTimeout='30']
SELECT TOP(1) [r].[Id], [r].[CreatedAt], [r].[CreatedBy], [r].[Description], [r].[Name], [r].[UpdatedAt], [r].[UpdatedBy]
FROM [Roles] AS [r]
WHERE LOWER([r].[Name]) = @__ToLower_0
2024-10-03 18:38:13.412 +07:00 [INF] Executed DbCommand (5ms) [Parameters=[@p0='c36151b3-11a9-458b-b3c9-806090266f0c', @p1='HCM' (Nullable = false) (Size = 4000), @p2=NULL (Size = 4000), @p3=NULL (DbType = DateTime2), @p4=NULL (Size = 4000), @p5='mi@gmail.com' (Nullable = false) (Size = 450), @p6='True', @p7='Mi' (Nullable = false) (Size = 4000), @p8='$2a$11$fNSFTMgu8UizdLkdeYsVkO/dAi1Nm8B3S2dcgopZsxrRlSuP95uae' (Nullable = false) (Size = 4000), @p9='0999199999' (Nullable = false) (Size = 4000), @p10='6b9ac222-64a6-4c52-815d-65b291f1a883', @p11=NULL (DbType = DateTime2), @p12=NULL (Size = 4000)], CommandType='"Text"', CommandTimeout='30']
SET IMPLICIT_TRANSACTIONS OFF;
SET NOCOUNT ON;
INSERT INTO [Users] ([Id], [Address], [Avatar], [CreatedAt], [CreatedBy], [Email], [IsActive], [Name], [Password], [PhoneNumber], [RoleId], [UpdatedAt], [UpdatedBy])
VALUES (@p0, @p1, @p2, @p3, @p4, @p5, @p6, @p7, @p8, @p9, @p10, @p11, @p12);
2024-10-03 18:38:24.873 +07:00 [INF] Executed DbCommand (4ms) [Parameters=[@__email_0='mi@gmail.com' (Size = 450)], CommandType='"Text"', CommandTimeout='30']
SELECT TOP(1) [u].[Id], [u].[Address], [u].[Avatar], [u].[CreatedAt], [u].[CreatedBy], [u].[Email], [u].[IsActive], [u].[Name], [u].[Password], [u].[PhoneNumber], [u].[RoleId], [u].[UpdatedAt], [u].[UpdatedBy]
FROM [Users] AS [u]
WHERE [u].[Email] = @__email_0
2024-10-03 18:38:32.807 +07:00 [INF] Executed DbCommand (2ms) [Parameters=[@__email_0='mi@gmail.com' (Size = 450)], CommandType='"Text"', CommandTimeout='30']
SELECT TOP(1) [u].[Id], [u].[Address], [u].[Avatar], [u].[CreatedAt], [u].[CreatedBy], [u].[Email], [u].[IsActive], [u].[Name], [u].[Password], [u].[PhoneNumber], [u].[RoleId], [u].[UpdatedAt], [u].[UpdatedBy]
FROM [Users] AS [u]
WHERE [u].[Email] = @__email_0
