2024-11-15 15:41:12.883 +07:00 [WRN] Sensitive data logging is enabled. Log entries and exception messages may include sensitive application data; this mode should only be enabled during development.
2024-11-15 15:41:12.972 +07:00 [WRN] The 'OrderStatus' property 'Status' on entity type 'Order' is configured with a database-generated default, but has no configured sentinel value. The database-generated default will always be used for inserts when the property has the value '0', since this is the CLR default for the 'OrderStatus' type. Consider using a nullable type, using a nullable backing field, or setting the sentinel value for the property to ensure the database default is used when, and only when, appropriate. See https://aka.ms/efcore-docs-default-values for more information.
2024-11-15 15:41:12.985 +07:00 [WRN] No store type was specified for the decimal property 'MinOrderAmount' on entity type 'Coupon'. This will cause values to be silently truncated if they do not fit in the default precision and scale. Explicitly specify the SQL server column type that can accommodate all the values in 'OnModelCreating' using 'HasColumnType', specify precision and scale using 'HasPrecision', or configure a value converter using 'HasConversion'.
2024-11-15 15:41:13.800 +07:00 [INF] Executed DbCommand (48ms) [Parameters=[@__email_0='ngoclinhh1308@gmail.com' (Size = 450)], CommandType='"Text"', CommandTimeout='30']
SELECT TOP(1) [u].[Id], [u].[Address], [u].[Avatar], [u].[CreatedAt], [u].[Email], [u].[IsActive], [u].[Name], [u].[Password], [u].[PhoneNumber], [u].[RoleId], [u].[UpdatedAt]
FROM [Users] AS [u]
WHERE [u].[Email] = @__email_0
2024-11-15 15:41:13.863 +07:00 [INF] Executed DbCommand (4ms) [Parameters=[@__ToLower_0='customer' (Size = 450)], CommandType='"Text"', CommandTimeout='30']
SELECT TOP(1) [r].[Id], [r].[CreatedAt], [r].[Description], [r].[Name], [r].[UpdatedAt]
FROM [Roles] AS [r]
WHERE LOWER([r].[Name]) = @__ToLower_0
2024-11-15 15:41:14.365 +07:00 [INF] Executed DbCommand (5ms) [Parameters=[@p0='078e8870-f60e-4f0d-b8dc-56d5c604234a', @p1='HCM' (Nullable = false) (Size = 4000), @p2=NULL (Size = 4000), @p3='2024-11-15T15:41:13.9192523+07:00', @p4='ngoclinhh1308@gmail.com' (Nullable = false) (Size = 450), @p5='True', @p6='Linh Ngoc' (Nullable = false) (Size = 4000), @p7='$2a$11$uw.zDm6UfzomHU1Xpsx9IOIidzY7CSG.ujTdIUJds58RJ1mpuq4.O' (Nullable = false) (Size = 4000), @p8='0909189189' (Nullable = false) (Size = 4000), @p9='6b9ac222-64a6-4c52-815d-65b291f1a883', @p10=NULL (DbType = DateTime2)], CommandType='"Text"', CommandTimeout='30']
SET IMPLICIT_TRANSACTIONS OFF;
SET NOCOUNT ON;
INSERT INTO [Users] ([Id], [Address], [Avatar], [CreatedAt], [Email], [IsActive], [Name], [Password], [PhoneNumber], [RoleId], [UpdatedAt])
VALUES (@p0, @p1, @p2, @p3, @p4, @p5, @p6, @p7, @p8, @p9, @p10);
2024-11-15 15:41:27.149 +07:00 [INF] Executed DbCommand (1ms) [Parameters=[@__email_0='ngoclinhh1308@gmail.com' (Size = 450)], CommandType='"Text"', CommandTimeout='30']
SELECT TOP(1) [u].[Id], [u].[Address], [u].[Avatar], [u].[CreatedAt], [u].[Email], [u].[IsActive], [u].[Name], [u].[Password], [u].[PhoneNumber], [u].[RoleId], [u].[UpdatedAt]
FROM [Users] AS [u]
WHERE [u].[Email] = @__email_0
2024-11-15 15:41:37.098 +07:00 [INF] Executed DbCommand (1ms) [Parameters=[@__email_0='ngoclinhh1308@gmail.com' (Size = 450)], CommandType='"Text"', CommandTimeout='30']
SELECT TOP(1) [u].[Id], [u].[Address], [u].[Avatar], [u].[CreatedAt], [u].[Email], [u].[IsActive], [u].[Name], [u].[Password], [u].[PhoneNumber], [u].[RoleId], [u].[UpdatedAt]
FROM [Users] AS [u]
WHERE [u].[Email] = @__email_0
2024-11-15 16:01:49.401 +07:00 [WRN] Sensitive data logging is enabled. Log entries and exception messages may include sensitive application data; this mode should only be enabled during development.
2024-11-15 16:01:49.502 +07:00 [WRN] The 'OrderStatus' property 'Status' on entity type 'Order' is configured with a database-generated default, but has no configured sentinel value. The database-generated default will always be used for inserts when the property has the value '0', since this is the CLR default for the 'OrderStatus' type. Consider using a nullable type, using a nullable backing field, or setting the sentinel value for the property to ensure the database default is used when, and only when, appropriate. See https://aka.ms/efcore-docs-default-values for more information.
2024-11-15 16:01:49.518 +07:00 [WRN] No store type was specified for the decimal property 'MinOrderAmount' on entity type 'Coupon'. This will cause values to be silently truncated if they do not fit in the default precision and scale. Explicitly specify the SQL server column type that can accommodate all the values in 'OnModelCreating' using 'HasColumnType', specify precision and scale using 'HasPrecision', or configure a value converter using 'HasConversion'.
2024-11-15 16:01:50.291 +07:00 [INF] Executed DbCommand (56ms) [Parameters=[@__email_0='ngoclinhh1308@gmail.com' (Size = 450)], CommandType='"Text"', CommandTimeout='30']
SELECT TOP(1) [u].[Id], [u].[Address], [u].[Avatar], [u].[CreatedAt], [u].[Email], [u].[IsActive], [u].[Name], [u].[Password], [u].[PhoneNumber], [u].[RoleId], [u].[UpdatedAt]
FROM [Users] AS [u]
WHERE [u].[Email] = @__email_0
2024-11-15 16:22:49.307 +07:00 [WRN] Sensitive data logging is enabled. Log entries and exception messages may include sensitive application data; this mode should only be enabled during development.
2024-11-15 16:22:49.390 +07:00 [WRN] The 'OrderStatus' property 'Status' on entity type 'Order' is configured with a database-generated default, but has no configured sentinel value. The database-generated default will always be used for inserts when the property has the value '0', since this is the CLR default for the 'OrderStatus' type. Consider using a nullable type, using a nullable backing field, or setting the sentinel value for the property to ensure the database default is used when, and only when, appropriate. See https://aka.ms/efcore-docs-default-values for more information.
2024-11-15 16:22:49.402 +07:00 [WRN] No store type was specified for the decimal property 'MinOrderAmount' on entity type 'Coupon'. This will cause values to be silently truncated if they do not fit in the default precision and scale. Explicitly specify the SQL server column type that can accommodate all the values in 'OnModelCreating' using 'HasColumnType', specify precision and scale using 'HasPrecision', or configure a value converter using 'HasConversion'.
2024-11-15 16:23:15.850 +07:00 [INF] Executed DbCommand (46ms) [Parameters=[@__email_0='ngoclinhh1308@gmail.com' (Size = 450)], CommandType='"Text"', CommandTimeout='30']
SELECT TOP(1) [u].[Id], [u].[Address], [u].[Avatar], [u].[CreatedAt], [u].[Email], [u].[IsActive], [u].[Name], [u].[Password], [u].[PhoneNumber], [u].[RoleId], [u].[UpdatedAt]
FROM [Users] AS [u]
WHERE [u].[Email] = @__email_0
2024-11-15 16:23:38.855 +07:00 [INF] Executed DbCommand (2ms) [Parameters=[@__email_0='ngoclinhh1308@gmail.com' (Size = 450)], CommandType='"Text"', CommandTimeout='30']
SELECT TOP(1) [u].[Id], [u].[Address], [u].[Avatar], [u].[CreatedAt], [u].[Email], [u].[IsActive], [u].[Name], [u].[Password], [u].[PhoneNumber], [u].[RoleId], [u].[UpdatedAt]
FROM [Users] AS [u]
WHERE [u].[Email] = @__email_0
2024-11-15 16:23:38.936 +07:00 [INF] Executed DbCommand (3ms) [Parameters=[@p1='078e8870-f60e-4f0d-b8dc-56d5c604234a', @p0='123123' (Nullable = false) (Size = 4000)], CommandType='"Text"', CommandTimeout='30']
SET IMPLICIT_TRANSACTIONS OFF;
SET NOCOUNT ON;
UPDATE [Users] SET [Password] = @p0
OUTPUT 1
WHERE [Id] = @p1;
2024-11-15 16:23:54.231 +07:00 [INF] Executed DbCommand (1ms) [Parameters=[@__email_0='ngoclinhh1308@gmail.com' (Size = 450)], CommandType='"Text"', CommandTimeout='30']
SELECT TOP(1) [u].[Id], [u].[Address], [u].[Avatar], [u].[CreatedAt], [u].[Email], [u].[IsActive], [u].[Name], [u].[Password], [u].[PhoneNumber], [u].[RoleId], [u].[UpdatedAt]
FROM [Users] AS [u]
WHERE [u].[Email] = @__email_0
2024-11-15 16:23:54.737 +07:00 [ERR] An unhandled exception has occurred while executing the request.
BCrypt.Net.SaltParseException: Invalid salt version
   at BCrypt.Net.BCrypt.HashPassword(String inputKey, String salt, Boolean enhancedEntropy, HashType hashType)
   at BCrypt.Net.BCrypt.Verify(String text, String hash, Boolean enhancedEntropy, HashType hashType)
   at FashionNest.Application.Features.Auth.Queries.Login.LoginUserQueryHandler.Handle(LoginUserQuery request, CancellationToken cancellationToken) in D:\NgocLinhHome\C_sharp\workspace\FashionNest\src\FashionNest.Application\Features\Auth\Queries\Login\LoginUserQueryHandler.cs:line 27
   at FashionNest.API.Controllers.AuthController.Login(LoginUserQuery request) in D:\NgocLinhHome\C_sharp\workspace\FashionNest\src\FashionNest.API\Controllers\AuthController.cs:line 32
   at Microsoft.AspNetCore.Mvc.Infrastructure.ActionMethodExecutor.TaskOfIActionResultExecutor.Execute(ActionContext actionContext, IActionResultTypeMapper mapper, ObjectMethodExecutor executor, Object controller, Object[] arguments)
   at Microsoft.AspNetCore.Mvc.Infrastructure.ControllerActionInvoker.<InvokeActionMethodAsync>g__Awaited|12_0(ControllerActionInvoker invoker, ValueTask`1 actionResultValueTask)
   at Microsoft.AspNetCore.Mvc.Infrastructure.ControllerActionInvoker.<InvokeNextActionFilterAsync>g__Awaited|10_0(ControllerActionInvoker invoker, Task lastTask, State next, Scope scope, Object state, Boolean isCompleted)
   at Microsoft.AspNetCore.Mvc.Infrastructure.ControllerActionInvoker.Rethrow(ActionExecutedContextSealed context)
   at Microsoft.AspNetCore.Mvc.Infrastructure.ControllerActionInvoker.Next(State& next, Scope& scope, Object& state, Boolean& isCompleted)
   at Microsoft.AspNetCore.Mvc.Infrastructure.ControllerActionInvoker.<InvokeInnerFilterAsync>g__Awaited|13_0(ControllerActionInvoker invoker, Task lastTask, State next, Scope scope, Object state, Boolean isCompleted)
   at Microsoft.AspNetCore.Mvc.Infrastructure.ResourceInvoker.<InvokeFilterPipelineAsync>g__Awaited|20_0(ResourceInvoker invoker, Task lastTask, State next, Scope scope, Object state, Boolean isCompleted)
   at Microsoft.AspNetCore.Mvc.Infrastructure.ResourceInvoker.<InvokeAsync>g__Awaited|17_0(ResourceInvoker invoker, Task task, IDisposable scope)
   at Microsoft.AspNetCore.Mvc.Infrastructure.ResourceInvoker.<InvokeAsync>g__Awaited|17_0(ResourceInvoker invoker, Task task, IDisposable scope)
   at Microsoft.AspNetCore.Authorization.AuthorizationMiddleware.Invoke(HttpContext context)
   at Microsoft.AspNetCore.Authentication.AuthenticationMiddleware.Invoke(HttpContext context)
   at Microsoft.AspNetCore.Diagnostics.ExceptionHandlerMiddlewareImpl.<Invoke>g__Awaited|10_0(ExceptionHandlerMiddlewareImpl middleware, HttpContext context, Task task)
2024-11-15 16:24:03.318 +07:00 [INF] Executed DbCommand (2ms) [Parameters=[@__email_0='ngoclinhh1308@gmail.com' (Size = 450)], CommandType='"Text"', CommandTimeout='30']
SELECT TOP(1) [u].[Id], [u].[Address], [u].[Avatar], [u].[CreatedAt], [u].[Email], [u].[IsActive], [u].[Name], [u].[Password], [u].[PhoneNumber], [u].[RoleId], [u].[UpdatedAt]
FROM [Users] AS [u]
WHERE [u].[Email] = @__email_0
2024-11-15 16:24:03.731 +07:00 [ERR] An unhandled exception has occurred while executing the request.
BCrypt.Net.SaltParseException: Invalid salt version
   at BCrypt.Net.BCrypt.HashPassword(String inputKey, String salt, Boolean enhancedEntropy, HashType hashType)
   at BCrypt.Net.BCrypt.Verify(String text, String hash, Boolean enhancedEntropy, HashType hashType)
   at FashionNest.Application.Features.Auth.Queries.Login.LoginUserQueryHandler.Handle(LoginUserQuery request, CancellationToken cancellationToken) in D:\NgocLinhHome\C_sharp\workspace\FashionNest\src\FashionNest.Application\Features\Auth\Queries\Login\LoginUserQueryHandler.cs:line 27
   at FashionNest.API.Controllers.AuthController.Login(LoginUserQuery request) in D:\NgocLinhHome\C_sharp\workspace\FashionNest\src\FashionNest.API\Controllers\AuthController.cs:line 32
   at Microsoft.AspNetCore.Mvc.Infrastructure.ActionMethodExecutor.TaskOfIActionResultExecutor.Execute(ActionContext actionContext, IActionResultTypeMapper mapper, ObjectMethodExecutor executor, Object controller, Object[] arguments)
   at Microsoft.AspNetCore.Mvc.Infrastructure.ControllerActionInvoker.<InvokeActionMethodAsync>g__Awaited|12_0(ControllerActionInvoker invoker, ValueTask`1 actionResultValueTask)
   at Microsoft.AspNetCore.Mvc.Infrastructure.ControllerActionInvoker.<InvokeNextActionFilterAsync>g__Awaited|10_0(ControllerActionInvoker invoker, Task lastTask, State next, Scope scope, Object state, Boolean isCompleted)
   at Microsoft.AspNetCore.Mvc.Infrastructure.ControllerActionInvoker.Rethrow(ActionExecutedContextSealed context)
   at Microsoft.AspNetCore.Mvc.Infrastructure.ControllerActionInvoker.Next(State& next, Scope& scope, Object& state, Boolean& isCompleted)
   at Microsoft.AspNetCore.Mvc.Infrastructure.ControllerActionInvoker.<InvokeInnerFilterAsync>g__Awaited|13_0(ControllerActionInvoker invoker, Task lastTask, State next, Scope scope, Object state, Boolean isCompleted)
   at Microsoft.AspNetCore.Mvc.Infrastructure.ResourceInvoker.<InvokeFilterPipelineAsync>g__Awaited|20_0(ResourceInvoker invoker, Task lastTask, State next, Scope scope, Object state, Boolean isCompleted)
   at Microsoft.AspNetCore.Mvc.Infrastructure.ResourceInvoker.<InvokeAsync>g__Awaited|17_0(ResourceInvoker invoker, Task task, IDisposable scope)
   at Microsoft.AspNetCore.Mvc.Infrastructure.ResourceInvoker.<InvokeAsync>g__Awaited|17_0(ResourceInvoker invoker, Task task, IDisposable scope)
   at Microsoft.AspNetCore.Authorization.AuthorizationMiddleware.Invoke(HttpContext context)
   at Microsoft.AspNetCore.Authentication.AuthenticationMiddleware.Invoke(HttpContext context)
   at Microsoft.AspNetCore.Diagnostics.ExceptionHandlerMiddlewareImpl.<Invoke>g__Awaited|10_0(ExceptionHandlerMiddlewareImpl middleware, HttpContext context, Task task)
2024-11-15 16:24:09.410 +07:00 [INF] Executed DbCommand (2ms) [Parameters=[@__email_0='ngoclinhh1308@gmail.com' (Size = 450)], CommandType='"Text"', CommandTimeout='30']
SELECT TOP(1) [u].[Id], [u].[Address], [u].[Avatar], [u].[CreatedAt], [u].[Email], [u].[IsActive], [u].[Name], [u].[Password], [u].[PhoneNumber], [u].[RoleId], [u].[UpdatedAt]
FROM [Users] AS [u]
WHERE [u].[Email] = @__email_0
2024-11-15 16:24:09.830 +07:00 [ERR] An unhandled exception has occurred while executing the request.
BCrypt.Net.SaltParseException: Invalid salt version
   at BCrypt.Net.BCrypt.HashPassword(String inputKey, String salt, Boolean enhancedEntropy, HashType hashType)
   at BCrypt.Net.BCrypt.Verify(String text, String hash, Boolean enhancedEntropy, HashType hashType)
   at FashionNest.Application.Features.Auth.Queries.Login.LoginUserQueryHandler.Handle(LoginUserQuery request, CancellationToken cancellationToken) in D:\NgocLinhHome\C_sharp\workspace\FashionNest\src\FashionNest.Application\Features\Auth\Queries\Login\LoginUserQueryHandler.cs:line 27
   at FashionNest.API.Controllers.AuthController.Login(LoginUserQuery request) in D:\NgocLinhHome\C_sharp\workspace\FashionNest\src\FashionNest.API\Controllers\AuthController.cs:line 32
   at Microsoft.AspNetCore.Mvc.Infrastructure.ActionMethodExecutor.TaskOfIActionResultExecutor.Execute(ActionContext actionContext, IActionResultTypeMapper mapper, ObjectMethodExecutor executor, Object controller, Object[] arguments)
   at Microsoft.AspNetCore.Mvc.Infrastructure.ControllerActionInvoker.<InvokeActionMethodAsync>g__Awaited|12_0(ControllerActionInvoker invoker, ValueTask`1 actionResultValueTask)
   at Microsoft.AspNetCore.Mvc.Infrastructure.ControllerActionInvoker.<InvokeNextActionFilterAsync>g__Awaited|10_0(ControllerActionInvoker invoker, Task lastTask, State next, Scope scope, Object state, Boolean isCompleted)
   at Microsoft.AspNetCore.Mvc.Infrastructure.ControllerActionInvoker.Rethrow(ActionExecutedContextSealed context)
   at Microsoft.AspNetCore.Mvc.Infrastructure.ControllerActionInvoker.Next(State& next, Scope& scope, Object& state, Boolean& isCompleted)
   at Microsoft.AspNetCore.Mvc.Infrastructure.ControllerActionInvoker.<InvokeInnerFilterAsync>g__Awaited|13_0(ControllerActionInvoker invoker, Task lastTask, State next, Scope scope, Object state, Boolean isCompleted)
   at Microsoft.AspNetCore.Mvc.Infrastructure.ResourceInvoker.<InvokeFilterPipelineAsync>g__Awaited|20_0(ResourceInvoker invoker, Task lastTask, State next, Scope scope, Object state, Boolean isCompleted)
   at Microsoft.AspNetCore.Mvc.Infrastructure.ResourceInvoker.<InvokeAsync>g__Awaited|17_0(ResourceInvoker invoker, Task task, IDisposable scope)
   at Microsoft.AspNetCore.Mvc.Infrastructure.ResourceInvoker.<InvokeAsync>g__Awaited|17_0(ResourceInvoker invoker, Task task, IDisposable scope)
   at Microsoft.AspNetCore.Authorization.AuthorizationMiddleware.Invoke(HttpContext context)
   at Microsoft.AspNetCore.Authentication.AuthenticationMiddleware.Invoke(HttpContext context)
   at Microsoft.AspNetCore.Diagnostics.ExceptionHandlerMiddlewareImpl.<Invoke>g__Awaited|10_0(ExceptionHandlerMiddlewareImpl middleware, HttpContext context, Task task)
2024-11-15 16:31:01.989 +07:00 [WRN] Sensitive data logging is enabled. Log entries and exception messages may include sensitive application data; this mode should only be enabled during development.
2024-11-15 16:31:02.063 +07:00 [WRN] The 'OrderStatus' property 'Status' on entity type 'Order' is configured with a database-generated default, but has no configured sentinel value. The database-generated default will always be used for inserts when the property has the value '0', since this is the CLR default for the 'OrderStatus' type. Consider using a nullable type, using a nullable backing field, or setting the sentinel value for the property to ensure the database default is used when, and only when, appropriate. See https://aka.ms/efcore-docs-default-values for more information.
2024-11-15 16:31:02.076 +07:00 [WRN] No store type was specified for the decimal property 'MinOrderAmount' on entity type 'Coupon'. This will cause values to be silently truncated if they do not fit in the default precision and scale. Explicitly specify the SQL server column type that can accommodate all the values in 'OnModelCreating' using 'HasColumnType', specify precision and scale using 'HasPrecision', or configure a value converter using 'HasConversion'.
2024-11-15 16:31:02.692 +07:00 [INF] Executed DbCommand (37ms) [Parameters=[@__email_0='ngoclinhh1308@gmail.com' (Size = 450)], CommandType='"Text"', CommandTimeout='30']
SELECT TOP(1) [u].[Id], [u].[Address], [u].[Avatar], [u].[CreatedAt], [u].[Email], [u].[IsActive], [u].[Name], [u].[Password], [u].[PhoneNumber], [u].[RoleId], [u].[UpdatedAt]
FROM [Users] AS [u]
WHERE [u].[Email] = @__email_0
2024-11-15 16:31:02.748 +07:00 [INF] Executed DbCommand (8ms) [Parameters=[@__ToLower_0='customer' (Size = 450)], CommandType='"Text"', CommandTimeout='30']
SELECT TOP(1) [r].[Id], [r].[CreatedAt], [r].[Description], [r].[Name], [r].[UpdatedAt]
FROM [Roles] AS [r]
WHERE LOWER([r].[Name]) = @__ToLower_0
2024-11-15 16:31:03.222 +07:00 [INF] Executed DbCommand (3ms) [Parameters=[@p0='438dfb88-8ebb-41ea-9817-3824a46201fc', @p1='HCM' (Nullable = false) (Size = 4000), @p2=NULL (Size = 4000), @p3='2024-11-15T16:31:02.7939697+07:00', @p4='ngoclinhh1308@gmail.com' (Nullable = false) (Size = 450), @p5='True', @p6='Linh Ngoc' (Nullable = false) (Size = 4000), @p7='$2a$11$VaC4yPfq0s0.q/C7rWGx.eT7CQvguZa8666Kp9onfY72k7/46grqm' (Nullable = false) (Size = 4000), @p8='01111111111' (Nullable = false) (Size = 4000), @p9='6b9ac222-64a6-4c52-815d-65b291f1a883', @p10=NULL (DbType = DateTime2)], CommandType='"Text"', CommandTimeout='30']
SET IMPLICIT_TRANSACTIONS OFF;
SET NOCOUNT ON;
INSERT INTO [Users] ([Id], [Address], [Avatar], [CreatedAt], [Email], [IsActive], [Name], [Password], [PhoneNumber], [RoleId], [UpdatedAt])
VALUES (@p0, @p1, @p2, @p3, @p4, @p5, @p6, @p7, @p8, @p9, @p10);
2024-11-15 16:31:11.539 +07:00 [INF] Executed DbCommand (1ms) [Parameters=[@__email_0='ngoclinhh1308@gmail.com' (Size = 450)], CommandType='"Text"', CommandTimeout='30']
SELECT TOP(1) [u].[Id], [u].[Address], [u].[Avatar], [u].[CreatedAt], [u].[Email], [u].[IsActive], [u].[Name], [u].[Password], [u].[PhoneNumber], [u].[RoleId], [u].[UpdatedAt]
FROM [Users] AS [u]
WHERE [u].[Email] = @__email_0
2024-11-15 16:31:34.277 +07:00 [INF] Executed DbCommand (1ms) [Parameters=[@__email_0='ngoclinhh1308@gmail.com' (Size = 450)], CommandType='"Text"', CommandTimeout='30']
SELECT TOP(1) [u].[Id], [u].[Address], [u].[Avatar], [u].[CreatedAt], [u].[Email], [u].[IsActive], [u].[Name], [u].[Password], [u].[PhoneNumber], [u].[RoleId], [u].[UpdatedAt]
FROM [Users] AS [u]
WHERE [u].[Email] = @__email_0
2024-11-15 16:31:34.574 +07:00 [INF] Executed DbCommand (3ms) [Parameters=[@p1='438dfb88-8ebb-41ea-9817-3824a46201fc', @p0='$2a$11$At6OxYWTsZhKJAvnlxKBxuPO9Fb4EaoWrQcKfzr5u6lKnY9A.jI/q' (Nullable = false) (Size = 4000)], CommandType='"Text"', CommandTimeout='30']
SET IMPLICIT_TRANSACTIONS OFF;
SET NOCOUNT ON;
UPDATE [Users] SET [Password] = @p0
OUTPUT 1
WHERE [Id] = @p1;
2024-11-15 16:31:45.200 +07:00 [INF] Executed DbCommand (1ms) [Parameters=[@__email_0='ngoclinhh1308@gmail.com' (Size = 450)], CommandType='"Text"', CommandTimeout='30']
SELECT TOP(1) [u].[Id], [u].[Address], [u].[Avatar], [u].[CreatedAt], [u].[Email], [u].[IsActive], [u].[Name], [u].[Password], [u].[PhoneNumber], [u].[RoleId], [u].[UpdatedAt]
FROM [Users] AS [u]
WHERE [u].[Email] = @__email_0
