2024-11-09 12:49:37.871 +07:00 [WRN] Sensitive data logging is enabled. Log entries and exception messages may include sensitive application data; this mode should only be enabled during development.
2024-11-09 12:49:37.957 +07:00 [WRN] The 'OrderStatus' property 'Status' on entity type 'Order' is configured with a database-generated default, but has no configured sentinel value. The database-generated default will always be used for inserts when the property has the value '0', since this is the CLR default for the 'OrderStatus' type. Consider using a nullable type, using a nullable backing field, or setting the sentinel value for the property to ensure the database default is used when, and only when, appropriate. See https://aka.ms/efcore-docs-default-values for more information.
2024-11-09 12:49:37.969 +07:00 [WRN] No store type was specified for the decimal property 'MinOrderAmount' on entity type 'Coupon'. This will cause values to be silently truncated if they do not fit in the default precision and scale. Explicitly specify the SQL server column type that can accommodate all the values in 'OnModelCreating' using 'HasColumnType', specify precision and scale using 'HasPrecision', or configure a value converter using 'HasConversion'.
2024-11-09 12:49:38.713 +07:00 [INF] Executed DbCommand (43ms) [Parameters=[@__p_0='4efaca6a-3cea-49f7-8081-e3116e204790' (Nullable = true)], CommandType='"Text"', CommandTimeout='30']
SELECT TOP(1) [c].[Id], [c].[Code], [c].[CreatedAt], [c].[Description], [c].[DiscountAmount], [c].[ExpirationDate], [c].[IsActive], [c].[IsNewCustomerOnly], [c].[MaxUses], [c].[MaxUsesPerUser], [c].[MinOrderAmount], [c].[UpdatedAt], [c].[UsedCount]
FROM [Coupons] AS [c]
WHERE [c].[Id] = @__p_0
2024-11-09 12:49:38.814 +07:00 [INF] Executed DbCommand (9ms) [Parameters=[], CommandType='"Text"', CommandTimeout='30']
SELECT [o].[Id], [o].[CouponId], [o].[CouponUsed], [o].[CreatedAt], [o].[DeleteDate], [o].[IsDeleted], [o].[OrderDate], [o].[PaymentId], [o].[Status], [o].[TotalPrice], [o].[UpdatedAt], [o].[UserId]
FROM [Orders] AS [o]
2024-11-09 12:49:38.954 +07:00 [INF] Executed DbCommand (4ms) [Parameters=[@p12='4efaca6a-3cea-49f7-8081-e3116e204790', @p0='WELCOME2024' (Nullable = false) (Size = 4000), @p1='2024-11-08T00:06:56.1933417', @p2='10% off on your first order!' (Size = 4000), @p3='10.50' (Precision = 18) (Scale = 2), @p4='2024-12-31T23:59:59.0000000', @p5='True', @p6='True', @p7='100' (Nullable = true), @p8='1' (Nullable = true), @p9='50.00' (Nullable = true) (Precision = 18) (Scale = 2), @p10=NULL (DbType = DateTime2), @p11='2'], CommandType='"Text"', CommandTimeout='30']
SET IMPLICIT_TRANSACTIONS OFF;
SET NOCOUNT ON;
UPDATE [Coupons] SET [Code] = @p0, [CreatedAt] = @p1, [Description] = @p2, [DiscountAmount] = @p3, [ExpirationDate] = @p4, [IsActive] = @p5, [IsNewCustomerOnly] = @p6, [MaxUses] = @p7, [MaxUsesPerUser] = @p8, [MinOrderAmount] = @p9, [UpdatedAt] = @p10, [UsedCount] = @p11
OUTPUT 1
WHERE [Id] = @p12;
2024-11-09 12:49:39.038 +07:00 [INF] Executed DbCommand (7ms) [Parameters=[@p0='05299614-f553-492b-99b4-95ef5a6c811d', @p1='4efaca6a-3cea-49f7-8081-e3116e204790' (Nullable = true), @p2='0', @p3='2024-11-09T12:49:38.0422778+07:00', @p4=NULL (DbType = DateTime2), @p5='False', @p6='2024-11-09T05:49:38.0414017Z', @p7=NULL (DbType = Guid), @p8='Draft' (Nullable = false) (Size = 4000), @p9='199989.50' (Precision = 18) (Scale = 2), @p10=NULL (DbType = DateTime2), @p11='c36151b3-11a9-458b-b3c9-806090266f0c', @p12='c3d9b97b-4e5b-4eca-9b09-912b8c41f4a2', @p13='2024-11-09T12:49:38.0436215+07:00', @p14='05299614-f553-492b-99b4-95ef5a6c811d', @p15='200000.00' (Precision = 18) (Scale = 2), @p16='45898c2b-8d10-4e49-ba79-f787bc177477', @p17='1', @p18=NULL (DbType = DateTime2)], CommandType='"Text"', CommandTimeout='30']
SET NOCOUNT ON;
INSERT INTO [Orders] ([Id], [CouponId], [CouponUsed], [CreatedAt], [DeleteDate], [IsDeleted], [OrderDate], [PaymentId], [Status], [TotalPrice], [UpdatedAt], [UserId])
VALUES (@p0, @p1, @p2, @p3, @p4, @p5, @p6, @p7, @p8, @p9, @p10, @p11);
INSERT INTO [OrderItems] ([Id], [CreatedAt], [OrderId], [Price], [ProductId], [Quantity], [UpdatedAt])
VALUES (@p12, @p13, @p14, @p15, @p16, @p17, @p18);
2024-11-09 13:02:14.196 +07:00 [WRN] Sensitive data logging is enabled. Log entries and exception messages may include sensitive application data; this mode should only be enabled during development.
2024-11-09 13:02:14.276 +07:00 [WRN] The 'OrderStatus' property 'Status' on entity type 'Order' is configured with a database-generated default, but has no configured sentinel value. The database-generated default will always be used for inserts when the property has the value '0', since this is the CLR default for the 'OrderStatus' type. Consider using a nullable type, using a nullable backing field, or setting the sentinel value for the property to ensure the database default is used when, and only when, appropriate. See https://aka.ms/efcore-docs-default-values for more information.
2024-11-09 13:02:14.291 +07:00 [WRN] No store type was specified for the decimal property 'MinOrderAmount' on entity type 'Coupon'. This will cause values to be silently truncated if they do not fit in the default precision and scale. Explicitly specify the SQL server column type that can accommodate all the values in 'OnModelCreating' using 'HasColumnType', specify precision and scale using 'HasPrecision', or configure a value converter using 'HasConversion'.
2024-11-09 13:02:14.902 +07:00 [INF] Executed DbCommand (36ms) [Parameters=[@__p_0='4efaca6a-3cea-49f7-8081-e3116e204790' (Nullable = true)], CommandType='"Text"', CommandTimeout='30']
SELECT TOP(1) [c].[Id], [c].[Code], [c].[CreatedAt], [c].[Description], [c].[DiscountAmount], [c].[ExpirationDate], [c].[IsActive], [c].[IsNewCustomerOnly], [c].[MaxUses], [c].[MaxUsesPerUser], [c].[MinOrderAmount], [c].[UpdatedAt], [c].[UsedCount]
FROM [Coupons] AS [c]
WHERE [c].[Id] = @__p_0
2024-11-09 13:02:27.164 +07:00 [INF] Executed DbCommand (7ms) [Parameters=[@__p_0='4efaca6a-3cea-49f7-8081-e3116e204790' (Nullable = true)], CommandType='"Text"', CommandTimeout='30']
SELECT TOP(1) [c].[Id], [c].[Code], [c].[CreatedAt], [c].[Description], [c].[DiscountAmount], [c].[ExpirationDate], [c].[IsActive], [c].[IsNewCustomerOnly], [c].[MaxUses], [c].[MaxUsesPerUser], [c].[MinOrderAmount], [c].[UpdatedAt], [c].[UsedCount]
FROM [Coupons] AS [c]
WHERE [c].[Id] = @__p_0
2024-11-09 13:02:37.639 +07:00 [INF] Executed DbCommand (2ms) [Parameters=[@__p_0='4efaca6a-3cea-49f7-8081-e3116e204790' (Nullable = true)], CommandType='"Text"', CommandTimeout='30']
SELECT TOP(1) [c].[Id], [c].[Code], [c].[CreatedAt], [c].[Description], [c].[DiscountAmount], [c].[ExpirationDate], [c].[IsActive], [c].[IsNewCustomerOnly], [c].[MaxUses], [c].[MaxUsesPerUser], [c].[MinOrderAmount], [c].[UpdatedAt], [c].[UsedCount]
FROM [Coupons] AS [c]
WHERE [c].[Id] = @__p_0
2024-11-09 13:02:49.389 +07:00 [INF] Executed DbCommand (2ms) [Parameters=[@__p_0='4efaca6a-3cea-49f7-8081-e3116e204790' (Nullable = true)], CommandType='"Text"', CommandTimeout='30']
SELECT TOP(1) [c].[Id], [c].[Code], [c].[CreatedAt], [c].[Description], [c].[DiscountAmount], [c].[ExpirationDate], [c].[IsActive], [c].[IsNewCustomerOnly], [c].[MaxUses], [c].[MaxUsesPerUser], [c].[MinOrderAmount], [c].[UpdatedAt], [c].[UsedCount]
FROM [Coupons] AS [c]
WHERE [c].[Id] = @__p_0
2024-11-09 13:04:07.157 +07:00 [WRN] Sensitive data logging is enabled. Log entries and exception messages may include sensitive application data; this mode should only be enabled during development.
2024-11-09 13:04:07.231 +07:00 [WRN] The 'OrderStatus' property 'Status' on entity type 'Order' is configured with a database-generated default, but has no configured sentinel value. The database-generated default will always be used for inserts when the property has the value '0', since this is the CLR default for the 'OrderStatus' type. Consider using a nullable type, using a nullable backing field, or setting the sentinel value for the property to ensure the database default is used when, and only when, appropriate. See https://aka.ms/efcore-docs-default-values for more information.
2024-11-09 13:04:07.243 +07:00 [WRN] No store type was specified for the decimal property 'MinOrderAmount' on entity type 'Coupon'. This will cause values to be silently truncated if they do not fit in the default precision and scale. Explicitly specify the SQL server column type that can accommodate all the values in 'OnModelCreating' using 'HasColumnType', specify precision and scale using 'HasPrecision', or configure a value converter using 'HasConversion'.
2024-11-09 13:04:07.866 +07:00 [INF] Executed DbCommand (45ms) [Parameters=[@__p_0='4efaca6a-3cea-49f7-8081-e3116e204790' (Nullable = true)], CommandType='"Text"', CommandTimeout='30']
SELECT TOP(1) [c].[Id], [c].[Code], [c].[CreatedAt], [c].[Description], [c].[DiscountAmount], [c].[ExpirationDate], [c].[IsActive], [c].[IsNewCustomerOnly], [c].[MaxUses], [c].[MaxUsesPerUser], [c].[MinOrderAmount], [c].[UpdatedAt], [c].[UsedCount]
FROM [Coupons] AS [c]
WHERE [c].[Id] = @__p_0
2024-11-09 13:04:13.497 +07:00 [INF] Executed DbCommand (17ms) [Parameters=[], CommandType='"Text"', CommandTimeout='30']
SELECT [o].[Id], [o].[CouponId], [o].[CouponUsed], [o].[CreatedAt], [o].[DeleteDate], [o].[IsDeleted], [o].[OrderDate], [o].[PaymentId], [o].[Status], [o].[TotalPrice], [o].[UpdatedAt], [o].[UserId]
FROM [Orders] AS [o]
2024-11-09 13:10:20.656 +07:00 [WRN] Sensitive data logging is enabled. Log entries and exception messages may include sensitive application data; this mode should only be enabled during development.
2024-11-09 13:10:20.737 +07:00 [WRN] The 'OrderStatus' property 'Status' on entity type 'Order' is configured with a database-generated default, but has no configured sentinel value. The database-generated default will always be used for inserts when the property has the value '0', since this is the CLR default for the 'OrderStatus' type. Consider using a nullable type, using a nullable backing field, or setting the sentinel value for the property to ensure the database default is used when, and only when, appropriate. See https://aka.ms/efcore-docs-default-values for more information.
2024-11-09 13:10:20.749 +07:00 [WRN] No store type was specified for the decimal property 'MinOrderAmount' on entity type 'Coupon'. This will cause values to be silently truncated if they do not fit in the default precision and scale. Explicitly specify the SQL server column type that can accommodate all the values in 'OnModelCreating' using 'HasColumnType', specify precision and scale using 'HasPrecision', or configure a value converter using 'HasConversion'.
2024-11-09 13:10:21.363 +07:00 [INF] Executed DbCommand (37ms) [Parameters=[@__p_0='4efaca6a-3cea-49f7-8081-e3116e204790' (Nullable = true)], CommandType='"Text"', CommandTimeout='30']
SELECT TOP(1) [c].[Id], [c].[Code], [c].[CreatedAt], [c].[Description], [c].[DiscountAmount], [c].[ExpirationDate], [c].[IsActive], [c].[IsNewCustomerOnly], [c].[MaxUses], [c].[MaxUsesPerUser], [c].[MinOrderAmount], [c].[UpdatedAt], [c].[UsedCount]
FROM [Coupons] AS [c]
WHERE [c].[Id] = @__p_0
2024-11-09 13:10:21.461 +07:00 [INF] Executed DbCommand (7ms) [Parameters=[], CommandType='"Text"', CommandTimeout='30']
SELECT [o].[Id], [o].[CouponId], [o].[CouponUsed], [o].[CreatedAt], [o].[DeleteDate], [o].[IsDeleted], [o].[OrderDate], [o].[PaymentId], [o].[Status], [o].[TotalPrice], [o].[UpdatedAt], [o].[UserId]
FROM [Orders] AS [o]
2024-11-09 13:10:37.028 +07:00 [INF] Executed DbCommand (2ms) [Parameters=[@__p_0='4efaca6a-3cea-49f7-8081-e3116e204790' (Nullable = true)], CommandType='"Text"', CommandTimeout='30']
SELECT TOP(1) [c].[Id], [c].[Code], [c].[CreatedAt], [c].[Description], [c].[DiscountAmount], [c].[ExpirationDate], [c].[IsActive], [c].[IsNewCustomerOnly], [c].[MaxUses], [c].[MaxUsesPerUser], [c].[MinOrderAmount], [c].[UpdatedAt], [c].[UsedCount]
FROM [Coupons] AS [c]
WHERE [c].[Id] = @__p_0
2024-11-09 13:10:37.031 +07:00 [INF] Executed DbCommand (1ms) [Parameters=[], CommandType='"Text"', CommandTimeout='30']
SELECT [o].[Id], [o].[CouponId], [o].[CouponUsed], [o].[CreatedAt], [o].[DeleteDate], [o].[IsDeleted], [o].[OrderDate], [o].[PaymentId], [o].[Status], [o].[TotalPrice], [o].[UpdatedAt], [o].[UserId]
FROM [Orders] AS [o]
2024-11-09 13:10:58.513 +07:00 [INF] Executed DbCommand (2ms) [Parameters=[@__p_0='4efaca6a-3cea-49f7-8081-e3116e204790' (Nullable = true)], CommandType='"Text"', CommandTimeout='30']
SELECT TOP(1) [c].[Id], [c].[Code], [c].[CreatedAt], [c].[Description], [c].[DiscountAmount], [c].[ExpirationDate], [c].[IsActive], [c].[IsNewCustomerOnly], [c].[MaxUses], [c].[MaxUsesPerUser], [c].[MinOrderAmount], [c].[UpdatedAt], [c].[UsedCount]
FROM [Coupons] AS [c]
WHERE [c].[Id] = @__p_0
2024-11-09 13:10:58.517 +07:00 [INF] Executed DbCommand (1ms) [Parameters=[], CommandType='"Text"', CommandTimeout='30']
SELECT [o].[Id], [o].[CouponId], [o].[CouponUsed], [o].[CreatedAt], [o].[DeleteDate], [o].[IsDeleted], [o].[OrderDate], [o].[PaymentId], [o].[Status], [o].[TotalPrice], [o].[UpdatedAt], [o].[UserId]
FROM [Orders] AS [o]
2024-11-09 13:11:30.394 +07:00 [INF] Executed DbCommand (2ms) [Parameters=[@__p_0='4efaca6a-3cea-49f7-8081-e3116e204790' (Nullable = true)], CommandType='"Text"', CommandTimeout='30']
SELECT TOP(1) [c].[Id], [c].[Code], [c].[CreatedAt], [c].[Description], [c].[DiscountAmount], [c].[ExpirationDate], [c].[IsActive], [c].[IsNewCustomerOnly], [c].[MaxUses], [c].[MaxUsesPerUser], [c].[MinOrderAmount], [c].[UpdatedAt], [c].[UsedCount]
FROM [Coupons] AS [c]
WHERE [c].[Id] = @__p_0
2024-11-09 13:11:39.492 +07:00 [INF] Executed DbCommand (1ms) [Parameters=[], CommandType='"Text"', CommandTimeout='30']
SELECT [o].[Id], [o].[CouponId], [o].[CouponUsed], [o].[CreatedAt], [o].[DeleteDate], [o].[IsDeleted], [o].[OrderDate], [o].[PaymentId], [o].[Status], [o].[TotalPrice], [o].[UpdatedAt], [o].[UserId]
FROM [Orders] AS [o]
2024-11-09 13:11:42.742 +07:00 [INF] Executed DbCommand (2ms) [Parameters=[@__p_0='4efaca6a-3cea-49f7-8081-e3116e204790' (Nullable = true)], CommandType='"Text"', CommandTimeout='30']
SELECT TOP(1) [c].[Id], [c].[Code], [c].[CreatedAt], [c].[Description], [c].[DiscountAmount], [c].[ExpirationDate], [c].[IsActive], [c].[IsNewCustomerOnly], [c].[MaxUses], [c].[MaxUsesPerUser], [c].[MinOrderAmount], [c].[UpdatedAt], [c].[UsedCount]
FROM [Coupons] AS [c]
WHERE [c].[Id] = @__p_0
2024-11-09 13:11:44.011 +07:00 [INF] Executed DbCommand (1ms) [Parameters=[], CommandType='"Text"', CommandTimeout='30']
SELECT [o].[Id], [o].[CouponId], [o].[CouponUsed], [o].[CreatedAt], [o].[DeleteDate], [o].[IsDeleted], [o].[OrderDate], [o].[PaymentId], [o].[Status], [o].[TotalPrice], [o].[UpdatedAt], [o].[UserId]
FROM [Orders] AS [o]
2024-11-09 13:11:52.143 +07:00 [INF] Executed DbCommand (1ms) [Parameters=[@__p_0='4efaca6a-3cea-49f7-8081-e3116e204790' (Nullable = true)], CommandType='"Text"', CommandTimeout='30']
SELECT TOP(1) [c].[Id], [c].[Code], [c].[CreatedAt], [c].[Description], [c].[DiscountAmount], [c].[ExpirationDate], [c].[IsActive], [c].[IsNewCustomerOnly], [c].[MaxUses], [c].[MaxUsesPerUser], [c].[MinOrderAmount], [c].[UpdatedAt], [c].[UsedCount]
FROM [Coupons] AS [c]
WHERE [c].[Id] = @__p_0
2024-11-09 13:11:56.080 +07:00 [INF] Executed DbCommand (1ms) [Parameters=[], CommandType='"Text"', CommandTimeout='30']
SELECT [o].[Id], [o].[CouponId], [o].[CouponUsed], [o].[CreatedAt], [o].[DeleteDate], [o].[IsDeleted], [o].[OrderDate], [o].[PaymentId], [o].[Status], [o].[TotalPrice], [o].[UpdatedAt], [o].[UserId]
FROM [Orders] AS [o]
2024-11-09 13:12:11.634 +07:00 [INF] Executed DbCommand (2ms) [Parameters=[@__p_0='4efaca6a-3cea-49f7-8081-e3116e204790' (Nullable = true)], CommandType='"Text"', CommandTimeout='30']
SELECT TOP(1) [c].[Id], [c].[Code], [c].[CreatedAt], [c].[Description], [c].[DiscountAmount], [c].[ExpirationDate], [c].[IsActive], [c].[IsNewCustomerOnly], [c].[MaxUses], [c].[MaxUsesPerUser], [c].[MinOrderAmount], [c].[UpdatedAt], [c].[UsedCount]
FROM [Coupons] AS [c]
WHERE [c].[Id] = @__p_0
2024-11-09 13:12:13.802 +07:00 [INF] Executed DbCommand (1ms) [Parameters=[], CommandType='"Text"', CommandTimeout='30']
SELECT [o].[Id], [o].[CouponId], [o].[CouponUsed], [o].[CreatedAt], [o].[DeleteDate], [o].[IsDeleted], [o].[OrderDate], [o].[PaymentId], [o].[Status], [o].[TotalPrice], [o].[UpdatedAt], [o].[UserId]
FROM [Orders] AS [o]
2024-11-09 13:13:00.230 +07:00 [INF] Executed DbCommand (2ms) [Parameters=[@__p_0='4efaca6a-3cea-49f7-8081-e3116e204790' (Nullable = true)], CommandType='"Text"', CommandTimeout='30']
SELECT TOP(1) [c].[Id], [c].[Code], [c].[CreatedAt], [c].[Description], [c].[DiscountAmount], [c].[ExpirationDate], [c].[IsActive], [c].[IsNewCustomerOnly], [c].[MaxUses], [c].[MaxUsesPerUser], [c].[MinOrderAmount], [c].[UpdatedAt], [c].[UsedCount]
FROM [Coupons] AS [c]
WHERE [c].[Id] = @__p_0
2024-11-09 13:13:00.235 +07:00 [INF] Executed DbCommand (1ms) [Parameters=[], CommandType='"Text"', CommandTimeout='30']
SELECT [o].[Id], [o].[CouponId], [o].[CouponUsed], [o].[CreatedAt], [o].[DeleteDate], [o].[IsDeleted], [o].[OrderDate], [o].[PaymentId], [o].[Status], [o].[TotalPrice], [o].[UpdatedAt], [o].[UserId]
FROM [Orders] AS [o]
2024-11-09 13:13:00.329 +07:00 [INF] Executed DbCommand (2ms) [Parameters=[@p12='4efaca6a-3cea-49f7-8081-e3116e204790', @p0='WELCOME2024' (Nullable = false) (Size = 4000), @p1='2024-11-08T00:06:56.1933417', @p2='10% off on your first order!' (Size = 4000), @p3='10.50' (Precision = 18) (Scale = 2), @p4='2024-12-31T23:59:59.0000000', @p5='True', @p6='True', @p7='3' (Nullable = true), @p8='2' (Nullable = true), @p9='50.00' (Nullable = true) (Precision = 18) (Scale = 2), @p10=NULL (DbType = DateTime2), @p11='3'], CommandType='"Text"', CommandTimeout='30']
SET IMPLICIT_TRANSACTIONS OFF;
SET NOCOUNT ON;
UPDATE [Coupons] SET [Code] = @p0, [CreatedAt] = @p1, [Description] = @p2, [DiscountAmount] = @p3, [ExpirationDate] = @p4, [IsActive] = @p5, [IsNewCustomerOnly] = @p6, [MaxUses] = @p7, [MaxUsesPerUser] = @p8, [MinOrderAmount] = @p9, [UpdatedAt] = @p10, [UsedCount] = @p11
OUTPUT 1
WHERE [Id] = @p12;
2024-11-09 13:13:00.406 +07:00 [INF] Executed DbCommand (2ms) [Parameters=[@p0='e1e45dac-f5c9-46c3-a792-dad3d324a3f5', @p1='4efaca6a-3cea-49f7-8081-e3116e204790' (Nullable = true), @p2='1', @p3='2024-11-09T13:13:00.2274797+07:00', @p4=NULL (DbType = DateTime2), @p5='False', @p6='2024-11-09T06:13:00.2274776Z', @p7=NULL (DbType = Guid), @p8='Draft' (Nullable = false) (Size = 4000), @p9='299989.50' (Precision = 18) (Scale = 2), @p10=NULL (DbType = DateTime2), @p11='fc749758-d546-4bd2-bf96-8089e5206568', @p12='5efce384-8dbb-447a-9a03-822514649bcf', @p13='2024-11-09T13:13:00.2274856+07:00', @p14='e1e45dac-f5c9-46c3-a792-dad3d324a3f5', @p15='300000.00' (Precision = 18) (Scale = 2), @p16='e84ed45c-3cb7-44cb-b4e4-a271e205822e', @p17='1', @p18=NULL (DbType = DateTime2)], CommandType='"Text"', CommandTimeout='30']
SET NOCOUNT ON;
INSERT INTO [Orders] ([Id], [CouponId], [CouponUsed], [CreatedAt], [DeleteDate], [IsDeleted], [OrderDate], [PaymentId], [Status], [TotalPrice], [UpdatedAt], [UserId])
VALUES (@p0, @p1, @p2, @p3, @p4, @p5, @p6, @p7, @p8, @p9, @p10, @p11);
INSERT INTO [OrderItems] ([Id], [CreatedAt], [OrderId], [Price], [ProductId], [Quantity], [UpdatedAt])
VALUES (@p12, @p13, @p14, @p15, @p16, @p17, @p18);
2024-11-09 13:25:25.411 +07:00 [WRN] Sensitive data logging is enabled. Log entries and exception messages may include sensitive application data; this mode should only be enabled during development.
2024-11-09 13:25:25.480 +07:00 [WRN] The 'OrderStatus' property 'Status' on entity type 'Order' is configured with a database-generated default, but has no configured sentinel value. The database-generated default will always be used for inserts when the property has the value '0', since this is the CLR default for the 'OrderStatus' type. Consider using a nullable type, using a nullable backing field, or setting the sentinel value for the property to ensure the database default is used when, and only when, appropriate. See https://aka.ms/efcore-docs-default-values for more information.
2024-11-09 13:25:25.491 +07:00 [WRN] No store type was specified for the decimal property 'MinOrderAmount' on entity type 'Coupon'. This will cause values to be silently truncated if they do not fit in the default precision and scale. Explicitly specify the SQL server column type that can accommodate all the values in 'OnModelCreating' using 'HasColumnType', specify precision and scale using 'HasPrecision', or configure a value converter using 'HasConversion'.
2024-11-09 13:25:25.694 +07:00 [WRN] The query uses a row limiting operator ('Skip'/'Take') without an 'OrderBy' operator. This may lead to unpredictable results. If the 'Distinct' operator is used after 'OrderBy', then make sure to use the 'OrderBy' operator after 'Distinct' as the ordering would otherwise get erased.
2024-11-09 13:25:25.696 +07:00 [WRN] The query uses a row limiting operator ('Skip'/'Take') without an 'OrderBy' operator. This may lead to unpredictable results. If the 'Distinct' operator is used after 'OrderBy', then make sure to use the 'OrderBy' operator after 'Distinct' as the ordering would otherwise get erased.
2024-11-09 13:25:26.013 +07:00 [INF] Executed DbCommand (38ms) [Parameters=[@__p_0='0', @__p_1='10'], CommandType='"Text"', CommandTimeout='30']
SELECT [c].[Id], [c].[Code], [c].[CreatedAt], [c].[Description], [c].[DiscountAmount], [c].[ExpirationDate], [c].[IsActive], [c].[IsNewCustomerOnly], [c].[MaxUses], [c].[MaxUsesPerUser], [c].[MinOrderAmount], [c].[UpdatedAt], [c].[UsedCount]
FROM [Coupons] AS [c]
ORDER BY (SELECT 1)
OFFSET @__p_0 ROWS FETCH NEXT @__p_1 ROWS ONLY
2024-11-09 13:26:01.831 +07:00 [INF] Executed DbCommand (6ms) [Parameters=[@__p_0='4efaca6a-3cea-49f7-8081-e3116e204790' (Nullable = true)], CommandType='"Text"', CommandTimeout='30']
SELECT TOP(1) [c].[Id], [c].[Code], [c].[CreatedAt], [c].[Description], [c].[DiscountAmount], [c].[ExpirationDate], [c].[IsActive], [c].[IsNewCustomerOnly], [c].[MaxUses], [c].[MaxUsesPerUser], [c].[MinOrderAmount], [c].[UpdatedAt], [c].[UsedCount]
FROM [Coupons] AS [c]
WHERE [c].[Id] = @__p_0
2024-11-09 13:27:57.419 +07:00 [WRN] Sensitive data logging is enabled. Log entries and exception messages may include sensitive application data; this mode should only be enabled during development.
2024-11-09 13:27:57.498 +07:00 [WRN] The 'OrderStatus' property 'Status' on entity type 'Order' is configured with a database-generated default, but has no configured sentinel value. The database-generated default will always be used for inserts when the property has the value '0', since this is the CLR default for the 'OrderStatus' type. Consider using a nullable type, using a nullable backing field, or setting the sentinel value for the property to ensure the database default is used when, and only when, appropriate. See https://aka.ms/efcore-docs-default-values for more information.
2024-11-09 13:27:57.511 +07:00 [WRN] No store type was specified for the decimal property 'MinOrderAmount' on entity type 'Coupon'. This will cause values to be silently truncated if they do not fit in the default precision and scale. Explicitly specify the SQL server column type that can accommodate all the values in 'OnModelCreating' using 'HasColumnType', specify precision and scale using 'HasPrecision', or configure a value converter using 'HasConversion'.
2024-11-09 13:27:57.739 +07:00 [WRN] The query uses a row limiting operator ('Skip'/'Take') without an 'OrderBy' operator. This may lead to unpredictable results. If the 'Distinct' operator is used after 'OrderBy', then make sure to use the 'OrderBy' operator after 'Distinct' as the ordering would otherwise get erased.
2024-11-09 13:27:57.741 +07:00 [WRN] The query uses a row limiting operator ('Skip'/'Take') without an 'OrderBy' operator. This may lead to unpredictable results. If the 'Distinct' operator is used after 'OrderBy', then make sure to use the 'OrderBy' operator after 'Distinct' as the ordering would otherwise get erased.
2024-11-09 13:27:58.067 +07:00 [INF] Executed DbCommand (37ms) [Parameters=[@__p_0='0', @__p_1='10'], CommandType='"Text"', CommandTimeout='30']
SELECT [c].[Id], [c].[Code], [c].[CreatedAt], [c].[Description], [c].[DiscountAmount], [c].[ExpirationDate], [c].[IsActive], [c].[IsNewCustomerOnly], [c].[MaxUses], [c].[MaxUsesPerUser], [c].[MinOrderAmount], [c].[UpdatedAt], [c].[UsedCount]
FROM [Coupons] AS [c]
ORDER BY (SELECT 1)
OFFSET @__p_0 ROWS FETCH NEXT @__p_1 ROWS ONLY
2024-11-09 13:28:07.162 +07:00 [WRN] The query uses a row limiting operator ('Skip'/'Take') without an 'OrderBy' operator. This may lead to unpredictable results. If the 'Distinct' operator is used after 'OrderBy', then make sure to use the 'OrderBy' operator after 'Distinct' as the ordering would otherwise get erased.
2024-11-09 13:28:07.164 +07:00 [WRN] The query uses a row limiting operator ('Skip'/'Take') without an 'OrderBy' operator. This may lead to unpredictable results. If the 'Distinct' operator is used after 'OrderBy', then make sure to use the 'OrderBy' operator after 'Distinct' as the ordering would otherwise get erased.
2024-11-09 13:28:07.181 +07:00 [INF] Executed DbCommand (7ms) [Parameters=[@__p_0='0', @__p_1='10'], CommandType='"Text"', CommandTimeout='30']
SELECT [o].[Id], [o].[CouponId], [o].[CouponUsed], [o].[CreatedAt], [o].[DeleteDate], [o].[IsDeleted], [o].[OrderDate], [o].[PaymentId], [o].[Status], [o].[TotalPrice], [o].[UpdatedAt], [o].[UserId]
FROM [Orders] AS [o]
ORDER BY (SELECT 1)
OFFSET @__p_0 ROWS FETCH NEXT @__p_1 ROWS ONLY
2024-11-09 16:40:50.907 +07:00 [WRN] Sensitive data logging is enabled. Log entries and exception messages may include sensitive application data; this mode should only be enabled during development.
2024-11-09 16:40:51.013 +07:00 [WRN] The 'OrderStatus' property 'Status' on entity type 'Order' is configured with a database-generated default, but has no configured sentinel value. The database-generated default will always be used for inserts when the property has the value '0', since this is the CLR default for the 'OrderStatus' type. Consider using a nullable type, using a nullable backing field, or setting the sentinel value for the property to ensure the database default is used when, and only when, appropriate. See https://aka.ms/efcore-docs-default-values for more information.
2024-11-09 16:40:51.029 +07:00 [WRN] No store type was specified for the decimal property 'MinOrderAmount' on entity type 'Coupon'. This will cause values to be silently truncated if they do not fit in the default precision and scale. Explicitly specify the SQL server column type that can accommodate all the values in 'OnModelCreating' using 'HasColumnType', specify precision and scale using 'HasPrecision', or configure a value converter using 'HasConversion'.
2024-11-09 16:40:51.936 +07:00 [INF] Executed DbCommand (53ms) [Parameters=[@__p_0='e1e45dac-f5c9-46c3-a792-dad3d324a3f5' (Nullable = true)], CommandType='"Text"', CommandTimeout='30']
SELECT TOP(1) [o].[Id], [o].[CouponId], [o].[CouponUsed], [o].[CreatedAt], [o].[DeleteDate], [o].[IsDeleted], [o].[OrderDate], [o].[PaymentId], [o].[Status], [o].[TotalPrice], [o].[UpdatedAt], [o].[UserId]
FROM [Orders] AS [o]
WHERE [o].[Id] = @__p_0
2024-11-09 16:43:57.029 +07:00 [WRN] Sensitive data logging is enabled. Log entries and exception messages may include sensitive application data; this mode should only be enabled during development.
2024-11-09 16:43:57.130 +07:00 [WRN] The 'OrderStatus' property 'Status' on entity type 'Order' is configured with a database-generated default, but has no configured sentinel value. The database-generated default will always be used for inserts when the property has the value '0', since this is the CLR default for the 'OrderStatus' type. Consider using a nullable type, using a nullable backing field, or setting the sentinel value for the property to ensure the database default is used when, and only when, appropriate. See https://aka.ms/efcore-docs-default-values for more information.
2024-11-09 16:43:57.146 +07:00 [WRN] No store type was specified for the decimal property 'MinOrderAmount' on entity type 'Coupon'. This will cause values to be silently truncated if they do not fit in the default precision and scale. Explicitly specify the SQL server column type that can accommodate all the values in 'OnModelCreating' using 'HasColumnType', specify precision and scale using 'HasPrecision', or configure a value converter using 'HasConversion'.
2024-11-09 16:43:57.907 +07:00 [INF] Executed DbCommand (52ms) [Parameters=[@__p_0='e1e45dac-f5c9-46c3-a792-dad3d324a3f5' (Nullable = true)], CommandType='"Text"', CommandTimeout='30']
SELECT TOP(1) [o].[Id], [o].[CouponId], [o].[CouponUsed], [o].[CreatedAt], [o].[DeleteDate], [o].[IsDeleted], [o].[OrderDate], [o].[PaymentId], [o].[Status], [o].[TotalPrice], [o].[UpdatedAt], [o].[UserId]
FROM [Orders] AS [o]
WHERE [o].[Id] = @__p_0
2024-11-09 16:45:48.241 +07:00 [WRN] Sensitive data logging is enabled. Log entries and exception messages may include sensitive application data; this mode should only be enabled during development.
2024-11-09 16:45:48.339 +07:00 [WRN] The 'OrderStatus' property 'Status' on entity type 'Order' is configured with a database-generated default, but has no configured sentinel value. The database-generated default will always be used for inserts when the property has the value '0', since this is the CLR default for the 'OrderStatus' type. Consider using a nullable type, using a nullable backing field, or setting the sentinel value for the property to ensure the database default is used when, and only when, appropriate. See https://aka.ms/efcore-docs-default-values for more information.
2024-11-09 16:45:48.355 +07:00 [WRN] No store type was specified for the decimal property 'MinOrderAmount' on entity type 'Coupon'. This will cause values to be silently truncated if they do not fit in the default precision and scale. Explicitly specify the SQL server column type that can accommodate all the values in 'OnModelCreating' using 'HasColumnType', specify precision and scale using 'HasPrecision', or configure a value converter using 'HasConversion'.
2024-11-09 16:45:49.211 +07:00 [INF] Executed DbCommand (59ms) [Parameters=[@__p_0='e1e45dac-f5c9-46c3-a792-dad3d324a3f5' (Nullable = true)], CommandType='"Text"', CommandTimeout='30']
SELECT TOP(1) [c].[Id], [c].[Code], [c].[CreatedAt], [c].[Description], [c].[DiscountAmount], [c].[ExpirationDate], [c].[IsActive], [c].[IsNewCustomerOnly], [c].[MaxUses], [c].[MaxUsesPerUser], [c].[MinOrderAmount], [c].[UpdatedAt], [c].[UsedCount]
FROM [Coupons] AS [c]
WHERE [c].[Id] = @__p_0
2024-11-09 16:46:06.053 +07:00 [INF] Executed DbCommand (12ms) [Parameters=[@__p_0='e1e45dac-f5c9-46c3-a792-dad3d324a3f5' (Nullable = true)], CommandType='"Text"', CommandTimeout='30']
SELECT TOP(1) [o].[Id], [o].[CouponId], [o].[CouponUsed], [o].[CreatedAt], [o].[DeleteDate], [o].[IsDeleted], [o].[OrderDate], [o].[PaymentId], [o].[Status], [o].[TotalPrice], [o].[UpdatedAt], [o].[UserId]
FROM [Orders] AS [o]
WHERE [o].[Id] = @__p_0
2024-11-09 16:46:06.827 +07:00 [ERR] An unhandled exception has occurred while executing the request.
System.ArgumentException: The key value at position 0 of the call to 'DbSet<Coupon>.Find' was of type 'Guid', which does not match the property type of 'CouponId'.
   at Microsoft.EntityFrameworkCore.Internal.EntityFinder`1.FindTracked(Object[] keyValues)
   at Microsoft.EntityFrameworkCore.Internal.EntityFinder`1.FindAsync(Object[] keyValues, CancellationToken cancellationToken)
   at Microsoft.EntityFrameworkCore.Internal.InternalDbSet`1.FindAsync(Object[] keyValues)
   at FashionNest.Application.Repositories.GenericRepository`1.GetByIdAsync(Object id) in D:\NgocLinhHome\C_sharp\workspace\FashionNest\src\FashionNest.Infrastructure\Repositories\GenericRepository.cs:line 51
   at FashionNest.Application.Features.Orders.Queries.GetOrderById.GetOrderByIdQueryHandler.Handle(GetOrderByIdQuery request, CancellationToken cancellationToken) in D:\NgocLinhHome\C_sharp\workspace\FashionNest\src\FashionNest.Application\Features\Orders\Queries\GetOrderById\GetOrderByIdQueryHandler.cs:line 30
   at FashionNest.API.Controllers.OrderController.GetById(Guid id) in D:\NgocLinhHome\C_sharp\workspace\FashionNest\src\FashionNest.API\Controllers\OrderController.cs:line 53
   at Microsoft.AspNetCore.Mvc.Infrastructure.ActionMethodExecutor.TaskOfIActionResultExecutor.Execute(ActionContext actionContext, IActionResultTypeMapper mapper, ObjectMethodExecutor executor, Object controller, Object[] arguments)
   at Microsoft.AspNetCore.Mvc.Infrastructure.ControllerActionInvoker.<InvokeActionMethodAsync>g__Awaited|12_0(ControllerActionInvoker invoker, ValueTask`1 actionResultValueTask)
   at Microsoft.AspNetCore.Mvc.Infrastructure.ControllerActionInvoker.<InvokeNextActionFilterAsync>g__Awaited|10_0(ControllerActionInvoker invoker, Task lastTask, State next, Scope scope, Object state, Boolean isCompleted)
   at Microsoft.AspNetCore.Mvc.Infrastructure.ControllerActionInvoker.Rethrow(ActionExecutedContextSealed context)
   at Microsoft.AspNetCore.Mvc.Infrastructure.ControllerActionInvoker.Next(State& next, Scope& scope, Object& state, Boolean& isCompleted)
   at Microsoft.AspNetCore.Mvc.Infrastructure.ControllerActionInvoker.<InvokeInnerFilterAsync>g__Awaited|13_0(ControllerActionInvoker invoker, Task lastTask, State next, Scope scope, Object state, Boolean isCompleted)
   at Microsoft.AspNetCore.Mvc.Infrastructure.ResourceInvoker.<InvokeFilterPipelineAsync>g__Awaited|20_0(ResourceInvoker invoker, Task lastTask, State next, Scope scope, Object state, Boolean isCompleted)
   at Microsoft.AspNetCore.Mvc.Infrastructure.ResourceInvoker.<InvokeAsync>g__Awaited|17_0(ResourceInvoker invoker, Task task, IDisposable scope)
   at Microsoft.AspNetCore.Mvc.Infrastructure.ResourceInvoker.<InvokeAsync>g__Awaited|17_0(ResourceInvoker invoker, Task task, IDisposable scope)
   at Microsoft.AspNetCore.Authorization.AuthorizationMiddleware.Invoke(HttpContext context)
   at Microsoft.AspNetCore.Authentication.AuthenticationMiddleware.Invoke(HttpContext context)
   at Microsoft.AspNetCore.Diagnostics.ExceptionHandlerMiddlewareImpl.<Invoke>g__Awaited|10_0(ExceptionHandlerMiddlewareImpl middleware, HttpContext context, Task task)
2024-11-09 16:46:54.348 +07:00 [WRN] Sensitive data logging is enabled. Log entries and exception messages may include sensitive application data; this mode should only be enabled during development.
2024-11-09 16:46:54.452 +07:00 [WRN] The 'OrderStatus' property 'Status' on entity type 'Order' is configured with a database-generated default, but has no configured sentinel value. The database-generated default will always be used for inserts when the property has the value '0', since this is the CLR default for the 'OrderStatus' type. Consider using a nullable type, using a nullable backing field, or setting the sentinel value for the property to ensure the database default is used when, and only when, appropriate. See https://aka.ms/efcore-docs-default-values for more information.
2024-11-09 16:46:54.477 +07:00 [WRN] No store type was specified for the decimal property 'MinOrderAmount' on entity type 'Coupon'. This will cause values to be silently truncated if they do not fit in the default precision and scale. Explicitly specify the SQL server column type that can accommodate all the values in 'OnModelCreating' using 'HasColumnType', specify precision and scale using 'HasPrecision', or configure a value converter using 'HasConversion'.
2024-11-09 16:46:55.394 +07:00 [INF] Executed DbCommand (46ms) [Parameters=[@__p_0='e1e45dac-f5c9-46c3-a792-dad3d324a3f5' (Nullable = true)], CommandType='"Text"', CommandTimeout='30']
SELECT TOP(1) [o].[Id], [o].[CouponId], [o].[CouponUsed], [o].[CreatedAt], [o].[DeleteDate], [o].[IsDeleted], [o].[OrderDate], [o].[PaymentId], [o].[Status], [o].[TotalPrice], [o].[UpdatedAt], [o].[UserId]
FROM [Orders] AS [o]
WHERE [o].[Id] = @__p_0
2024-11-09 16:46:55.542 +07:00 [INF] Executed DbCommand (11ms) [Parameters=[@__p_0='4efaca6a-3cea-49f7-8081-e3116e204790' (Nullable = true)], CommandType='"Text"', CommandTimeout='30']
SELECT TOP(1) [c].[Id], [c].[Code], [c].[CreatedAt], [c].[Description], [c].[DiscountAmount], [c].[ExpirationDate], [c].[IsActive], [c].[IsNewCustomerOnly], [c].[MaxUses], [c].[MaxUsesPerUser], [c].[MinOrderAmount], [c].[UpdatedAt], [c].[UsedCount]
FROM [Coupons] AS [c]
WHERE [c].[Id] = @__p_0
2024-11-09 16:48:09.651 +07:00 [WRN] Sensitive data logging is enabled. Log entries and exception messages may include sensitive application data; this mode should only be enabled during development.
2024-11-09 16:48:09.759 +07:00 [WRN] The 'OrderStatus' property 'Status' on entity type 'Order' is configured with a database-generated default, but has no configured sentinel value. The database-generated default will always be used for inserts when the property has the value '0', since this is the CLR default for the 'OrderStatus' type. Consider using a nullable type, using a nullable backing field, or setting the sentinel value for the property to ensure the database default is used when, and only when, appropriate. See https://aka.ms/efcore-docs-default-values for more information.
2024-11-09 16:48:09.775 +07:00 [WRN] No store type was specified for the decimal property 'MinOrderAmount' on entity type 'Coupon'. This will cause values to be silently truncated if they do not fit in the default precision and scale. Explicitly specify the SQL server column type that can accommodate all the values in 'OnModelCreating' using 'HasColumnType', specify precision and scale using 'HasPrecision', or configure a value converter using 'HasConversion'.
2024-11-09 16:48:10.627 +07:00 [INF] Executed DbCommand (50ms) [Parameters=[@__p_0='e1e45dac-f5c9-46c3-a792-dad3d324a3f5' (Nullable = true)], CommandType='"Text"', CommandTimeout='30']
SELECT TOP(1) [o].[Id], [o].[CouponId], [o].[CouponUsed], [o].[CreatedAt], [o].[DeleteDate], [o].[IsDeleted], [o].[OrderDate], [o].[PaymentId], [o].[Status], [o].[TotalPrice], [o].[UpdatedAt], [o].[UserId]
FROM [Orders] AS [o]
WHERE [o].[Id] = @__p_0
2024-11-09 16:48:10.757 +07:00 [INF] Executed DbCommand (11ms) [Parameters=[@__p_0='4efaca6a-3cea-49f7-8081-e3116e204790' (Nullable = true)], CommandType='"Text"', CommandTimeout='30']
SELECT TOP(1) [c].[Id], [c].[Code], [c].[CreatedAt], [c].[Description], [c].[DiscountAmount], [c].[ExpirationDate], [c].[IsActive], [c].[IsNewCustomerOnly], [c].[MaxUses], [c].[MaxUsesPerUser], [c].[MinOrderAmount], [c].[UpdatedAt], [c].[UsedCount]
FROM [Coupons] AS [c]
WHERE [c].[Id] = @__p_0
