2024-11-11 16:01:10.741 +07:00 [ERR] An unhandled exception has occurred while executing the request.
System.InvalidOperationException: No service for type 'MediatR.IRequestHandler`2[FashionNest.Application.Features.Auth.Commands.Register.RegisterUserCommand,FashionNest.Domain.Common.Result`1[FashionNest.Application.Features.Auth.Commands.Register.RegisterUserResult]]' has been registered.
   at Microsoft.Extensions.DependencyInjection.ServiceProviderServiceExtensions.GetRequiredService(IServiceProvider provider, Type serviceType)
   at Microsoft.Extensions.DependencyInjection.ServiceProviderServiceExtensions.GetRequiredService[T](IServiceProvider provider)
   at MediatR.Wrappers.RequestHandlerWrapperImpl`2.<>c__DisplayClass1_0.<Handle>g__Handler|0()
   at MediatR.Wrappers.RequestHandlerWrapperImpl`2.Handle(IRequest`1 request, IServiceProvider serviceProvider, CancellationToken cancellationToken)
   at MediatR.Mediator.Send[TResponse](IRequest`1 request, CancellationToken cancellationToken)
   at FashionNest.API.Controllers.AuthController.Register(RegisterUserCommand request) in D:\NgocLinhHome\C_sharp\workspace\FashionNest\src\FashionNest.API\Controllers\AuthController.cs:line 47
   at Microsoft.AspNetCore.Mvc.Infrastructure.ActionMethodExecutor.TaskOfIActionResultExecutor.Execute(ActionContext actionContext, IActionResultTypeMapper mapper, ObjectMethodExecutor executor, Object controller, Object[] arguments)
   at Microsoft.AspNetCore.Mvc.Infrastructure.ControllerActionInvoker.<InvokeActionMethodAsync>g__Awaited|12_0(ControllerActionInvoker invoker, ValueTask`1 actionResultValueTask)
   at Microsoft.AspNetCore.Mvc.Infrastructure.ControllerActionInvoker.<InvokeNextActionFilterAsync>g__Awaited|10_0(ControllerActionInvoker invoker, Task lastTask, State next, Scope scope, Object state, Boolean isCompleted)
   at Microsoft.AspNetCore.Mvc.Infrastructure.ControllerActionInvoker.Rethrow(ActionExecutedContextSealed context)
   at Microsoft.AspNetCore.Mvc.Infrastructure.ControllerActionInvoker.Next(State& next, Scope& scope, Object& state, Boolean& isCompleted)
   at Microsoft.AspNetCore.Mvc.Infrastructure.ControllerActionInvoker.InvokeInnerFilterAsync()
--- End of stack trace from previous location ---
   at Microsoft.AspNetCore.Mvc.Infrastructure.ResourceInvoker.<InvokeFilterPipelineAsync>g__Awaited|20_0(ResourceInvoker invoker, Task lastTask, State next, Scope scope, Object state, Boolean isCompleted)
   at Microsoft.AspNetCore.Mvc.Infrastructure.ResourceInvoker.<InvokeAsync>g__Awaited|17_0(ResourceInvoker invoker, Task task, IDisposable scope)
   at Microsoft.AspNetCore.Mvc.Infrastructure.ResourceInvoker.<InvokeAsync>g__Awaited|17_0(ResourceInvoker invoker, Task task, IDisposable scope)
   at Microsoft.AspNetCore.Authorization.AuthorizationMiddleware.Invoke(HttpContext context)
   at Microsoft.AspNetCore.Authentication.AuthenticationMiddleware.Invoke(HttpContext context)
   at Microsoft.AspNetCore.Diagnostics.ExceptionHandlerMiddlewareImpl.<Invoke>g__Awaited|10_0(ExceptionHandlerMiddlewareImpl middleware, HttpContext context, Task task)
2024-11-11 16:01:24.124 +07:00 [WRN] Sensitive data logging is enabled. Log entries and exception messages may include sensitive application data; this mode should only be enabled during development.
2024-11-11 16:01:24.185 +07:00 [WRN] The 'OrderStatus' property 'Status' on entity type 'Order' is configured with a database-generated default, but has no configured sentinel value. The database-generated default will always be used for inserts when the property has the value '0', since this is the CLR default for the 'OrderStatus' type. Consider using a nullable type, using a nullable backing field, or setting the sentinel value for the property to ensure the database default is used when, and only when, appropriate. See https://aka.ms/efcore-docs-default-values for more information.
2024-11-11 16:01:24.196 +07:00 [WRN] No store type was specified for the decimal property 'MinOrderAmount' on entity type 'Coupon'. This will cause values to be silently truncated if they do not fit in the default precision and scale. Explicitly specify the SQL server column type that can accommodate all the values in 'OnModelCreating' using 'HasColumnType', specify precision and scale using 'HasPrecision', or configure a value converter using 'HasConversion'.
2024-11-11 16:01:24.472 +07:00 [WRN] The query uses a row limiting operator ('Skip'/'Take') without an 'OrderBy' operator. This may lead to unpredictable results. If the 'Distinct' operator is used after 'OrderBy', then make sure to use the 'OrderBy' operator after 'Distinct' as the ordering would otherwise get erased.
2024-11-11 16:01:24.473 +07:00 [WRN] The query uses a row limiting operator ('Skip'/'Take') without an 'OrderBy' operator. This may lead to unpredictable results. If the 'Distinct' operator is used after 'OrderBy', then make sure to use the 'OrderBy' operator after 'Distinct' as the ordering would otherwise get erased.
2024-11-11 16:01:24.984 +07:00 [INF] Executed DbCommand (56ms) [Parameters=[@__p_0='0', @__p_1='10'], CommandType='"Text"', CommandTimeout='30']
SELECT [c].[Id], [c].[CreatedAt], [c].[Description], [c].[Name], [c].[UpdatedAt]
FROM [Categories] AS [c]
ORDER BY (SELECT 1)
OFFSET @__p_0 ROWS FETCH NEXT @__p_1 ROWS ONLY
2024-11-11 16:01:35.265 +07:00 [INF] Executed DbCommand (5ms) [Parameters=[@p0='101747f2-c94a-4beb-9860-6d3bae2705ec', @p1='2024-11-11T16:01:35.1732768+07:00', @p2='1' (Nullable = false) (Size = 4000), @p3='1' (Nullable = false) (Size = 4000), @p4=NULL (DbType = DateTime2)], CommandType='"Text"', CommandTimeout='30']
SET IMPLICIT_TRANSACTIONS OFF;
SET NOCOUNT ON;
INSERT INTO [Categories] ([Id], [CreatedAt], [Description], [Name], [UpdatedAt])
VALUES (@p0, @p1, @p2, @p3, @p4);
2024-11-11 16:01:41.699 +07:00 [WRN] The query uses a row limiting operator ('Skip'/'Take') without an 'OrderBy' operator. This may lead to unpredictable results. If the 'Distinct' operator is used after 'OrderBy', then make sure to use the 'OrderBy' operator after 'Distinct' as the ordering would otherwise get erased.
2024-11-11 16:01:41.700 +07:00 [WRN] The query uses a row limiting operator ('Skip'/'Take') without an 'OrderBy' operator. This may lead to unpredictable results. If the 'Distinct' operator is used after 'OrderBy', then make sure to use the 'OrderBy' operator after 'Distinct' as the ordering would otherwise get erased.
2024-11-11 16:01:41.710 +07:00 [INF] Executed DbCommand (3ms) [Parameters=[@__p_0='0', @__p_1='10'], CommandType='"Text"', CommandTimeout='30']
SELECT [c].[Id], [c].[Code], [c].[CreatedAt], [c].[Description], [c].[DiscountAmount], [c].[ExpirationDate], [c].[IsActive], [c].[IsNewCustomerOnly], [c].[MaxUses], [c].[MaxUsesPerUser], [c].[MinOrderAmount], [c].[UpdatedAt], [c].[UsedCount]
FROM [Coupons] AS [c]
ORDER BY (SELECT 1)
OFFSET @__p_0 ROWS FETCH NEXT @__p_1 ROWS ONLY
2024-11-11 16:01:48.940 +07:00 [WRN] The query uses a row limiting operator ('Skip'/'Take') without an 'OrderBy' operator. This may lead to unpredictable results. If the 'Distinct' operator is used after 'OrderBy', then make sure to use the 'OrderBy' operator after 'Distinct' as the ordering would otherwise get erased.
2024-11-11 16:01:48.942 +07:00 [WRN] The query uses a row limiting operator ('Skip'/'Take') without an 'OrderBy' operator. This may lead to unpredictable results. If the 'Distinct' operator is used after 'OrderBy', then make sure to use the 'OrderBy' operator after 'Distinct' as the ordering would otherwise get erased.
2024-11-11 16:01:48.954 +07:00 [INF] Executed DbCommand (6ms) [Parameters=[@__p_0='0', @__p_1='10'], CommandType='"Text"', CommandTimeout='30']
SELECT [o].[Id], [o].[CouponId], [o].[CouponUsed], [o].[CreatedAt], [o].[DeleteDate], [o].[IsDeleted], [o].[OrderDate], [o].[PaymentId], [o].[Status], [o].[TotalPrice], [o].[UpdatedAt], [o].[UserId]
FROM [Orders] AS [o]
ORDER BY (SELECT 1)
OFFSET @__p_0 ROWS FETCH NEXT @__p_1 ROWS ONLY
2024-11-11 16:10:34.705 +07:00 [WRN] Sensitive data logging is enabled. Log entries and exception messages may include sensitive application data; this mode should only be enabled during development.
2024-11-11 16:10:34.778 +07:00 [WRN] The 'OrderStatus' property 'Status' on entity type 'Order' is configured with a database-generated default, but has no configured sentinel value. The database-generated default will always be used for inserts when the property has the value '0', since this is the CLR default for the 'OrderStatus' type. Consider using a nullable type, using a nullable backing field, or setting the sentinel value for the property to ensure the database default is used when, and only when, appropriate. See https://aka.ms/efcore-docs-default-values for more information.
2024-11-11 16:10:34.790 +07:00 [WRN] No store type was specified for the decimal property 'MinOrderAmount' on entity type 'Coupon'. This will cause values to be silently truncated if they do not fit in the default precision and scale. Explicitly specify the SQL server column type that can accommodate all the values in 'OnModelCreating' using 'HasColumnType', specify precision and scale using 'HasPrecision', or configure a value converter using 'HasConversion'.
2024-11-11 16:10:35.037 +07:00 [WRN] The query uses a row limiting operator ('Skip'/'Take') without an 'OrderBy' operator. This may lead to unpredictable results. If the 'Distinct' operator is used after 'OrderBy', then make sure to use the 'OrderBy' operator after 'Distinct' as the ordering would otherwise get erased.
2024-11-11 16:10:35.038 +07:00 [WRN] The query uses a row limiting operator ('Skip'/'Take') without an 'OrderBy' operator. This may lead to unpredictable results. If the 'Distinct' operator is used after 'OrderBy', then make sure to use the 'OrderBy' operator after 'Distinct' as the ordering would otherwise get erased.
2024-11-11 16:10:35.472 +07:00 [INF] Executed DbCommand (43ms) [Parameters=[@__p_0='0', @__p_1='10'], CommandType='"Text"', CommandTimeout='30']
SELECT [o].[Id], [o].[CouponId], [o].[CouponUsed], [o].[CreatedAt], [o].[DeleteDate], [o].[IsDeleted], [o].[OrderDate], [o].[PaymentId], [o].[Status], [o].[TotalPrice], [o].[UpdatedAt], [o].[UserId]
FROM [Orders] AS [o]
ORDER BY (SELECT 1)
OFFSET @__p_0 ROWS FETCH NEXT @__p_1 ROWS ONLY
2024-11-11 16:10:36.079 +07:00 [ERR] An unhandled exception has occurred while executing the request.
System.Exception: The key value at position 0 of the call to 'DbSet<Coupon>.Find' was of type 'List<Guid>', which does not match the property type of 'CouponId'.
   at FashionNest.Application.Features.Orders.Queries.GetOrders.GetOrdersQueryHandler.Handle(GetOrdersQuery request, CancellationToken cancellationToken) in D:\NgocLinhHome\C_sharp\workspace\FashionNest\src\FashionNest.Application\Features\Orders\Queries\GetOrders\GetOrdersQueryHandler.cs:line 89
   at FashionNest.API.Controllers.OrderController.GetAll(Int32 pageIndex, Int32 pageSize) in D:\NgocLinhHome\C_sharp\workspace\FashionNest\src\FashionNest.API\Controllers\OrderController.cs:line 35
   at Microsoft.AspNetCore.Mvc.Infrastructure.ActionMethodExecutor.TaskOfIActionResultExecutor.Execute(ActionContext actionContext, IActionResultTypeMapper mapper, ObjectMethodExecutor executor, Object controller, Object[] arguments)
   at Microsoft.AspNetCore.Mvc.Infrastructure.ControllerActionInvoker.<InvokeActionMethodAsync>g__Awaited|12_0(ControllerActionInvoker invoker, ValueTask`1 actionResultValueTask)
   at Microsoft.AspNetCore.Mvc.Infrastructure.ControllerActionInvoker.<InvokeNextActionFilterAsync>g__Awaited|10_0(ControllerActionInvoker invoker, Task lastTask, State next, Scope scope, Object state, Boolean isCompleted)
   at Microsoft.AspNetCore.Mvc.Infrastructure.ControllerActionInvoker.Rethrow(ActionExecutedContextSealed context)
   at Microsoft.AspNetCore.Mvc.Infrastructure.ControllerActionInvoker.Next(State& next, Scope& scope, Object& state, Boolean& isCompleted)
   at Microsoft.AspNetCore.Mvc.Infrastructure.ControllerActionInvoker.<InvokeInnerFilterAsync>g__Awaited|13_0(ControllerActionInvoker invoker, Task lastTask, State next, Scope scope, Object state, Boolean isCompleted)
   at Microsoft.AspNetCore.Mvc.Infrastructure.ResourceInvoker.<InvokeFilterPipelineAsync>g__Awaited|20_0(ResourceInvoker invoker, Task lastTask, State next, Scope scope, Object state, Boolean isCompleted)
   at Microsoft.AspNetCore.Mvc.Infrastructure.ResourceInvoker.<InvokeAsync>g__Awaited|17_0(ResourceInvoker invoker, Task task, IDisposable scope)
   at Microsoft.AspNetCore.Mvc.Infrastructure.ResourceInvoker.<InvokeAsync>g__Awaited|17_0(ResourceInvoker invoker, Task task, IDisposable scope)
   at Microsoft.AspNetCore.Authorization.AuthorizationMiddleware.Invoke(HttpContext context)
   at Microsoft.AspNetCore.Authentication.AuthenticationMiddleware.Invoke(HttpContext context)
   at Microsoft.AspNetCore.Diagnostics.ExceptionHandlerMiddlewareImpl.<Invoke>g__Awaited|10_0(ExceptionHandlerMiddlewareImpl middleware, HttpContext context, Task task)
2024-11-11 16:13:36.769 +07:00 [WRN] Sensitive data logging is enabled. Log entries and exception messages may include sensitive application data; this mode should only be enabled during development.
2024-11-11 16:13:36.850 +07:00 [WRN] The 'OrderStatus' property 'Status' on entity type 'Order' is configured with a database-generated default, but has no configured sentinel value. The database-generated default will always be used for inserts when the property has the value '0', since this is the CLR default for the 'OrderStatus' type. Consider using a nullable type, using a nullable backing field, or setting the sentinel value for the property to ensure the database default is used when, and only when, appropriate. See https://aka.ms/efcore-docs-default-values for more information.
2024-11-11 16:13:36.860 +07:00 [WRN] No store type was specified for the decimal property 'MinOrderAmount' on entity type 'Coupon'. This will cause values to be silently truncated if they do not fit in the default precision and scale. Explicitly specify the SQL server column type that can accommodate all the values in 'OnModelCreating' using 'HasColumnType', specify precision and scale using 'HasPrecision', or configure a value converter using 'HasConversion'.
2024-11-11 16:13:37.101 +07:00 [WRN] The query uses a row limiting operator ('Skip'/'Take') without an 'OrderBy' operator. This may lead to unpredictable results. If the 'Distinct' operator is used after 'OrderBy', then make sure to use the 'OrderBy' operator after 'Distinct' as the ordering would otherwise get erased.
2024-11-11 16:13:37.103 +07:00 [WRN] The query uses a row limiting operator ('Skip'/'Take') without an 'OrderBy' operator. This may lead to unpredictable results. If the 'Distinct' operator is used after 'OrderBy', then make sure to use the 'OrderBy' operator after 'Distinct' as the ordering would otherwise get erased.
2024-11-11 16:13:37.498 +07:00 [INF] Executed DbCommand (42ms) [Parameters=[@__p_0='0', @__p_1='10'], CommandType='"Text"', CommandTimeout='30']
SELECT [o].[Id], [o].[CouponId], [o].[CouponUsed], [o].[CreatedAt], [o].[DeleteDate], [o].[IsDeleted], [o].[OrderDate], [o].[PaymentId], [o].[Status], [o].[TotalPrice], [o].[UpdatedAt], [o].[UserId]
FROM [Orders] AS [o]
ORDER BY (SELECT 1)
OFFSET @__p_0 ROWS FETCH NEXT @__p_1 ROWS ONLY
2024-11-11 16:13:38.141 +07:00 [ERR] An unhandled exception has occurred while executing the request.
System.Exception: The key value at position 0 of the call to 'DbSet<Coupon>.Find' was of type 'List<Guid>', which does not match the property type of 'CouponId'.
   at FashionNest.Application.Features.Orders.Queries.GetOrders.GetOrdersQueryHandler.Handle(GetOrdersQuery request, CancellationToken cancellationToken) in D:\NgocLinhHome\C_sharp\workspace\FashionNest\src\FashionNest.Application\Features\Orders\Queries\GetOrders\GetOrdersQueryHandler.cs:line 88
   at FashionNest.API.Controllers.OrderController.GetAll(Int32 pageIndex, Int32 pageSize) in D:\NgocLinhHome\C_sharp\workspace\FashionNest\src\FashionNest.API\Controllers\OrderController.cs:line 35
   at Microsoft.AspNetCore.Mvc.Infrastructure.ActionMethodExecutor.TaskOfIActionResultExecutor.Execute(ActionContext actionContext, IActionResultTypeMapper mapper, ObjectMethodExecutor executor, Object controller, Object[] arguments)
   at Microsoft.AspNetCore.Mvc.Infrastructure.ControllerActionInvoker.<InvokeActionMethodAsync>g__Awaited|12_0(ControllerActionInvoker invoker, ValueTask`1 actionResultValueTask)
   at Microsoft.AspNetCore.Mvc.Infrastructure.ControllerActionInvoker.<InvokeNextActionFilterAsync>g__Awaited|10_0(ControllerActionInvoker invoker, Task lastTask, State next, Scope scope, Object state, Boolean isCompleted)
   at Microsoft.AspNetCore.Mvc.Infrastructure.ControllerActionInvoker.Rethrow(ActionExecutedContextSealed context)
   at Microsoft.AspNetCore.Mvc.Infrastructure.ControllerActionInvoker.Next(State& next, Scope& scope, Object& state, Boolean& isCompleted)
   at Microsoft.AspNetCore.Mvc.Infrastructure.ControllerActionInvoker.<InvokeInnerFilterAsync>g__Awaited|13_0(ControllerActionInvoker invoker, Task lastTask, State next, Scope scope, Object state, Boolean isCompleted)
   at Microsoft.AspNetCore.Mvc.Infrastructure.ResourceInvoker.<InvokeFilterPipelineAsync>g__Awaited|20_0(ResourceInvoker invoker, Task lastTask, State next, Scope scope, Object state, Boolean isCompleted)
   at Microsoft.AspNetCore.Mvc.Infrastructure.ResourceInvoker.<InvokeAsync>g__Awaited|17_0(ResourceInvoker invoker, Task task, IDisposable scope)
   at Microsoft.AspNetCore.Mvc.Infrastructure.ResourceInvoker.<InvokeAsync>g__Awaited|17_0(ResourceInvoker invoker, Task task, IDisposable scope)
   at Microsoft.AspNetCore.Authorization.AuthorizationMiddleware.Invoke(HttpContext context)
   at Microsoft.AspNetCore.Authentication.AuthenticationMiddleware.Invoke(HttpContext context)
   at Microsoft.AspNetCore.Diagnostics.ExceptionHandlerMiddlewareImpl.<Invoke>g__Awaited|10_0(ExceptionHandlerMiddlewareImpl middleware, HttpContext context, Task task)
2024-11-11 16:18:07.922 +07:00 [WRN] Sensitive data logging is enabled. Log entries and exception messages may include sensitive application data; this mode should only be enabled during development.
2024-11-11 16:18:07.995 +07:00 [WRN] The 'OrderStatus' property 'Status' on entity type 'Order' is configured with a database-generated default, but has no configured sentinel value. The database-generated default will always be used for inserts when the property has the value '0', since this is the CLR default for the 'OrderStatus' type. Consider using a nullable type, using a nullable backing field, or setting the sentinel value for the property to ensure the database default is used when, and only when, appropriate. See https://aka.ms/efcore-docs-default-values for more information.
2024-11-11 16:18:08.006 +07:00 [WRN] No store type was specified for the decimal property 'MinOrderAmount' on entity type 'Coupon'. This will cause values to be silently truncated if they do not fit in the default precision and scale. Explicitly specify the SQL server column type that can accommodate all the values in 'OnModelCreating' using 'HasColumnType', specify precision and scale using 'HasPrecision', or configure a value converter using 'HasConversion'.
2024-11-11 16:18:08.225 +07:00 [WRN] The query uses a row limiting operator ('Skip'/'Take') without an 'OrderBy' operator. This may lead to unpredictable results. If the 'Distinct' operator is used after 'OrderBy', then make sure to use the 'OrderBy' operator after 'Distinct' as the ordering would otherwise get erased.
2024-11-11 16:18:08.227 +07:00 [WRN] The query uses a row limiting operator ('Skip'/'Take') without an 'OrderBy' operator. This may lead to unpredictable results. If the 'Distinct' operator is used after 'OrderBy', then make sure to use the 'OrderBy' operator after 'Distinct' as the ordering would otherwise get erased.
2024-11-11 16:18:08.601 +07:00 [INF] Executed DbCommand (42ms) [Parameters=[@__p_0='0', @__p_1='10'], CommandType='"Text"', CommandTimeout='30']
SELECT [o].[Id], [o].[CouponId], [o].[CouponUsed], [o].[CreatedAt], [o].[DeleteDate], [o].[IsDeleted], [o].[OrderDate], [o].[PaymentId], [o].[Status], [o].[TotalPrice], [o].[UpdatedAt], [o].[UserId]
FROM [Orders] AS [o]
ORDER BY (SELECT 1)
OFFSET @__p_0 ROWS FETCH NEXT @__p_1 ROWS ONLY
2024-11-11 16:18:08.748 +07:00 [INF] Executed DbCommand (3ms) [Parameters=[@__p_0='1619e4fa-37db-4ac8-a255-bb18af4a271a' (Nullable = true)], CommandType='"Text"', CommandTimeout='30']
SELECT TOP(1) [c].[Id], [c].[Code], [c].[CreatedAt], [c].[Description], [c].[DiscountAmount], [c].[ExpirationDate], [c].[IsActive], [c].[IsNewCustomerOnly], [c].[MaxUses], [c].[MaxUsesPerUser], [c].[MinOrderAmount], [c].[UpdatedAt], [c].[UsedCount]
FROM [Coupons] AS [c]
WHERE [c].[Id] = @__p_0
2024-11-11 16:18:08.792 +07:00 [INF] Executed DbCommand (1ms) [Parameters=[@__p_0='4efaca6a-3cea-49f7-8081-e3116e204790' (Nullable = true)], CommandType='"Text"', CommandTimeout='30']
SELECT TOP(1) [c].[Id], [c].[Code], [c].[CreatedAt], [c].[Description], [c].[DiscountAmount], [c].[ExpirationDate], [c].[IsActive], [c].[IsNewCustomerOnly], [c].[MaxUses], [c].[MaxUsesPerUser], [c].[MinOrderAmount], [c].[UpdatedAt], [c].[UsedCount]
FROM [Coupons] AS [c]
WHERE [c].[Id] = @__p_0
2024-11-11 16:18:53.295 +07:00 [WRN] Sensitive data logging is enabled. Log entries and exception messages may include sensitive application data; this mode should only be enabled during development.
2024-11-11 16:18:53.371 +07:00 [WRN] The 'OrderStatus' property 'Status' on entity type 'Order' is configured with a database-generated default, but has no configured sentinel value. The database-generated default will always be used for inserts when the property has the value '0', since this is the CLR default for the 'OrderStatus' type. Consider using a nullable type, using a nullable backing field, or setting the sentinel value for the property to ensure the database default is used when, and only when, appropriate. See https://aka.ms/efcore-docs-default-values for more information.
2024-11-11 16:18:53.387 +07:00 [WRN] No store type was specified for the decimal property 'MinOrderAmount' on entity type 'Coupon'. This will cause values to be silently truncated if they do not fit in the default precision and scale. Explicitly specify the SQL server column type that can accommodate all the values in 'OnModelCreating' using 'HasColumnType', specify precision and scale using 'HasPrecision', or configure a value converter using 'HasConversion'.
2024-11-11 16:18:53.633 +07:00 [WRN] The query uses a row limiting operator ('Skip'/'Take') without an 'OrderBy' operator. This may lead to unpredictable results. If the 'Distinct' operator is used after 'OrderBy', then make sure to use the 'OrderBy' operator after 'Distinct' as the ordering would otherwise get erased.
2024-11-11 16:18:53.635 +07:00 [WRN] The query uses a row limiting operator ('Skip'/'Take') without an 'OrderBy' operator. This may lead to unpredictable results. If the 'Distinct' operator is used after 'OrderBy', then make sure to use the 'OrderBy' operator after 'Distinct' as the ordering would otherwise get erased.
2024-11-11 16:18:54.047 +07:00 [INF] Executed DbCommand (44ms) [Parameters=[@__p_0='0', @__p_1='10'], CommandType='"Text"', CommandTimeout='30']
SELECT [p].[Id], [p].[Amount], [p].[CreatedAt], [p].[Description], [p].[Method], [p].[PaymentDate], [p].[Status], [p].[UpdatedAt], [p].[UserId]
FROM [Payments] AS [p]
ORDER BY (SELECT 1)
OFFSET @__p_0 ROWS FETCH NEXT @__p_1 ROWS ONLY
2024-11-11 16:19:15.151 +07:00 [INF] Executed DbCommand (4ms) [Parameters=[@__p_0='fc749758-d546-4bd2-bf96-8089e5206568' (Nullable = true)], CommandType='"Text"', CommandTimeout='30']
SELECT [p].[Id], [p].[Amount], [p].[CreatedAt], [p].[Description], [p].[Method], [p].[PaymentDate], [p].[Status], [p].[UpdatedAt], [p].[UserId]
FROM [Payments] AS [p]
WHERE [p].[UserId] = @__p_0
2024-11-11 16:19:22.746 +07:00 [INF] Executed DbCommand (2ms) [Parameters=[@__p_0='dc9c258f-1ffb-423a-9ee8-18ca53382003' (Nullable = true)], CommandType='"Text"', CommandTimeout='30']
SELECT TOP(1) [p].[Id], [p].[Amount], [p].[CreatedAt], [p].[Description], [p].[Method], [p].[PaymentDate], [p].[Status], [p].[UpdatedAt], [p].[UserId]
FROM [Payments] AS [p]
WHERE [p].[Id] = @__p_0
2024-11-11 16:19:27.505 +07:00 [WRN] The query uses a row limiting operator ('Skip'/'Take') without an 'OrderBy' operator. This may lead to unpredictable results. If the 'Distinct' operator is used after 'OrderBy', then make sure to use the 'OrderBy' operator after 'Distinct' as the ordering would otherwise get erased.
2024-11-11 16:19:27.506 +07:00 [WRN] The query uses a row limiting operator ('Skip'/'Take') without an 'OrderBy' operator. This may lead to unpredictable results. If the 'Distinct' operator is used after 'OrderBy', then make sure to use the 'OrderBy' operator after 'Distinct' as the ordering would otherwise get erased.
2024-11-11 16:19:27.520 +07:00 [INF] Executed DbCommand (6ms) [Parameters=[@__p_0='0', @__p_1='10'], CommandType='"Text"', CommandTimeout='30']
SELECT [o].[Id], [o].[CouponId], [o].[CouponUsed], [o].[CreatedAt], [o].[DeleteDate], [o].[IsDeleted], [o].[OrderDate], [o].[PaymentId], [o].[Status], [o].[TotalPrice], [o].[UpdatedAt], [o].[UserId]
FROM [Orders] AS [o]
ORDER BY (SELECT 1)
OFFSET @__p_0 ROWS FETCH NEXT @__p_1 ROWS ONLY
2024-11-11 16:19:27.561 +07:00 [INF] Executed DbCommand (4ms) [Parameters=[@__p_0='1619e4fa-37db-4ac8-a255-bb18af4a271a' (Nullable = true)], CommandType='"Text"', CommandTimeout='30']
SELECT TOP(1) [c].[Id], [c].[Code], [c].[CreatedAt], [c].[Description], [c].[DiscountAmount], [c].[ExpirationDate], [c].[IsActive], [c].[IsNewCustomerOnly], [c].[MaxUses], [c].[MaxUsesPerUser], [c].[MinOrderAmount], [c].[UpdatedAt], [c].[UsedCount]
FROM [Coupons] AS [c]
WHERE [c].[Id] = @__p_0
2024-11-11 16:19:27.602 +07:00 [INF] Executed DbCommand (1ms) [Parameters=[@__p_0='4efaca6a-3cea-49f7-8081-e3116e204790' (Nullable = true)], CommandType='"Text"', CommandTimeout='30']
SELECT TOP(1) [c].[Id], [c].[Code], [c].[CreatedAt], [c].[Description], [c].[DiscountAmount], [c].[ExpirationDate], [c].[IsActive], [c].[IsNewCustomerOnly], [c].[MaxUses], [c].[MaxUsesPerUser], [c].[MinOrderAmount], [c].[UpdatedAt], [c].[UsedCount]
FROM [Coupons] AS [c]
WHERE [c].[Id] = @__p_0
2024-11-11 16:19:46.946 +07:00 [INF] Executed DbCommand (2ms) [Parameters=[@__p_0='3971fe72-db02-4724-a4e1-b93bd440d204' (Nullable = true)], CommandType='"Text"', CommandTimeout='30']
SELECT TOP(1) [o].[Id], [o].[CouponId], [o].[CouponUsed], [o].[CreatedAt], [o].[DeleteDate], [o].[IsDeleted], [o].[OrderDate], [o].[PaymentId], [o].[Status], [o].[TotalPrice], [o].[UpdatedAt], [o].[UserId]
FROM [Orders] AS [o]
WHERE [o].[Id] = @__p_0
2024-11-11 16:19:46.952 +07:00 [INF] Executed DbCommand (1ms) [Parameters=[@__p_0='4efaca6a-3cea-49f7-8081-e3116e204790' (Nullable = true)], CommandType='"Text"', CommandTimeout='30']
SELECT TOP(1) [c].[Id], [c].[Code], [c].[CreatedAt], [c].[Description], [c].[DiscountAmount], [c].[ExpirationDate], [c].[IsActive], [c].[IsNewCustomerOnly], [c].[MaxUses], [c].[MaxUsesPerUser], [c].[MinOrderAmount], [c].[UpdatedAt], [c].[UsedCount]
FROM [Coupons] AS [c]
WHERE [c].[Id] = @__p_0
2024-11-11 16:19:53.685 +07:00 [INF] Get all products GetProductsQuery { PageIndex = 1, PageSize = 10 }
2024-11-11 16:19:53.700 +07:00 [WRN] The query uses a row limiting operator ('Skip'/'Take') without an 'OrderBy' operator. This may lead to unpredictable results. If the 'Distinct' operator is used after 'OrderBy', then make sure to use the 'OrderBy' operator after 'Distinct' as the ordering would otherwise get erased.
2024-11-11 16:19:53.702 +07:00 [WRN] The query uses a row limiting operator ('Skip'/'Take') without an 'OrderBy' operator. This may lead to unpredictable results. If the 'Distinct' operator is used after 'OrderBy', then make sure to use the 'OrderBy' operator after 'Distinct' as the ordering would otherwise get erased.
2024-11-11 16:19:53.741 +07:00 [INF] Executed DbCommand (6ms) [Parameters=[@__p_0='0', @__p_1='10'], CommandType='"Text"', CommandTimeout='30']
SELECT [p0].[Id], [p0].[CategoryId], [p0].[CreatedAt], [p0].[Description], [p0].[Image], [p0].[IsRental], [p0].[Name], [p0].[Price], [p0].[Stock], [p0].[UpdatedAt], [c].[Id], [c].[CreatedAt], [c].[Description], [c].[Name], [c].[UpdatedAt]
FROM (
    SELECT [p].[Id], [p].[CategoryId], [p].[CreatedAt], [p].[Description], [p].[Image], [p].[IsRental], [p].[Name], [p].[Price], [p].[Stock], [p].[UpdatedAt]
    FROM [Products] AS [p]
    ORDER BY (SELECT 1)
    OFFSET @__p_0 ROWS FETCH NEXT @__p_1 ROWS ONLY
) AS [p0]
INNER JOIN [Categories] AS [c] ON [p0].[CategoryId] = [c].[Id]
2024-11-11 16:20:05.119 +07:00 [WRN] The query uses a row limiting operator ('Skip'/'Take') without an 'OrderBy' operator. This may lead to unpredictable results. If the 'Distinct' operator is used after 'OrderBy', then make sure to use the 'OrderBy' operator after 'Distinct' as the ordering would otherwise get erased.
2024-11-11 16:20:05.122 +07:00 [WRN] The query uses a row limiting operator ('Skip'/'Take') without an 'OrderBy' operator. This may lead to unpredictable results. If the 'Distinct' operator is used after 'OrderBy', then make sure to use the 'OrderBy' operator after 'Distinct' as the ordering would otherwise get erased.
2024-11-11 16:20:05.132 +07:00 [INF] Executed DbCommand (4ms) [Parameters=[@__p_0='0', @__p_1='10'], CommandType='"Text"', CommandTimeout='30']
SELECT [u].[Id], [u].[Address], [u].[Avatar], [u].[CreatedAt], [u].[Email], [u].[IsActive], [u].[Name], [u].[Password], [u].[PhoneNumber], [u].[RoleId], [u].[UpdatedAt]
FROM [Users] AS [u]
WHERE [u].[IsActive] = CAST(1 AS bit)
ORDER BY (SELECT 1)
OFFSET @__p_0 ROWS FETCH NEXT @__p_1 ROWS ONLY
2024-11-11 16:20:34.438 +07:00 [ERR] An unhandled exception has occurred while executing the request.
System.InvalidOperationException: No service for type 'MediatR.IRequestHandler`2[FashionNest.Application.Features.Auth.Commands.Register.RegisterUserCommand,FashionNest.Domain.Common.Result`1[FashionNest.Application.Features.Auth.Commands.Register.RegisterUserResult]]' has been registered.
   at Microsoft.Extensions.DependencyInjection.ServiceProviderServiceExtensions.GetRequiredService(IServiceProvider provider, Type serviceType)
   at Microsoft.Extensions.DependencyInjection.ServiceProviderServiceExtensions.GetRequiredService[T](IServiceProvider provider)
   at MediatR.Wrappers.RequestHandlerWrapperImpl`2.<>c__DisplayClass1_0.<Handle>g__Handler|0()
   at MediatR.Wrappers.RequestHandlerWrapperImpl`2.Handle(IRequest`1 request, IServiceProvider serviceProvider, CancellationToken cancellationToken)
   at MediatR.Mediator.Send[TResponse](IRequest`1 request, CancellationToken cancellationToken)
   at FashionNest.API.Controllers.AuthController.Register(RegisterUserCommand request) in D:\NgocLinhHome\C_sharp\workspace\FashionNest\src\FashionNest.API\Controllers\AuthController.cs:line 47
   at Microsoft.AspNetCore.Mvc.Infrastructure.ActionMethodExecutor.TaskOfIActionResultExecutor.Execute(ActionContext actionContext, IActionResultTypeMapper mapper, ObjectMethodExecutor executor, Object controller, Object[] arguments)
   at Microsoft.AspNetCore.Mvc.Infrastructure.ControllerActionInvoker.<InvokeActionMethodAsync>g__Awaited|12_0(ControllerActionInvoker invoker, ValueTask`1 actionResultValueTask)
   at Microsoft.AspNetCore.Mvc.Infrastructure.ControllerActionInvoker.<InvokeNextActionFilterAsync>g__Awaited|10_0(ControllerActionInvoker invoker, Task lastTask, State next, Scope scope, Object state, Boolean isCompleted)
   at Microsoft.AspNetCore.Mvc.Infrastructure.ControllerActionInvoker.Rethrow(ActionExecutedContextSealed context)
   at Microsoft.AspNetCore.Mvc.Infrastructure.ControllerActionInvoker.Next(State& next, Scope& scope, Object& state, Boolean& isCompleted)
   at Microsoft.AspNetCore.Mvc.Infrastructure.ControllerActionInvoker.InvokeInnerFilterAsync()
--- End of stack trace from previous location ---
   at Microsoft.AspNetCore.Mvc.Infrastructure.ResourceInvoker.<InvokeFilterPipelineAsync>g__Awaited|20_0(ResourceInvoker invoker, Task lastTask, State next, Scope scope, Object state, Boolean isCompleted)
   at Microsoft.AspNetCore.Mvc.Infrastructure.ResourceInvoker.<InvokeAsync>g__Awaited|17_0(ResourceInvoker invoker, Task task, IDisposable scope)
   at Microsoft.AspNetCore.Mvc.Infrastructure.ResourceInvoker.<InvokeAsync>g__Awaited|17_0(ResourceInvoker invoker, Task task, IDisposable scope)
   at Microsoft.AspNetCore.Authorization.AuthorizationMiddleware.Invoke(HttpContext context)
   at Microsoft.AspNetCore.Authentication.AuthenticationMiddleware.Invoke(HttpContext context)
   at Microsoft.AspNetCore.Diagnostics.ExceptionHandlerMiddlewareImpl.<Invoke>g__Awaited|10_0(ExceptionHandlerMiddlewareImpl middleware, HttpContext context, Task task)
2024-11-11 16:24:31.417 +07:00 [WRN] Sensitive data logging is enabled. Log entries and exception messages may include sensitive application data; this mode should only be enabled during development.
2024-11-11 16:24:31.494 +07:00 [WRN] The 'OrderStatus' property 'Status' on entity type 'Order' is configured with a database-generated default, but has no configured sentinel value. The database-generated default will always be used for inserts when the property has the value '0', since this is the CLR default for the 'OrderStatus' type. Consider using a nullable type, using a nullable backing field, or setting the sentinel value for the property to ensure the database default is used when, and only when, appropriate. See https://aka.ms/efcore-docs-default-values for more information.
2024-11-11 16:24:31.508 +07:00 [WRN] No store type was specified for the decimal property 'MinOrderAmount' on entity type 'Coupon'. This will cause values to be silently truncated if they do not fit in the default precision and scale. Explicitly specify the SQL server column type that can accommodate all the values in 'OnModelCreating' using 'HasColumnType', specify precision and scale using 'HasPrecision', or configure a value converter using 'HasConversion'.
2024-11-11 16:24:32.170 +07:00 [INF] Executed DbCommand (44ms) [Parameters=[@__email_0='1@gmail.com' (Size = 450)], CommandType='"Text"', CommandTimeout='30']
SELECT TOP(1) [u].[Id], [u].[Address], [u].[Avatar], [u].[CreatedAt], [u].[Email], [u].[IsActive], [u].[Name], [u].[Password], [u].[PhoneNumber], [u].[RoleId], [u].[UpdatedAt]
FROM [Users] AS [u]
WHERE [u].[Email] = @__email_0
2024-11-11 16:24:32.223 +07:00 [INF] Executed DbCommand (4ms) [Parameters=[@__ToLower_0='customer' (Size = 450)], CommandType='"Text"', CommandTimeout='30']
SELECT TOP(1) [r].[Id], [r].[CreatedAt], [r].[Description], [r].[Name], [r].[UpdatedAt]
FROM [Roles] AS [r]
WHERE LOWER([r].[Name]) = @__ToLower_0
2024-11-11 16:24:32.699 +07:00 [INF] Executed DbCommand (5ms) [Parameters=[@p0='70d89d4b-54cd-4faf-afa7-399e4e34d97b', @p1='1' (Nullable = false) (Size = 4000), @p2=NULL (Size = 4000), @p3='2024-11-11T16:24:32.2733186+07:00', @p4='1@gmail.com' (Nullable = false) (Size = 450), @p5='True', @p6='1' (Nullable = false) (Size = 4000), @p7='$2a$11$WHDRcY0oMtwdgaZfxvSE9.flchFEJQbSo9X9s5Q/Zj2bTjJhRYdYO' (Nullable = false) (Size = 4000), @p8='1111111111' (Nullable = false) (Size = 4000), @p9='6b9ac222-64a6-4c52-815d-65b291f1a883', @p10=NULL (DbType = DateTime2)], CommandType='"Text"', CommandTimeout='30']
SET IMPLICIT_TRANSACTIONS OFF;
SET NOCOUNT ON;
INSERT INTO [Users] ([Id], [Address], [Avatar], [CreatedAt], [Email], [IsActive], [Name], [Password], [PhoneNumber], [RoleId], [UpdatedAt])
VALUES (@p0, @p1, @p2, @p3, @p4, @p5, @p6, @p7, @p8, @p9, @p10);
2024-11-11 16:24:44.556 +07:00 [WRN] The query uses a row limiting operator ('Skip'/'Take') without an 'OrderBy' operator. This may lead to unpredictable results. If the 'Distinct' operator is used after 'OrderBy', then make sure to use the 'OrderBy' operator after 'Distinct' as the ordering would otherwise get erased.
2024-11-11 16:24:44.558 +07:00 [WRN] The query uses a row limiting operator ('Skip'/'Take') without an 'OrderBy' operator. This may lead to unpredictable results. If the 'Distinct' operator is used after 'OrderBy', then make sure to use the 'OrderBy' operator after 'Distinct' as the ordering would otherwise get erased.
2024-11-11 16:24:44.566 +07:00 [INF] Executed DbCommand (2ms) [Parameters=[@__p_0='0', @__p_1='10'], CommandType='"Text"', CommandTimeout='30']
SELECT [u].[Id], [u].[Address], [u].[Avatar], [u].[CreatedAt], [u].[Email], [u].[IsActive], [u].[Name], [u].[Password], [u].[PhoneNumber], [u].[RoleId], [u].[UpdatedAt]
FROM [Users] AS [u]
WHERE [u].[IsActive] = CAST(1 AS bit)
ORDER BY (SELECT 1)
OFFSET @__p_0 ROWS FETCH NEXT @__p_1 ROWS ONLY
2024-11-11 16:27:42.503 +07:00 [WRN] Sensitive data logging is enabled. Log entries and exception messages may include sensitive application data; this mode should only be enabled during development.
2024-11-11 16:27:42.581 +07:00 [WRN] The 'OrderStatus' property 'Status' on entity type 'Order' is configured with a database-generated default, but has no configured sentinel value. The database-generated default will always be used for inserts when the property has the value '0', since this is the CLR default for the 'OrderStatus' type. Consider using a nullable type, using a nullable backing field, or setting the sentinel value for the property to ensure the database default is used when, and only when, appropriate. See https://aka.ms/efcore-docs-default-values for more information.
2024-11-11 16:27:42.593 +07:00 [WRN] No store type was specified for the decimal property 'MinOrderAmount' on entity type 'Coupon'. This will cause values to be silently truncated if they do not fit in the default precision and scale. Explicitly specify the SQL server column type that can accommodate all the values in 'OnModelCreating' using 'HasColumnType', specify precision and scale using 'HasPrecision', or configure a value converter using 'HasConversion'.
2024-11-11 16:27:43.246 +07:00 [INF] Executed DbCommand (41ms) [Parameters=[@__email_0='1@gmail.com' (Size = 450)], CommandType='"Text"', CommandTimeout='30']
SELECT TOP(1) [u].[Id], [u].[Address], [u].[Avatar], [u].[CreatedAt], [u].[Email], [u].[IsActive], [u].[Name], [u].[Password], [u].[PhoneNumber], [u].[RoleId], [u].[UpdatedAt]
FROM [Users] AS [u]
WHERE [u].[Email] = @__email_0
