2024-11-17 10:28:19.467 +07:00 [WRN] Sensitive data logging is enabled. Log entries and exception messages may include sensitive application data; this mode should only be enabled during development.
2024-11-17 10:28:19.554 +07:00 [WRN] The 'OrderStatus' property 'Status' on entity type 'Order' is configured with a database-generated default, but has no configured sentinel value. The database-generated default will always be used for inserts when the property has the value '0', since this is the CLR default for the 'OrderStatus' type. Consider using a nullable type, using a nullable backing field, or setting the sentinel value for the property to ensure the database default is used when, and only when, appropriate. See https://aka.ms/efcore-docs-default-values for more information.
2024-11-17 10:28:19.568 +07:00 [WRN] No store type was specified for the decimal property 'MinOrderAmount' on entity type 'Coupon'. This will cause values to be silently truncated if they do not fit in the default precision and scale. Explicitly specify the SQL server column type that can accommodate all the values in 'OnModelCreating' using 'HasColumnType', specify precision and scale using 'HasPrecision', or configure a value converter using 'HasConversion'.
2024-11-17 10:28:20.418 +07:00 [INF] Executed DbCommand (55ms) [Parameters=[@__email_0='admin@gmail.com' (Size = 450)], CommandType='"Text"', CommandTimeout='30']
SELECT TOP(1) [u].[Id], [u].[Address], [u].[Avatar], [u].[CreatedAt], [u].[Email], [u].[IsActive], [u].[Name], [u].[Password], [u].[PhoneNumber], [u].[RoleId], [u].[UpdatedAt]
FROM [Users] AS [u]
WHERE [u].[Email] = @__email_0
2024-11-17 10:28:20.624 +07:00 [INF] Executed DbCommand (3ms) [Parameters=[@__email_0='admin@gmail.com' (Size = 450)], CommandType='"Text"', CommandTimeout='30']
SELECT TOP(1) [u].[Id], [u].[Address], [u].[Avatar], [u].[CreatedAt], [u].[Email], [u].[IsActive], [u].[Name], [u].[Password], [u].[PhoneNumber], [u].[RoleId], [u].[UpdatedAt]
FROM [Users] AS [u]
WHERE [u].[Email] = @__email_0
2024-11-17 10:28:36.636 +07:00 [INF] Executed DbCommand (3ms) [Parameters=[@__email_0='admin@gmail.com' (Size = 450)], CommandType='"Text"', CommandTimeout='30']
SELECT TOP(1) [u].[Id], [u].[Address], [u].[Avatar], [u].[CreatedAt], [u].[Email], [u].[IsActive], [u].[Name], [u].[Password], [u].[PhoneNumber], [u].[RoleId], [u].[UpdatedAt]
FROM [Users] AS [u]
WHERE [u].[Email] = @__email_0
2024-11-17 10:31:30.348 +07:00 [INF] Executed DbCommand (1ms) [Parameters=[@__email_0='admin@gmail.com' (Size = 450)], CommandType='"Text"', CommandTimeout='30']
SELECT TOP(1) [u].[Id], [u].[Address], [u].[Avatar], [u].[CreatedAt], [u].[Email], [u].[IsActive], [u].[Name], [u].[Password], [u].[PhoneNumber], [u].[RoleId], [u].[UpdatedAt]
FROM [Users] AS [u]
WHERE [u].[Email] = @__email_0
2024-11-17 10:40:29.780 +07:00 [INF] Executed DbCommand (4ms) [Parameters=[@__email_0='admin@gmail.com' (Size = 450)], CommandType='"Text"', CommandTimeout='30']
SELECT TOP(1) [u].[Id], [u].[Address], [u].[Avatar], [u].[CreatedAt], [u].[Email], [u].[IsActive], [u].[Name], [u].[Password], [u].[PhoneNumber], [u].[RoleId], [u].[UpdatedAt]
FROM [Users] AS [u]
WHERE [u].[Email] = @__email_0
2024-11-17 10:40:31.111 +07:00 [INF] Executed DbCommand (2ms) [Parameters=[@__email_0='admin@gmail.com' (Size = 450)], CommandType='"Text"', CommandTimeout='30']
SELECT TOP(1) [u].[Id], [u].[Address], [u].[Avatar], [u].[CreatedAt], [u].[Email], [u].[IsActive], [u].[Name], [u].[Password], [u].[PhoneNumber], [u].[RoleId], [u].[UpdatedAt]
FROM [Users] AS [u]
WHERE [u].[Email] = @__email_0
2024-11-17 10:40:32.024 +07:00 [INF] Executed DbCommand (2ms) [Parameters=[@__email_0='admin@gmail.com' (Size = 450)], CommandType='"Text"', CommandTimeout='30']
SELECT TOP(1) [u].[Id], [u].[Address], [u].[Avatar], [u].[CreatedAt], [u].[Email], [u].[IsActive], [u].[Name], [u].[Password], [u].[PhoneNumber], [u].[RoleId], [u].[UpdatedAt]
FROM [Users] AS [u]
WHERE [u].[Email] = @__email_0
2024-11-17 10:40:34.357 +07:00 [INF] Executed DbCommand (1ms) [Parameters=[@__email_0='admin@gmail.com' (Size = 450)], CommandType='"Text"', CommandTimeout='30']
SELECT TOP(1) [u].[Id], [u].[Address], [u].[Avatar], [u].[CreatedAt], [u].[Email], [u].[IsActive], [u].[Name], [u].[Password], [u].[PhoneNumber], [u].[RoleId], [u].[UpdatedAt]
FROM [Users] AS [u]
WHERE [u].[Email] = @__email_0
2024-11-17 10:40:34.815 +07:00 [INF] Executed DbCommand (1ms) [Parameters=[@__email_0='admin@gmail.com' (Size = 450)], CommandType='"Text"', CommandTimeout='30']
SELECT TOP(1) [u].[Id], [u].[Address], [u].[Avatar], [u].[CreatedAt], [u].[Email], [u].[IsActive], [u].[Name], [u].[Password], [u].[PhoneNumber], [u].[RoleId], [u].[UpdatedAt]
FROM [Users] AS [u]
WHERE [u].[Email] = @__email_0
2024-11-17 10:40:34.961 +07:00 [INF] Executed DbCommand (2ms) [Parameters=[@__email_0='admin@gmail.com' (Size = 450)], CommandType='"Text"', CommandTimeout='30']
SELECT TOP(1) [u].[Id], [u].[Address], [u].[Avatar], [u].[CreatedAt], [u].[Email], [u].[IsActive], [u].[Name], [u].[Password], [u].[PhoneNumber], [u].[RoleId], [u].[UpdatedAt]
FROM [Users] AS [u]
WHERE [u].[Email] = @__email_0
2024-11-17 10:41:05.983 +07:00 [INF] Executed DbCommand (1ms) [Parameters=[@__email_0='admin@gmail.com' (Size = 450)], CommandType='"Text"', CommandTimeout='30']
SELECT TOP(1) [u].[Id], [u].[Address], [u].[Avatar], [u].[CreatedAt], [u].[Email], [u].[IsActive], [u].[Name], [u].[Password], [u].[PhoneNumber], [u].[RoleId], [u].[UpdatedAt]
FROM [Users] AS [u]
WHERE [u].[Email] = @__email_0
2024-11-17 10:41:30.786 +07:00 [INF] Executed DbCommand (1ms) [Parameters=[@__email_0='admin@gmail.com' (Size = 450)], CommandType='"Text"', CommandTimeout='30']
SELECT TOP(1) [u].[Id], [u].[Address], [u].[Avatar], [u].[CreatedAt], [u].[Email], [u].[IsActive], [u].[Name], [u].[Password], [u].[PhoneNumber], [u].[RoleId], [u].[UpdatedAt]
FROM [Users] AS [u]
WHERE [u].[Email] = @__email_0
2024-11-17 10:42:02.348 +07:00 [INF] Executed DbCommand (1ms) [Parameters=[@__email_0='admin@gmail.com' (Size = 450)], CommandType='"Text"', CommandTimeout='30']
SELECT TOP(1) [u].[Id], [u].[Address], [u].[Avatar], [u].[CreatedAt], [u].[Email], [u].[IsActive], [u].[Name], [u].[Password], [u].[PhoneNumber], [u].[RoleId], [u].[UpdatedAt]
FROM [Users] AS [u]
WHERE [u].[Email] = @__email_0
2024-11-17 10:42:02.526 +07:00 [INF] Executed DbCommand (2ms) [Parameters=[@__email_0='admin@gmail.com' (Size = 450)], CommandType='"Text"', CommandTimeout='30']
SELECT TOP(1) [u].[Id], [u].[Address], [u].[Avatar], [u].[CreatedAt], [u].[Email], [u].[IsActive], [u].[Name], [u].[Password], [u].[PhoneNumber], [u].[RoleId], [u].[UpdatedAt]
FROM [Users] AS [u]
WHERE [u].[Email] = @__email_0
2024-11-17 10:42:02.670 +07:00 [INF] Executed DbCommand (1ms) [Parameters=[@__email_0='admin@gmail.com' (Size = 450)], CommandType='"Text"', CommandTimeout='30']
SELECT TOP(1) [u].[Id], [u].[Address], [u].[Avatar], [u].[CreatedAt], [u].[Email], [u].[IsActive], [u].[Name], [u].[Password], [u].[PhoneNumber], [u].[RoleId], [u].[UpdatedAt]
FROM [Users] AS [u]
WHERE [u].[Email] = @__email_0
2024-11-17 10:42:02.786 +07:00 [INF] Executed DbCommand (2ms) [Parameters=[@__email_0='admin@gmail.com' (Size = 450)], CommandType='"Text"', CommandTimeout='30']
SELECT TOP(1) [u].[Id], [u].[Address], [u].[Avatar], [u].[CreatedAt], [u].[Email], [u].[IsActive], [u].[Name], [u].[Password], [u].[PhoneNumber], [u].[RoleId], [u].[UpdatedAt]
FROM [Users] AS [u]
WHERE [u].[Email] = @__email_0
2024-11-17 10:54:44.507 +07:00 [INF] Get all products GetProductsQuery { PageIndex = 1, PageSize = 10 }
2024-11-17 10:54:44.527 +07:00 [WRN] The query uses a row limiting operator ('Skip'/'Take') without an 'OrderBy' operator. This may lead to unpredictable results. If the 'Distinct' operator is used after 'OrderBy', then make sure to use the 'OrderBy' operator after 'Distinct' as the ordering would otherwise get erased.
2024-11-17 10:54:44.529 +07:00 [WRN] The query uses a row limiting operator ('Skip'/'Take') without an 'OrderBy' operator. This may lead to unpredictable results. If the 'Distinct' operator is used after 'OrderBy', then make sure to use the 'OrderBy' operator after 'Distinct' as the ordering would otherwise get erased.
2024-11-17 10:54:44.636 +07:00 [INF] Executed DbCommand (5ms) [Parameters=[@__p_0='0', @__p_1='10'], CommandType='"Text"', CommandTimeout='30']
SELECT [p0].[Id], [p0].[CategoryId], [p0].[CreatedAt], [p0].[Description], [p0].[Image], [p0].[IsRental], [p0].[Name], [p0].[Price], [p0].[Stock], [p0].[UpdatedAt], [c].[Id], [c].[CreatedAt], [c].[Description], [c].[Name], [c].[UpdatedAt]
FROM (
    SELECT [p].[Id], [p].[CategoryId], [p].[CreatedAt], [p].[Description], [p].[Image], [p].[IsRental], [p].[Name], [p].[Price], [p].[Stock], [p].[UpdatedAt]
    FROM [Products] AS [p]
    ORDER BY (SELECT 1)
    OFFSET @__p_0 ROWS FETCH NEXT @__p_1 ROWS ONLY
) AS [p0]
INNER JOIN [Categories] AS [c] ON [p0].[CategoryId] = [c].[Id]
2024-11-17 10:54:44.725 +07:00 [INF] Get all products GetProductsQuery { PageIndex = 1, PageSize = 10 }
2024-11-17 10:54:44.728 +07:00 [INF] Executed DbCommand (1ms) [Parameters=[@__p_0='0', @__p_1='10'], CommandType='"Text"', CommandTimeout='30']
SELECT [p0].[Id], [p0].[CategoryId], [p0].[CreatedAt], [p0].[Description], [p0].[Image], [p0].[IsRental], [p0].[Name], [p0].[Price], [p0].[Stock], [p0].[UpdatedAt], [c].[Id], [c].[CreatedAt], [c].[Description], [c].[Name], [c].[UpdatedAt]
FROM (
    SELECT [p].[Id], [p].[CategoryId], [p].[CreatedAt], [p].[Description], [p].[Image], [p].[IsRental], [p].[Name], [p].[Price], [p].[Stock], [p].[UpdatedAt]
    FROM [Products] AS [p]
    ORDER BY (SELECT 1)
    OFFSET @__p_0 ROWS FETCH NEXT @__p_1 ROWS ONLY
) AS [p0]
INNER JOIN [Categories] AS [c] ON [p0].[CategoryId] = [c].[Id]
2024-11-17 10:54:48.212 +07:00 [INF] Get all products GetProductsQuery { PageIndex = 1, PageSize = 10 }
2024-11-17 10:54:48.217 +07:00 [INF] Executed DbCommand (1ms) [Parameters=[@__p_0='0', @__p_1='10'], CommandType='"Text"', CommandTimeout='30']
SELECT [p0].[Id], [p0].[CategoryId], [p0].[CreatedAt], [p0].[Description], [p0].[Image], [p0].[IsRental], [p0].[Name], [p0].[Price], [p0].[Stock], [p0].[UpdatedAt], [c].[Id], [c].[CreatedAt], [c].[Description], [c].[Name], [c].[UpdatedAt]
FROM (
    SELECT [p].[Id], [p].[CategoryId], [p].[CreatedAt], [p].[Description], [p].[Image], [p].[IsRental], [p].[Name], [p].[Price], [p].[Stock], [p].[UpdatedAt]
    FROM [Products] AS [p]
    ORDER BY (SELECT 1)
    OFFSET @__p_0 ROWS FETCH NEXT @__p_1 ROWS ONLY
) AS [p0]
INNER JOIN [Categories] AS [c] ON [p0].[CategoryId] = [c].[Id]
2024-11-17 10:54:48.225 +07:00 [INF] Get all products GetProductsQuery { PageIndex = 1, PageSize = 10 }
2024-11-17 10:54:48.227 +07:00 [INF] Executed DbCommand (1ms) [Parameters=[@__p_0='0', @__p_1='10'], CommandType='"Text"', CommandTimeout='30']
SELECT [p0].[Id], [p0].[CategoryId], [p0].[CreatedAt], [p0].[Description], [p0].[Image], [p0].[IsRental], [p0].[Name], [p0].[Price], [p0].[Stock], [p0].[UpdatedAt], [c].[Id], [c].[CreatedAt], [c].[Description], [c].[Name], [c].[UpdatedAt]
FROM (
    SELECT [p].[Id], [p].[CategoryId], [p].[CreatedAt], [p].[Description], [p].[Image], [p].[IsRental], [p].[Name], [p].[Price], [p].[Stock], [p].[UpdatedAt]
    FROM [Products] AS [p]
    ORDER BY (SELECT 1)
    OFFSET @__p_0 ROWS FETCH NEXT @__p_1 ROWS ONLY
) AS [p0]
INNER JOIN [Categories] AS [c] ON [p0].[CategoryId] = [c].[Id]
2024-11-17 10:54:49.419 +07:00 [INF] Get all products GetProductsQuery { PageIndex = 1, PageSize = 10 }
2024-11-17 10:54:49.422 +07:00 [INF] Executed DbCommand (1ms) [Parameters=[@__p_0='0', @__p_1='10'], CommandType='"Text"', CommandTimeout='30']
SELECT [p0].[Id], [p0].[CategoryId], [p0].[CreatedAt], [p0].[Description], [p0].[Image], [p0].[IsRental], [p0].[Name], [p0].[Price], [p0].[Stock], [p0].[UpdatedAt], [c].[Id], [c].[CreatedAt], [c].[Description], [c].[Name], [c].[UpdatedAt]
FROM (
    SELECT [p].[Id], [p].[CategoryId], [p].[CreatedAt], [p].[Description], [p].[Image], [p].[IsRental], [p].[Name], [p].[Price], [p].[Stock], [p].[UpdatedAt]
    FROM [Products] AS [p]
    ORDER BY (SELECT 1)
    OFFSET @__p_0 ROWS FETCH NEXT @__p_1 ROWS ONLY
) AS [p0]
INNER JOIN [Categories] AS [c] ON [p0].[CategoryId] = [c].[Id]
2024-11-17 10:54:49.430 +07:00 [INF] Get all products GetProductsQuery { PageIndex = 1, PageSize = 10 }
2024-11-17 10:54:49.434 +07:00 [INF] Executed DbCommand (1ms) [Parameters=[@__p_0='0', @__p_1='10'], CommandType='"Text"', CommandTimeout='30']
SELECT [p0].[Id], [p0].[CategoryId], [p0].[CreatedAt], [p0].[Description], [p0].[Image], [p0].[IsRental], [p0].[Name], [p0].[Price], [p0].[Stock], [p0].[UpdatedAt], [c].[Id], [c].[CreatedAt], [c].[Description], [c].[Name], [c].[UpdatedAt]
FROM (
    SELECT [p].[Id], [p].[CategoryId], [p].[CreatedAt], [p].[Description], [p].[Image], [p].[IsRental], [p].[Name], [p].[Price], [p].[Stock], [p].[UpdatedAt]
    FROM [Products] AS [p]
    ORDER BY (SELECT 1)
    OFFSET @__p_0 ROWS FETCH NEXT @__p_1 ROWS ONLY
) AS [p0]
INNER JOIN [Categories] AS [c] ON [p0].[CategoryId] = [c].[Id]
2024-11-17 10:54:56.687 +07:00 [INF] Executed DbCommand (3ms) [Parameters=[@__email_0='admin@gmail.com' (Size = 450)], CommandType='"Text"', CommandTimeout='30']
SELECT TOP(1) [u].[Id], [u].[Address], [u].[Avatar], [u].[CreatedAt], [u].[Email], [u].[IsActive], [u].[Name], [u].[Password], [u].[PhoneNumber], [u].[RoleId], [u].[UpdatedAt]
FROM [Users] AS [u]
WHERE [u].[Email] = @__email_0
2024-11-17 10:54:57.486 +07:00 [INF] Executed DbCommand (2ms) [Parameters=[@__email_0='admin@gmail.com' (Size = 450)], CommandType='"Text"', CommandTimeout='30']
SELECT TOP(1) [u].[Id], [u].[Address], [u].[Avatar], [u].[CreatedAt], [u].[Email], [u].[IsActive], [u].[Name], [u].[Password], [u].[PhoneNumber], [u].[RoleId], [u].[UpdatedAt]
FROM [Users] AS [u]
WHERE [u].[Email] = @__email_0
2024-11-17 10:54:57.634 +07:00 [INF] Executed DbCommand (1ms) [Parameters=[@__email_0='admin@gmail.com' (Size = 450)], CommandType='"Text"', CommandTimeout='30']
SELECT TOP(1) [u].[Id], [u].[Address], [u].[Avatar], [u].[CreatedAt], [u].[Email], [u].[IsActive], [u].[Name], [u].[Password], [u].[PhoneNumber], [u].[RoleId], [u].[UpdatedAt]
FROM [Users] AS [u]
WHERE [u].[Email] = @__email_0
2024-11-17 10:54:57.769 +07:00 [INF] Executed DbCommand (1ms) [Parameters=[@__email_0='admin@gmail.com' (Size = 450)], CommandType='"Text"', CommandTimeout='30']
SELECT TOP(1) [u].[Id], [u].[Address], [u].[Avatar], [u].[CreatedAt], [u].[Email], [u].[IsActive], [u].[Name], [u].[Password], [u].[PhoneNumber], [u].[RoleId], [u].[UpdatedAt]
FROM [Users] AS [u]
WHERE [u].[Email] = @__email_0
2024-11-17 12:28:43.395 +07:00 [INF] Get all products GetProductsQuery { PageIndex = 1, PageSize = 10 }
2024-11-17 12:28:43.462 +07:00 [INF] Executed DbCommand (5ms) [Parameters=[@__p_0='0', @__p_1='10'], CommandType='"Text"', CommandTimeout='30']
SELECT [p0].[Id], [p0].[CategoryId], [p0].[CreatedAt], [p0].[Description], [p0].[Image], [p0].[IsRental], [p0].[Name], [p0].[Price], [p0].[Stock], [p0].[UpdatedAt], [c].[Id], [c].[CreatedAt], [c].[Description], [c].[Name], [c].[UpdatedAt]
FROM (
    SELECT [p].[Id], [p].[CategoryId], [p].[CreatedAt], [p].[Description], [p].[Image], [p].[IsRental], [p].[Name], [p].[Price], [p].[Stock], [p].[UpdatedAt]
    FROM [Products] AS [p]
    ORDER BY (SELECT 1)
    OFFSET @__p_0 ROWS FETCH NEXT @__p_1 ROWS ONLY
) AS [p0]
INNER JOIN [Categories] AS [c] ON [p0].[CategoryId] = [c].[Id]
2024-11-17 12:28:43.468 +07:00 [INF] Get all products GetProductsQuery { PageIndex = 1, PageSize = 10 }
2024-11-17 12:28:43.470 +07:00 [INF] Executed DbCommand (1ms) [Parameters=[@__p_0='0', @__p_1='10'], CommandType='"Text"', CommandTimeout='30']
SELECT [p0].[Id], [p0].[CategoryId], [p0].[CreatedAt], [p0].[Description], [p0].[Image], [p0].[IsRental], [p0].[Name], [p0].[Price], [p0].[Stock], [p0].[UpdatedAt], [c].[Id], [c].[CreatedAt], [c].[Description], [c].[Name], [c].[UpdatedAt]
FROM (
    SELECT [p].[Id], [p].[CategoryId], [p].[CreatedAt], [p].[Description], [p].[Image], [p].[IsRental], [p].[Name], [p].[Price], [p].[Stock], [p].[UpdatedAt]
    FROM [Products] AS [p]
    ORDER BY (SELECT 1)
    OFFSET @__p_0 ROWS FETCH NEXT @__p_1 ROWS ONLY
) AS [p0]
INNER JOIN [Categories] AS [c] ON [p0].[CategoryId] = [c].[Id]
2024-11-17 12:28:53.688 +07:00 [INF] Executed DbCommand (2ms) [Parameters=[@__email_0='admin@gmail.com' (Size = 450)], CommandType='"Text"', CommandTimeout='30']
SELECT TOP(1) [u].[Id], [u].[Address], [u].[Avatar], [u].[CreatedAt], [u].[Email], [u].[IsActive], [u].[Name], [u].[Password], [u].[PhoneNumber], [u].[RoleId], [u].[UpdatedAt]
FROM [Users] AS [u]
WHERE [u].[Email] = @__email_0
2024-11-17 12:28:54.919 +07:00 [INF] Executed DbCommand (1ms) [Parameters=[@__email_0='admin@gmail.com' (Size = 450)], CommandType='"Text"', CommandTimeout='30']
SELECT TOP(1) [u].[Id], [u].[Address], [u].[Avatar], [u].[CreatedAt], [u].[Email], [u].[IsActive], [u].[Name], [u].[Password], [u].[PhoneNumber], [u].[RoleId], [u].[UpdatedAt]
FROM [Users] AS [u]
WHERE [u].[Email] = @__email_0
2024-11-17 20:48:04.357 +07:00 [WRN] Sensitive data logging is enabled. Log entries and exception messages may include sensitive application data; this mode should only be enabled during development.
2024-11-17 20:48:04.456 +07:00 [WRN] The 'OrderStatus' property 'Status' on entity type 'Order' is configured with a database-generated default, but has no configured sentinel value. The database-generated default will always be used for inserts when the property has the value '0', since this is the CLR default for the 'OrderStatus' type. Consider using a nullable type, using a nullable backing field, or setting the sentinel value for the property to ensure the database default is used when, and only when, appropriate. See https://aka.ms/efcore-docs-default-values for more information.
2024-11-17 20:48:04.468 +07:00 [WRN] No store type was specified for the decimal property 'MinOrderAmount' on entity type 'Coupon'. This will cause values to be silently truncated if they do not fit in the default precision and scale. Explicitly specify the SQL server column type that can accommodate all the values in 'OnModelCreating' using 'HasColumnType', specify precision and scale using 'HasPrecision', or configure a value converter using 'HasConversion'.
2024-11-17 20:48:04.663 +07:00 [INF] Get all products GetProductsQuery { PageIndex = 1, PageSize = 10 }
2024-11-17 20:48:04.663 +07:00 [INF] Get all products GetProductsQuery { PageIndex = 1, PageSize = 10 }
2024-11-17 20:48:04.836 +07:00 [WRN] The query uses a row limiting operator ('Skip'/'Take') without an 'OrderBy' operator. This may lead to unpredictable results. If the 'Distinct' operator is used after 'OrderBy', then make sure to use the 'OrderBy' operator after 'Distinct' as the ordering would otherwise get erased.
2024-11-17 20:48:04.838 +07:00 [WRN] The query uses a row limiting operator ('Skip'/'Take') without an 'OrderBy' operator. This may lead to unpredictable results. If the 'Distinct' operator is used after 'OrderBy', then make sure to use the 'OrderBy' operator after 'Distinct' as the ordering would otherwise get erased.
2024-11-17 20:48:05.298 +07:00 [INF] Executed DbCommand (45ms) [Parameters=[@__p_0='0', @__p_1='10'], CommandType='"Text"', CommandTimeout='30']
SELECT [p0].[Id], [p0].[CategoryId], [p0].[CreatedAt], [p0].[Description], [p0].[Image], [p0].[IsRental], [p0].[Name], [p0].[Price], [p0].[Stock], [p0].[UpdatedAt], [c].[Id], [c].[CreatedAt], [c].[Description], [c].[Name], [c].[UpdatedAt]
FROM (
    SELECT [p].[Id], [p].[CategoryId], [p].[CreatedAt], [p].[Description], [p].[Image], [p].[IsRental], [p].[Name], [p].[Price], [p].[Stock], [p].[UpdatedAt]
    FROM [Products] AS [p]
    ORDER BY (SELECT 1)
    OFFSET @__p_0 ROWS FETCH NEXT @__p_1 ROWS ONLY
) AS [p0]
INNER JOIN [Categories] AS [c] ON [p0].[CategoryId] = [c].[Id]
2024-11-17 20:48:05.298 +07:00 [INF] Executed DbCommand (45ms) [Parameters=[@__p_0='0', @__p_1='10'], CommandType='"Text"', CommandTimeout='30']
SELECT [p0].[Id], [p0].[CategoryId], [p0].[CreatedAt], [p0].[Description], [p0].[Image], [p0].[IsRental], [p0].[Name], [p0].[Price], [p0].[Stock], [p0].[UpdatedAt], [c].[Id], [c].[CreatedAt], [c].[Description], [c].[Name], [c].[UpdatedAt]
FROM (
    SELECT [p].[Id], [p].[CategoryId], [p].[CreatedAt], [p].[Description], [p].[Image], [p].[IsRental], [p].[Name], [p].[Price], [p].[Stock], [p].[UpdatedAt]
    FROM [Products] AS [p]
    ORDER BY (SELECT 1)
    OFFSET @__p_0 ROWS FETCH NEXT @__p_1 ROWS ONLY
) AS [p0]
INNER JOIN [Categories] AS [c] ON [p0].[CategoryId] = [c].[Id]
2024-11-17 20:48:05.694 +07:00 [INF] Get all products GetProductsQuery { PageIndex = 1, PageSize = 10 }
2024-11-17 20:48:05.702 +07:00 [INF] Executed DbCommand (3ms) [Parameters=[@__p_0='0', @__p_1='10'], CommandType='"Text"', CommandTimeout='30']
SELECT [p0].[Id], [p0].[CategoryId], [p0].[CreatedAt], [p0].[Description], [p0].[Image], [p0].[IsRental], [p0].[Name], [p0].[Price], [p0].[Stock], [p0].[UpdatedAt], [c].[Id], [c].[CreatedAt], [c].[Description], [c].[Name], [c].[UpdatedAt]
FROM (
    SELECT [p].[Id], [p].[CategoryId], [p].[CreatedAt], [p].[Description], [p].[Image], [p].[IsRental], [p].[Name], [p].[Price], [p].[Stock], [p].[UpdatedAt]
    FROM [Products] AS [p]
    ORDER BY (SELECT 1)
    OFFSET @__p_0 ROWS FETCH NEXT @__p_1 ROWS ONLY
) AS [p0]
INNER JOIN [Categories] AS [c] ON [p0].[CategoryId] = [c].[Id]
2024-11-17 20:48:07.674 +07:00 [INF] Executed DbCommand (2ms) [Parameters=[@__p_0='9855a285-5328-42eb-90cb-0b5db95f0658' (Nullable = true)], CommandType='"Text"', CommandTimeout='30']
SELECT TOP(1) [p].[Id], [p].[CategoryId], [p].[CreatedAt], [p].[Description], [p].[Image], [p].[IsRental], [p].[Name], [p].[Price], [p].[Stock], [p].[UpdatedAt]
FROM [Products] AS [p]
WHERE [p].[Id] = @__p_0
2024-11-17 20:48:07.688 +07:00 [INF] Executed DbCommand (2ms) [Parameters=[@__p_0='d2020a52-96ba-4a1a-97fb-8c1e1d9bef3a' (Nullable = true)], CommandType='"Text"', CommandTimeout='30']
SELECT TOP(1) [c].[Id], [c].[CreatedAt], [c].[Description], [c].[Name], [c].[UpdatedAt]
FROM [Categories] AS [c]
WHERE [c].[Id] = @__p_0
2024-11-17 20:48:07.699 +07:00 [INF] Executed DbCommand (1ms) [Parameters=[@__p_0='9855a285-5328-42eb-90cb-0b5db95f0658' (Nullable = true)], CommandType='"Text"', CommandTimeout='30']
SELECT TOP(1) [p].[Id], [p].[CategoryId], [p].[CreatedAt], [p].[Description], [p].[Image], [p].[IsRental], [p].[Name], [p].[Price], [p].[Stock], [p].[UpdatedAt]
FROM [Products] AS [p]
WHERE [p].[Id] = @__p_0
2024-11-17 20:48:07.704 +07:00 [INF] Executed DbCommand (1ms) [Parameters=[@__p_0='d2020a52-96ba-4a1a-97fb-8c1e1d9bef3a' (Nullable = true)], CommandType='"Text"', CommandTimeout='30']
SELECT TOP(1) [c].[Id], [c].[CreatedAt], [c].[Description], [c].[Name], [c].[UpdatedAt]
FROM [Categories] AS [c]
WHERE [c].[Id] = @__p_0
2024-11-17 20:48:11.641 +07:00 [INF] Get all products GetProductsQuery { PageIndex = 1, PageSize = 10 }
2024-11-17 20:48:11.648 +07:00 [INF] Executed DbCommand (3ms) [Parameters=[@__p_0='0', @__p_1='10'], CommandType='"Text"', CommandTimeout='30']
SELECT [p0].[Id], [p0].[CategoryId], [p0].[CreatedAt], [p0].[Description], [p0].[Image], [p0].[IsRental], [p0].[Name], [p0].[Price], [p0].[Stock], [p0].[UpdatedAt], [c].[Id], [c].[CreatedAt], [c].[Description], [c].[Name], [c].[UpdatedAt]
FROM (
    SELECT [p].[Id], [p].[CategoryId], [p].[CreatedAt], [p].[Description], [p].[Image], [p].[IsRental], [p].[Name], [p].[Price], [p].[Stock], [p].[UpdatedAt]
    FROM [Products] AS [p]
    ORDER BY (SELECT 1)
    OFFSET @__p_0 ROWS FETCH NEXT @__p_1 ROWS ONLY
) AS [p0]
INNER JOIN [Categories] AS [c] ON [p0].[CategoryId] = [c].[Id]
2024-11-17 20:48:11.656 +07:00 [INF] Get all products GetProductsQuery { PageIndex = 1, PageSize = 10 }
2024-11-17 20:48:11.659 +07:00 [INF] Executed DbCommand (2ms) [Parameters=[@__p_0='0', @__p_1='10'], CommandType='"Text"', CommandTimeout='30']
SELECT [p0].[Id], [p0].[CategoryId], [p0].[CreatedAt], [p0].[Description], [p0].[Image], [p0].[IsRental], [p0].[Name], [p0].[Price], [p0].[Stock], [p0].[UpdatedAt], [c].[Id], [c].[CreatedAt], [c].[Description], [c].[Name], [c].[UpdatedAt]
FROM (
    SELECT [p].[Id], [p].[CategoryId], [p].[CreatedAt], [p].[Description], [p].[Image], [p].[IsRental], [p].[Name], [p].[Price], [p].[Stock], [p].[UpdatedAt]
    FROM [Products] AS [p]
    ORDER BY (SELECT 1)
    OFFSET @__p_0 ROWS FETCH NEXT @__p_1 ROWS ONLY
) AS [p0]
INNER JOIN [Categories] AS [c] ON [p0].[CategoryId] = [c].[Id]
2024-11-17 20:48:19.889 +07:00 [INF] Executed DbCommand (3ms) [Parameters=[@__email_0='admin@gmail.com' (Size = 450)], CommandType='"Text"', CommandTimeout='30']
SELECT TOP(1) [u].[Id], [u].[Address], [u].[Avatar], [u].[CreatedAt], [u].[Email], [u].[IsActive], [u].[Name], [u].[Password], [u].[PhoneNumber], [u].[RoleId], [u].[UpdatedAt]
FROM [Users] AS [u]
WHERE [u].[Email] = @__email_0
2024-11-17 20:48:20.939 +07:00 [INF] Executed DbCommand (1ms) [Parameters=[@__email_0='admin@gmail.com' (Size = 450)], CommandType='"Text"', CommandTimeout='30']
SELECT TOP(1) [u].[Id], [u].[Address], [u].[Avatar], [u].[CreatedAt], [u].[Email], [u].[IsActive], [u].[Name], [u].[Password], [u].[PhoneNumber], [u].[RoleId], [u].[UpdatedAt]
FROM [Users] AS [u]
WHERE [u].[Email] = @__email_0
2024-11-17 20:48:21.632 +07:00 [INF] Executed DbCommand (2ms) [Parameters=[@__email_0='admin@gmail.com' (Size = 450)], CommandType='"Text"', CommandTimeout='30']
SELECT TOP(1) [u].[Id], [u].[Address], [u].[Avatar], [u].[CreatedAt], [u].[Email], [u].[IsActive], [u].[Name], [u].[Password], [u].[PhoneNumber], [u].[RoleId], [u].[UpdatedAt]
FROM [Users] AS [u]
WHERE [u].[Email] = @__email_0
2024-11-17 20:48:21.765 +07:00 [INF] Executed DbCommand (1ms) [Parameters=[@__email_0='admin@gmail.com' (Size = 450)], CommandType='"Text"', CommandTimeout='30']
SELECT TOP(1) [u].[Id], [u].[Address], [u].[Avatar], [u].[CreatedAt], [u].[Email], [u].[IsActive], [u].[Name], [u].[Password], [u].[PhoneNumber], [u].[RoleId], [u].[UpdatedAt]
FROM [Users] AS [u]
WHERE [u].[Email] = @__email_0
2024-11-17 20:48:21.949 +07:00 [INF] Executed DbCommand (1ms) [Parameters=[@__email_0='admin@gmail.com' (Size = 450)], CommandType='"Text"', CommandTimeout='30']
SELECT TOP(1) [u].[Id], [u].[Address], [u].[Avatar], [u].[CreatedAt], [u].[Email], [u].[IsActive], [u].[Name], [u].[Password], [u].[PhoneNumber], [u].[RoleId], [u].[UpdatedAt]
FROM [Users] AS [u]
WHERE [u].[Email] = @__email_0
2024-11-17 20:48:22.083 +07:00 [INF] Executed DbCommand (1ms) [Parameters=[@__email_0='admin@gmail.com' (Size = 450)], CommandType='"Text"', CommandTimeout='30']
SELECT TOP(1) [u].[Id], [u].[Address], [u].[Avatar], [u].[CreatedAt], [u].[Email], [u].[IsActive], [u].[Name], [u].[Password], [u].[PhoneNumber], [u].[RoleId], [u].[UpdatedAt]
FROM [Users] AS [u]
WHERE [u].[Email] = @__email_0
2024-11-17 20:53:00.820 +07:00 [INF] Executed DbCommand (2ms) [Parameters=[@__email_0='admin@gmail.com' (Size = 450)], CommandType='"Text"', CommandTimeout='30']
SELECT TOP(1) [u].[Id], [u].[Address], [u].[Avatar], [u].[CreatedAt], [u].[Email], [u].[IsActive], [u].[Name], [u].[Password], [u].[PhoneNumber], [u].[RoleId], [u].[UpdatedAt]
FROM [Users] AS [u]
WHERE [u].[Email] = @__email_0
2024-11-17 20:56:02.441 +07:00 [WRN] Sensitive data logging is enabled. Log entries and exception messages may include sensitive application data; this mode should only be enabled during development.
2024-11-17 20:56:02.516 +07:00 [WRN] The 'OrderStatus' property 'Status' on entity type 'Order' is configured with a database-generated default, but has no configured sentinel value. The database-generated default will always be used for inserts when the property has the value '0', since this is the CLR default for the 'OrderStatus' type. Consider using a nullable type, using a nullable backing field, or setting the sentinel value for the property to ensure the database default is used when, and only when, appropriate. See https://aka.ms/efcore-docs-default-values for more information.
2024-11-17 20:56:02.528 +07:00 [WRN] No store type was specified for the decimal property 'MinOrderAmount' on entity type 'Coupon'. This will cause values to be silently truncated if they do not fit in the default precision and scale. Explicitly specify the SQL server column type that can accommodate all the values in 'OnModelCreating' using 'HasColumnType', specify precision and scale using 'HasPrecision', or configure a value converter using 'HasConversion'.
2024-11-17 20:56:03.162 +07:00 [INF] Executed DbCommand (42ms) [Parameters=[@__email_0='admin@gmail.com' (Size = 450)], CommandType='"Text"', CommandTimeout='30']
SELECT TOP(1) [u].[Id], [u].[Address], [u].[Avatar], [u].[CreatedAt], [u].[Email], [u].[IsActive], [u].[Name], [u].[Password], [u].[PhoneNumber], [u].[RoleId], [u].[UpdatedAt]
FROM [Users] AS [u]
WHERE [u].[Email] = @__email_0
2024-11-17 20:58:28.978 +07:00 [WRN] Sensitive data logging is enabled. Log entries and exception messages may include sensitive application data; this mode should only be enabled during development.
2024-11-17 20:58:29.057 +07:00 [WRN] The 'OrderStatus' property 'Status' on entity type 'Order' is configured with a database-generated default, but has no configured sentinel value. The database-generated default will always be used for inserts when the property has the value '0', since this is the CLR default for the 'OrderStatus' type. Consider using a nullable type, using a nullable backing field, or setting the sentinel value for the property to ensure the database default is used when, and only when, appropriate. See https://aka.ms/efcore-docs-default-values for more information.
2024-11-17 20:58:29.070 +07:00 [WRN] No store type was specified for the decimal property 'MinOrderAmount' on entity type 'Coupon'. This will cause values to be silently truncated if they do not fit in the default precision and scale. Explicitly specify the SQL server column type that can accommodate all the values in 'OnModelCreating' using 'HasColumnType', specify precision and scale using 'HasPrecision', or configure a value converter using 'HasConversion'.
2024-11-17 20:58:29.734 +07:00 [INF] Executed DbCommand (42ms) [Parameters=[@__email_0='admin@gmail.com' (Size = 450)], CommandType='"Text"', CommandTimeout='30']
SELECT TOP(1) [u].[Id], [u].[Address], [u].[Avatar], [u].[CreatedAt], [u].[Email], [u].[IsActive], [u].[Name], [u].[Password], [u].[PhoneNumber], [u].[RoleId], [u].[UpdatedAt], [r].[Id], [r].[CreatedAt], [r].[Description], [r].[Name], [r].[UpdatedAt]
FROM [Users] AS [u]
INNER JOIN [Roles] AS [r] ON [u].[RoleId] = [r].[Id]
WHERE [u].[Email] = @__email_0
2024-11-17 21:00:14.490 +07:00 [WRN] Sensitive data logging is enabled. Log entries and exception messages may include sensitive application data; this mode should only be enabled during development.
2024-11-17 21:00:14.579 +07:00 [WRN] The 'OrderStatus' property 'Status' on entity type 'Order' is configured with a database-generated default, but has no configured sentinel value. The database-generated default will always be used for inserts when the property has the value '0', since this is the CLR default for the 'OrderStatus' type. Consider using a nullable type, using a nullable backing field, or setting the sentinel value for the property to ensure the database default is used when, and only when, appropriate. See https://aka.ms/efcore-docs-default-values for more information.
2024-11-17 21:00:14.591 +07:00 [WRN] No store type was specified for the decimal property 'MinOrderAmount' on entity type 'Coupon'. This will cause values to be silently truncated if they do not fit in the default precision and scale. Explicitly specify the SQL server column type that can accommodate all the values in 'OnModelCreating' using 'HasColumnType', specify precision and scale using 'HasPrecision', or configure a value converter using 'HasConversion'.
2024-11-17 21:00:15.282 +07:00 [INF] Executed DbCommand (44ms) [Parameters=[@__email_0='admin@gmail.com' (Size = 450)], CommandType='"Text"', CommandTimeout='30']
SELECT TOP(1) [u].[Id], [u].[Address], [u].[Avatar], [u].[CreatedAt], [u].[Email], [u].[IsActive], [u].[Name], [u].[Password], [u].[PhoneNumber], [u].[RoleId], [u].[UpdatedAt], [r].[Id], [r].[CreatedAt], [r].[Description], [r].[Name], [r].[UpdatedAt]
FROM [Users] AS [u]
INNER JOIN [Roles] AS [r] ON [u].[RoleId] = [r].[Id]
WHERE [u].[Email] = @__email_0
2024-11-17 21:07:39.857 +07:00 [WRN] Sensitive data logging is enabled. Log entries and exception messages may include sensitive application data; this mode should only be enabled during development.
2024-11-17 21:07:39.930 +07:00 [WRN] The 'OrderStatus' property 'Status' on entity type 'Order' is configured with a database-generated default, but has no configured sentinel value. The database-generated default will always be used for inserts when the property has the value '0', since this is the CLR default for the 'OrderStatus' type. Consider using a nullable type, using a nullable backing field, or setting the sentinel value for the property to ensure the database default is used when, and only when, appropriate. See https://aka.ms/efcore-docs-default-values for more information.
2024-11-17 21:07:39.942 +07:00 [WRN] No store type was specified for the decimal property 'MinOrderAmount' on entity type 'Coupon'. This will cause values to be silently truncated if they do not fit in the default precision and scale. Explicitly specify the SQL server column type that can accommodate all the values in 'OnModelCreating' using 'HasColumnType', specify precision and scale using 'HasPrecision', or configure a value converter using 'HasConversion'.
2024-11-17 21:07:40.599 +07:00 [INF] Executed DbCommand (37ms) [Parameters=[@__email_0='admin@gmail.com' (Size = 450)], CommandType='"Text"', CommandTimeout='30']
SELECT TOP(1) [u].[Id], [u].[Address], [u].[Avatar], [u].[CreatedAt], [u].[Email], [u].[IsActive], [u].[Name], [u].[Password], [u].[PhoneNumber], [u].[RoleId], [u].[UpdatedAt], [r].[Id], [r].[CreatedAt], [r].[Description], [r].[Name], [r].[UpdatedAt]
FROM [Users] AS [u]
INNER JOIN [Roles] AS [r] ON [u].[RoleId] = [r].[Id]
WHERE [u].[Email] = @__email_0
2024-11-17 21:09:06.271 +07:00 [INF] Executed DbCommand (7ms) [Parameters=[@__email_0='admin@gmail.com' (Size = 450)], CommandType='"Text"', CommandTimeout='30']
SELECT TOP(1) [u].[Id], [u].[Address], [u].[Avatar], [u].[CreatedAt], [u].[Email], [u].[IsActive], [u].[Name], [u].[Password], [u].[PhoneNumber], [u].[RoleId], [u].[UpdatedAt], [r].[Id], [r].[CreatedAt], [r].[Description], [r].[Name], [r].[UpdatedAt]
FROM [Users] AS [u]
INNER JOIN [Roles] AS [r] ON [u].[RoleId] = [r].[Id]
WHERE [u].[Email] = @__email_0
2024-11-17 21:09:07.905 +07:00 [INF] Executed DbCommand (2ms) [Parameters=[@__email_0='admin@gmail.com' (Size = 450)], CommandType='"Text"', CommandTimeout='30']
SELECT TOP(1) [u].[Id], [u].[Address], [u].[Avatar], [u].[CreatedAt], [u].[Email], [u].[IsActive], [u].[Name], [u].[Password], [u].[PhoneNumber], [u].[RoleId], [u].[UpdatedAt], [r].[Id], [r].[CreatedAt], [r].[Description], [r].[Name], [r].[UpdatedAt]
FROM [Users] AS [u]
INNER JOIN [Roles] AS [r] ON [u].[RoleId] = [r].[Id]
WHERE [u].[Email] = @__email_0
2024-11-17 21:14:30.915 +07:00 [INF] Executed DbCommand (2ms) [Parameters=[@__email_0='admin@gmail.com' (Size = 450)], CommandType='"Text"', CommandTimeout='30']
SELECT TOP(1) [u].[Id], [u].[Address], [u].[Avatar], [u].[CreatedAt], [u].[Email], [u].[IsActive], [u].[Name], [u].[Password], [u].[PhoneNumber], [u].[RoleId], [u].[UpdatedAt], [r].[Id], [r].[CreatedAt], [r].[Description], [r].[Name], [r].[UpdatedAt]
FROM [Users] AS [u]
INNER JOIN [Roles] AS [r] ON [u].[RoleId] = [r].[Id]
WHERE [u].[Email] = @__email_0
2024-11-17 21:14:32.234 +07:00 [INF] Executed DbCommand (2ms) [Parameters=[@__email_0='admin@gmail.com' (Size = 450)], CommandType='"Text"', CommandTimeout='30']
SELECT TOP(1) [u].[Id], [u].[Address], [u].[Avatar], [u].[CreatedAt], [u].[Email], [u].[IsActive], [u].[Name], [u].[Password], [u].[PhoneNumber], [u].[RoleId], [u].[UpdatedAt], [r].[Id], [r].[CreatedAt], [r].[Description], [r].[Name], [r].[UpdatedAt]
FROM [Users] AS [u]
INNER JOIN [Roles] AS [r] ON [u].[RoleId] = [r].[Id]
WHERE [u].[Email] = @__email_0
2024-11-17 21:14:41.483 +07:00 [INF] Executed DbCommand (1ms) [Parameters=[@__email_0='admin@gmail.com' (Size = 450)], CommandType='"Text"', CommandTimeout='30']
SELECT TOP(1) [u].[Id], [u].[Address], [u].[Avatar], [u].[CreatedAt], [u].[Email], [u].[IsActive], [u].[Name], [u].[Password], [u].[PhoneNumber], [u].[RoleId], [u].[UpdatedAt], [r].[Id], [r].[CreatedAt], [r].[Description], [r].[Name], [r].[UpdatedAt]
FROM [Users] AS [u]
INNER JOIN [Roles] AS [r] ON [u].[RoleId] = [r].[Id]
WHERE [u].[Email] = @__email_0
2024-11-17 21:14:42.545 +07:00 [INF] Executed DbCommand (1ms) [Parameters=[@__email_0='admin@gmail.com' (Size = 450)], CommandType='"Text"', CommandTimeout='30']
SELECT TOP(1) [u].[Id], [u].[Address], [u].[Avatar], [u].[CreatedAt], [u].[Email], [u].[IsActive], [u].[Name], [u].[Password], [u].[PhoneNumber], [u].[RoleId], [u].[UpdatedAt], [r].[Id], [r].[CreatedAt], [r].[Description], [r].[Name], [r].[UpdatedAt]
FROM [Users] AS [u]
INNER JOIN [Roles] AS [r] ON [u].[RoleId] = [r].[Id]
WHERE [u].[Email] = @__email_0
2024-11-17 21:14:43.236 +07:00 [INF] Executed DbCommand (1ms) [Parameters=[@__email_0='admin@gmail.com' (Size = 450)], CommandType='"Text"', CommandTimeout='30']
SELECT TOP(1) [u].[Id], [u].[Address], [u].[Avatar], [u].[CreatedAt], [u].[Email], [u].[IsActive], [u].[Name], [u].[Password], [u].[PhoneNumber], [u].[RoleId], [u].[UpdatedAt], [r].[Id], [r].[CreatedAt], [r].[Description], [r].[Name], [r].[UpdatedAt]
FROM [Users] AS [u]
INNER JOIN [Roles] AS [r] ON [u].[RoleId] = [r].[Id]
WHERE [u].[Email] = @__email_0
2024-11-17 21:14:45.838 +07:00 [INF] Executed DbCommand (2ms) [Parameters=[@__email_0='admin@gmail.com' (Size = 450)], CommandType='"Text"', CommandTimeout='30']
SELECT TOP(1) [u].[Id], [u].[Address], [u].[Avatar], [u].[CreatedAt], [u].[Email], [u].[IsActive], [u].[Name], [u].[Password], [u].[PhoneNumber], [u].[RoleId], [u].[UpdatedAt], [r].[Id], [r].[CreatedAt], [r].[Description], [r].[Name], [r].[UpdatedAt]
FROM [Users] AS [u]
INNER JOIN [Roles] AS [r] ON [u].[RoleId] = [r].[Id]
WHERE [u].[Email] = @__email_0
2024-11-17 21:14:51.141 +07:00 [INF] Executed DbCommand (1ms) [Parameters=[@__email_0='admin@gmail.com' (Size = 450)], CommandType='"Text"', CommandTimeout='30']
SELECT TOP(1) [u].[Id], [u].[Address], [u].[Avatar], [u].[CreatedAt], [u].[Email], [u].[IsActive], [u].[Name], [u].[Password], [u].[PhoneNumber], [u].[RoleId], [u].[UpdatedAt], [r].[Id], [r].[CreatedAt], [r].[Description], [r].[Name], [r].[UpdatedAt]
FROM [Users] AS [u]
INNER JOIN [Roles] AS [r] ON [u].[RoleId] = [r].[Id]
WHERE [u].[Email] = @__email_0
2024-11-17 21:15:03.359 +07:00 [INF] Executed DbCommand (1ms) [Parameters=[@__email_0='admin@gmail.com' (Size = 450)], CommandType='"Text"', CommandTimeout='30']
SELECT TOP(1) [u].[Id], [u].[Address], [u].[Avatar], [u].[CreatedAt], [u].[Email], [u].[IsActive], [u].[Name], [u].[Password], [u].[PhoneNumber], [u].[RoleId], [u].[UpdatedAt], [r].[Id], [r].[CreatedAt], [r].[Description], [r].[Name], [r].[UpdatedAt]
FROM [Users] AS [u]
INNER JOIN [Roles] AS [r] ON [u].[RoleId] = [r].[Id]
WHERE [u].[Email] = @__email_0
2024-11-17 21:15:04.119 +07:00 [INF] Executed DbCommand (1ms) [Parameters=[@__email_0='admin@gmail.com' (Size = 450)], CommandType='"Text"', CommandTimeout='30']
SELECT TOP(1) [u].[Id], [u].[Address], [u].[Avatar], [u].[CreatedAt], [u].[Email], [u].[IsActive], [u].[Name], [u].[Password], [u].[PhoneNumber], [u].[RoleId], [u].[UpdatedAt], [r].[Id], [r].[CreatedAt], [r].[Description], [r].[Name], [r].[UpdatedAt]
FROM [Users] AS [u]
INNER JOIN [Roles] AS [r] ON [u].[RoleId] = [r].[Id]
WHERE [u].[Email] = @__email_0
2024-11-17 21:15:04.260 +07:00 [INF] Executed DbCommand (1ms) [Parameters=[@__email_0='admin@gmail.com' (Size = 450)], CommandType='"Text"', CommandTimeout='30']
SELECT TOP(1) [u].[Id], [u].[Address], [u].[Avatar], [u].[CreatedAt], [u].[Email], [u].[IsActive], [u].[Name], [u].[Password], [u].[PhoneNumber], [u].[RoleId], [u].[UpdatedAt], [r].[Id], [r].[CreatedAt], [r].[Description], [r].[Name], [r].[UpdatedAt]
FROM [Users] AS [u]
INNER JOIN [Roles] AS [r] ON [u].[RoleId] = [r].[Id]
WHERE [u].[Email] = @__email_0
2024-11-17 21:15:12.664 +07:00 [INF] Executed DbCommand (1ms) [Parameters=[@__email_0='admin@gmail.com' (Size = 450)], CommandType='"Text"', CommandTimeout='30']
SELECT TOP(1) [u].[Id], [u].[Address], [u].[Avatar], [u].[CreatedAt], [u].[Email], [u].[IsActive], [u].[Name], [u].[Password], [u].[PhoneNumber], [u].[RoleId], [u].[UpdatedAt], [r].[Id], [r].[CreatedAt], [r].[Description], [r].[Name], [r].[UpdatedAt]
FROM [Users] AS [u]
INNER JOIN [Roles] AS [r] ON [u].[RoleId] = [r].[Id]
WHERE [u].[Email] = @__email_0
2024-11-17 21:15:30.155 +07:00 [INF] Executed DbCommand (1ms) [Parameters=[@__email_0='admin@gmail.com' (Size = 450)], CommandType='"Text"', CommandTimeout='30']
SELECT TOP(1) [u].[Id], [u].[Address], [u].[Avatar], [u].[CreatedAt], [u].[Email], [u].[IsActive], [u].[Name], [u].[Password], [u].[PhoneNumber], [u].[RoleId], [u].[UpdatedAt], [r].[Id], [r].[CreatedAt], [r].[Description], [r].[Name], [r].[UpdatedAt]
FROM [Users] AS [u]
INNER JOIN [Roles] AS [r] ON [u].[RoleId] = [r].[Id]
WHERE [u].[Email] = @__email_0
2024-11-17 21:15:31.243 +07:00 [INF] Executed DbCommand (2ms) [Parameters=[@__email_0='admin@gmail.com' (Size = 450)], CommandType='"Text"', CommandTimeout='30']
SELECT TOP(1) [u].[Id], [u].[Address], [u].[Avatar], [u].[CreatedAt], [u].[Email], [u].[IsActive], [u].[Name], [u].[Password], [u].[PhoneNumber], [u].[RoleId], [u].[UpdatedAt], [r].[Id], [r].[CreatedAt], [r].[Description], [r].[Name], [r].[UpdatedAt]
FROM [Users] AS [u]
INNER JOIN [Roles] AS [r] ON [u].[RoleId] = [r].[Id]
WHERE [u].[Email] = @__email_0
2024-11-17 21:15:40.979 +07:00 [INF] Executed DbCommand (2ms) [Parameters=[@__email_0='admin@gmail.com' (Size = 450)], CommandType='"Text"', CommandTimeout='30']
SELECT TOP(1) [u].[Id], [u].[Address], [u].[Avatar], [u].[CreatedAt], [u].[Email], [u].[IsActive], [u].[Name], [u].[Password], [u].[PhoneNumber], [u].[RoleId], [u].[UpdatedAt], [r].[Id], [r].[CreatedAt], [r].[Description], [r].[Name], [r].[UpdatedAt]
FROM [Users] AS [u]
INNER JOIN [Roles] AS [r] ON [u].[RoleId] = [r].[Id]
WHERE [u].[Email] = @__email_0
2024-11-17 21:15:41.340 +07:00 [INF] Executed DbCommand (2ms) [Parameters=[@__email_0='admin@gmail.com' (Size = 450)], CommandType='"Text"', CommandTimeout='30']
SELECT TOP(1) [u].[Id], [u].[Address], [u].[Avatar], [u].[CreatedAt], [u].[Email], [u].[IsActive], [u].[Name], [u].[Password], [u].[PhoneNumber], [u].[RoleId], [u].[UpdatedAt], [r].[Id], [r].[CreatedAt], [r].[Description], [r].[Name], [r].[UpdatedAt]
FROM [Users] AS [u]
INNER JOIN [Roles] AS [r] ON [u].[RoleId] = [r].[Id]
WHERE [u].[Email] = @__email_0
2024-11-17 21:15:41.469 +07:00 [INF] Executed DbCommand (2ms) [Parameters=[@__email_0='admin@gmail.com' (Size = 450)], CommandType='"Text"', CommandTimeout='30']
SELECT TOP(1) [u].[Id], [u].[Address], [u].[Avatar], [u].[CreatedAt], [u].[Email], [u].[IsActive], [u].[Name], [u].[Password], [u].[PhoneNumber], [u].[RoleId], [u].[UpdatedAt], [r].[Id], [r].[CreatedAt], [r].[Description], [r].[Name], [r].[UpdatedAt]
FROM [Users] AS [u]
INNER JOIN [Roles] AS [r] ON [u].[RoleId] = [r].[Id]
WHERE [u].[Email] = @__email_0
2024-11-17 21:15:41.697 +07:00 [INF] Executed DbCommand (2ms) [Parameters=[@__email_0='admin@gmail.com' (Size = 450)], CommandType='"Text"', CommandTimeout='30']
SELECT TOP(1) [u].[Id], [u].[Address], [u].[Avatar], [u].[CreatedAt], [u].[Email], [u].[IsActive], [u].[Name], [u].[Password], [u].[PhoneNumber], [u].[RoleId], [u].[UpdatedAt], [r].[Id], [r].[CreatedAt], [r].[Description], [r].[Name], [r].[UpdatedAt]
FROM [Users] AS [u]
INNER JOIN [Roles] AS [r] ON [u].[RoleId] = [r].[Id]
WHERE [u].[Email] = @__email_0
2024-11-17 21:15:41.872 +07:00 [INF] Executed DbCommand (1ms) [Parameters=[@__email_0='admin@gmail.com' (Size = 450)], CommandType='"Text"', CommandTimeout='30']
SELECT TOP(1) [u].[Id], [u].[Address], [u].[Avatar], [u].[CreatedAt], [u].[Email], [u].[IsActive], [u].[Name], [u].[Password], [u].[PhoneNumber], [u].[RoleId], [u].[UpdatedAt], [r].[Id], [r].[CreatedAt], [r].[Description], [r].[Name], [r].[UpdatedAt]
FROM [Users] AS [u]
INNER JOIN [Roles] AS [r] ON [u].[RoleId] = [r].[Id]
WHERE [u].[Email] = @__email_0
2024-11-17 21:17:08.048 +07:00 [INF] Executed DbCommand (2ms) [Parameters=[@__email_0='admin@gmail.com' (Size = 450)], CommandType='"Text"', CommandTimeout='30']
SELECT TOP(1) [u].[Id], [u].[Address], [u].[Avatar], [u].[CreatedAt], [u].[Email], [u].[IsActive], [u].[Name], [u].[Password], [u].[PhoneNumber], [u].[RoleId], [u].[UpdatedAt], [r].[Id], [r].[CreatedAt], [r].[Description], [r].[Name], [r].[UpdatedAt]
FROM [Users] AS [u]
INNER JOIN [Roles] AS [r] ON [u].[RoleId] = [r].[Id]
WHERE [u].[Email] = @__email_0
2024-11-17 21:18:34.342 +07:00 [INF] Executed DbCommand (1ms) [Parameters=[@__email_0='admin@gmail.com' (Size = 450)], CommandType='"Text"', CommandTimeout='30']
SELECT TOP(1) [u].[Id], [u].[Address], [u].[Avatar], [u].[CreatedAt], [u].[Email], [u].[IsActive], [u].[Name], [u].[Password], [u].[PhoneNumber], [u].[RoleId], [u].[UpdatedAt], [r].[Id], [r].[CreatedAt], [r].[Description], [r].[Name], [r].[UpdatedAt]
FROM [Users] AS [u]
INNER JOIN [Roles] AS [r] ON [u].[RoleId] = [r].[Id]
WHERE [u].[Email] = @__email_0
2024-11-17 21:18:36.052 +07:00 [INF] Executed DbCommand (2ms) [Parameters=[@__email_0='admin@gmail.com' (Size = 450)], CommandType='"Text"', CommandTimeout='30']
SELECT TOP(1) [u].[Id], [u].[Address], [u].[Avatar], [u].[CreatedAt], [u].[Email], [u].[IsActive], [u].[Name], [u].[Password], [u].[PhoneNumber], [u].[RoleId], [u].[UpdatedAt], [r].[Id], [r].[CreatedAt], [r].[Description], [r].[Name], [r].[UpdatedAt]
FROM [Users] AS [u]
INNER JOIN [Roles] AS [r] ON [u].[RoleId] = [r].[Id]
WHERE [u].[Email] = @__email_0
2024-11-17 21:19:04.369 +07:00 [INF] Executed DbCommand (1ms) [Parameters=[@__email_0='admin@gmail.com' (Size = 450)], CommandType='"Text"', CommandTimeout='30']
SELECT TOP(1) [u].[Id], [u].[Address], [u].[Avatar], [u].[CreatedAt], [u].[Email], [u].[IsActive], [u].[Name], [u].[Password], [u].[PhoneNumber], [u].[RoleId], [u].[UpdatedAt], [r].[Id], [r].[CreatedAt], [r].[Description], [r].[Name], [r].[UpdatedAt]
FROM [Users] AS [u]
INNER JOIN [Roles] AS [r] ON [u].[RoleId] = [r].[Id]
WHERE [u].[Email] = @__email_0
2024-11-17 21:21:05.914 +07:00 [INF] Executed DbCommand (1ms) [Parameters=[@__email_0='admin@gmail.com' (Size = 450)], CommandType='"Text"', CommandTimeout='30']
SELECT TOP(1) [u].[Id], [u].[Address], [u].[Avatar], [u].[CreatedAt], [u].[Email], [u].[IsActive], [u].[Name], [u].[Password], [u].[PhoneNumber], [u].[RoleId], [u].[UpdatedAt], [r].[Id], [r].[CreatedAt], [r].[Description], [r].[Name], [r].[UpdatedAt]
FROM [Users] AS [u]
INNER JOIN [Roles] AS [r] ON [u].[RoleId] = [r].[Id]
WHERE [u].[Email] = @__email_0
2024-11-17 21:21:10.455 +07:00 [INF] Executed DbCommand (1ms) [Parameters=[@__email_0='admin@gmail.com' (Size = 450)], CommandType='"Text"', CommandTimeout='30']
SELECT TOP(1) [u].[Id], [u].[Address], [u].[Avatar], [u].[CreatedAt], [u].[Email], [u].[IsActive], [u].[Name], [u].[Password], [u].[PhoneNumber], [u].[RoleId], [u].[UpdatedAt], [r].[Id], [r].[CreatedAt], [r].[Description], [r].[Name], [r].[UpdatedAt]
FROM [Users] AS [u]
INNER JOIN [Roles] AS [r] ON [u].[RoleId] = [r].[Id]
WHERE [u].[Email] = @__email_0
2024-11-17 21:21:59.339 +07:00 [INF] Executed DbCommand (1ms) [Parameters=[@__email_0='admin@gmail.com' (Size = 450)], CommandType='"Text"', CommandTimeout='30']
SELECT TOP(1) [u].[Id], [u].[Address], [u].[Avatar], [u].[CreatedAt], [u].[Email], [u].[IsActive], [u].[Name], [u].[Password], [u].[PhoneNumber], [u].[RoleId], [u].[UpdatedAt], [r].[Id], [r].[CreatedAt], [r].[Description], [r].[Name], [r].[UpdatedAt]
FROM [Users] AS [u]
INNER JOIN [Roles] AS [r] ON [u].[RoleId] = [r].[Id]
WHERE [u].[Email] = @__email_0
2024-11-17 21:25:57.652 +07:00 [INF] Executed DbCommand (1ms) [Parameters=[@__email_0='admin@gmail.com' (Size = 450)], CommandType='"Text"', CommandTimeout='30']
SELECT TOP(1) [u].[Id], [u].[Address], [u].[Avatar], [u].[CreatedAt], [u].[Email], [u].[IsActive], [u].[Name], [u].[Password], [u].[PhoneNumber], [u].[RoleId], [u].[UpdatedAt], [r].[Id], [r].[CreatedAt], [r].[Description], [r].[Name], [r].[UpdatedAt]
FROM [Users] AS [u]
INNER JOIN [Roles] AS [r] ON [u].[RoleId] = [r].[Id]
WHERE [u].[Email] = @__email_0
2024-11-17 21:26:01.927 +07:00 [INF] Executed DbCommand (2ms) [Parameters=[@__email_0='admin@gmail.com' (Size = 450)], CommandType='"Text"', CommandTimeout='30']
SELECT TOP(1) [u].[Id], [u].[Address], [u].[Avatar], [u].[CreatedAt], [u].[Email], [u].[IsActive], [u].[Name], [u].[Password], [u].[PhoneNumber], [u].[RoleId], [u].[UpdatedAt], [r].[Id], [r].[CreatedAt], [r].[Description], [r].[Name], [r].[UpdatedAt]
FROM [Users] AS [u]
INNER JOIN [Roles] AS [r] ON [u].[RoleId] = [r].[Id]
WHERE [u].[Email] = @__email_0
2024-11-17 21:26:02.504 +07:00 [INF] Executed DbCommand (1ms) [Parameters=[@__email_0='admin@gmail.com' (Size = 450)], CommandType='"Text"', CommandTimeout='30']
SELECT TOP(1) [u].[Id], [u].[Address], [u].[Avatar], [u].[CreatedAt], [u].[Email], [u].[IsActive], [u].[Name], [u].[Password], [u].[PhoneNumber], [u].[RoleId], [u].[UpdatedAt], [r].[Id], [r].[CreatedAt], [r].[Description], [r].[Name], [r].[UpdatedAt]
FROM [Users] AS [u]
INNER JOIN [Roles] AS [r] ON [u].[RoleId] = [r].[Id]
WHERE [u].[Email] = @__email_0
2024-11-17 21:37:47.809 +07:00 [INF] Get all products GetProductsQuery { PageIndex = 1, PageSize = 10 }
2024-11-17 21:37:47.821 +07:00 [WRN] The query uses a row limiting operator ('Skip'/'Take') without an 'OrderBy' operator. This may lead to unpredictable results. If the 'Distinct' operator is used after 'OrderBy', then make sure to use the 'OrderBy' operator after 'Distinct' as the ordering would otherwise get erased.
2024-11-17 21:37:47.822 +07:00 [WRN] The query uses a row limiting operator ('Skip'/'Take') without an 'OrderBy' operator. This may lead to unpredictable results. If the 'Distinct' operator is used after 'OrderBy', then make sure to use the 'OrderBy' operator after 'Distinct' as the ordering would otherwise get erased.
2024-11-17 21:37:47.857 +07:00 [INF] Executed DbCommand (6ms) [Parameters=[@__p_0='0', @__p_1='10'], CommandType='"Text"', CommandTimeout='30']
SELECT [p0].[Id], [p0].[CategoryId], [p0].[CreatedAt], [p0].[Description], [p0].[Image], [p0].[IsRental], [p0].[Name], [p0].[Price], [p0].[Stock], [p0].[UpdatedAt], [c].[Id], [c].[CreatedAt], [c].[Description], [c].[Name], [c].[UpdatedAt]
FROM (
    SELECT [p].[Id], [p].[CategoryId], [p].[CreatedAt], [p].[Description], [p].[Image], [p].[IsRental], [p].[Name], [p].[Price], [p].[Stock], [p].[UpdatedAt]
    FROM [Products] AS [p]
    ORDER BY (SELECT 1)
    OFFSET @__p_0 ROWS FETCH NEXT @__p_1 ROWS ONLY
) AS [p0]
INNER JOIN [Categories] AS [c] ON [p0].[CategoryId] = [c].[Id]
2024-11-17 21:37:47.977 +07:00 [INF] Get all products GetProductsQuery { PageIndex = 1, PageSize = 10 }
2024-11-17 21:37:47.982 +07:00 [INF] Executed DbCommand (2ms) [Parameters=[@__p_0='0', @__p_1='10'], CommandType='"Text"', CommandTimeout='30']
SELECT [p0].[Id], [p0].[CategoryId], [p0].[CreatedAt], [p0].[Description], [p0].[Image], [p0].[IsRental], [p0].[Name], [p0].[Price], [p0].[Stock], [p0].[UpdatedAt], [c].[Id], [c].[CreatedAt], [c].[Description], [c].[Name], [c].[UpdatedAt]
FROM (
    SELECT [p].[Id], [p].[CategoryId], [p].[CreatedAt], [p].[Description], [p].[Image], [p].[IsRental], [p].[Name], [p].[Price], [p].[Stock], [p].[UpdatedAt]
    FROM [Products] AS [p]
    ORDER BY (SELECT 1)
    OFFSET @__p_0 ROWS FETCH NEXT @__p_1 ROWS ONLY
) AS [p0]
INNER JOIN [Categories] AS [c] ON [p0].[CategoryId] = [c].[Id]
2024-11-17 21:38:08.481 +07:00 [INF] Executed DbCommand (1ms) [Parameters=[@__email_0='admin@gmail.com' (Size = 450)], CommandType='"Text"', CommandTimeout='30']
SELECT TOP(1) [u].[Id], [u].[Address], [u].[Avatar], [u].[CreatedAt], [u].[Email], [u].[IsActive], [u].[Name], [u].[Password], [u].[PhoneNumber], [u].[RoleId], [u].[UpdatedAt], [r].[Id], [r].[CreatedAt], [r].[Description], [r].[Name], [r].[UpdatedAt]
FROM [Users] AS [u]
INNER JOIN [Roles] AS [r] ON [u].[RoleId] = [r].[Id]
WHERE [u].[Email] = @__email_0
2024-11-17 21:38:25.466 +07:00 [INF] Executed DbCommand (1ms) [Parameters=[@__email_0='admin@gmail.com' (Size = 450)], CommandType='"Text"', CommandTimeout='30']
SELECT TOP(1) [u].[Id], [u].[Address], [u].[Avatar], [u].[CreatedAt], [u].[Email], [u].[IsActive], [u].[Name], [u].[Password], [u].[PhoneNumber], [u].[RoleId], [u].[UpdatedAt], [r].[Id], [r].[CreatedAt], [r].[Description], [r].[Name], [r].[UpdatedAt]
FROM [Users] AS [u]
INNER JOIN [Roles] AS [r] ON [u].[RoleId] = [r].[Id]
WHERE [u].[Email] = @__email_0
2024-11-17 21:39:24.641 +07:00 [INF] Executed DbCommand (3ms) [Parameters=[@__email_0='admin@gmail.com' (Size = 450)], CommandType='"Text"', CommandTimeout='30']
SELECT TOP(1) [u].[Id], [u].[Address], [u].[Avatar], [u].[CreatedAt], [u].[Email], [u].[IsActive], [u].[Name], [u].[Password], [u].[PhoneNumber], [u].[RoleId], [u].[UpdatedAt], [r].[Id], [r].[CreatedAt], [r].[Description], [r].[Name], [r].[UpdatedAt]
FROM [Users] AS [u]
INNER JOIN [Roles] AS [r] ON [u].[RoleId] = [r].[Id]
WHERE [u].[Email] = @__email_0
2024-11-17 21:39:25.938 +07:00 [INF] Executed DbCommand (1ms) [Parameters=[@__email_0='admin@gmail.com' (Size = 450)], CommandType='"Text"', CommandTimeout='30']
SELECT TOP(1) [u].[Id], [u].[Address], [u].[Avatar], [u].[CreatedAt], [u].[Email], [u].[IsActive], [u].[Name], [u].[Password], [u].[PhoneNumber], [u].[RoleId], [u].[UpdatedAt], [r].[Id], [r].[CreatedAt], [r].[Description], [r].[Name], [r].[UpdatedAt]
FROM [Users] AS [u]
INNER JOIN [Roles] AS [r] ON [u].[RoleId] = [r].[Id]
WHERE [u].[Email] = @__email_0
2024-11-17 21:39:27.127 +07:00 [INF] Executed DbCommand (1ms) [Parameters=[@__email_0='admin@gmail.com' (Size = 450)], CommandType='"Text"', CommandTimeout='30']
SELECT TOP(1) [u].[Id], [u].[Address], [u].[Avatar], [u].[CreatedAt], [u].[Email], [u].[IsActive], [u].[Name], [u].[Password], [u].[PhoneNumber], [u].[RoleId], [u].[UpdatedAt], [r].[Id], [r].[CreatedAt], [r].[Description], [r].[Name], [r].[UpdatedAt]
FROM [Users] AS [u]
INNER JOIN [Roles] AS [r] ON [u].[RoleId] = [r].[Id]
WHERE [u].[Email] = @__email_0
2024-11-17 21:40:08.448 +07:00 [INF] Executed DbCommand (1ms) [Parameters=[@__email_0='admin@gmail.com' (Size = 450)], CommandType='"Text"', CommandTimeout='30']
SELECT TOP(1) [u].[Id], [u].[Address], [u].[Avatar], [u].[CreatedAt], [u].[Email], [u].[IsActive], [u].[Name], [u].[Password], [u].[PhoneNumber], [u].[RoleId], [u].[UpdatedAt], [r].[Id], [r].[CreatedAt], [r].[Description], [r].[Name], [r].[UpdatedAt]
FROM [Users] AS [u]
INNER JOIN [Roles] AS [r] ON [u].[RoleId] = [r].[Id]
WHERE [u].[Email] = @__email_0
2024-11-17 21:40:09.176 +07:00 [INF] Executed DbCommand (1ms) [Parameters=[@__email_0='admin@gmail.com' (Size = 450)], CommandType='"Text"', CommandTimeout='30']
SELECT TOP(1) [u].[Id], [u].[Address], [u].[Avatar], [u].[CreatedAt], [u].[Email], [u].[IsActive], [u].[Name], [u].[Password], [u].[PhoneNumber], [u].[RoleId], [u].[UpdatedAt], [r].[Id], [r].[CreatedAt], [r].[Description], [r].[Name], [r].[UpdatedAt]
FROM [Users] AS [u]
INNER JOIN [Roles] AS [r] ON [u].[RoleId] = [r].[Id]
WHERE [u].[Email] = @__email_0
2024-11-17 21:40:09.746 +07:00 [INF] Executed DbCommand (1ms) [Parameters=[@__email_0='admin@gmail.com' (Size = 450)], CommandType='"Text"', CommandTimeout='30']
SELECT TOP(1) [u].[Id], [u].[Address], [u].[Avatar], [u].[CreatedAt], [u].[Email], [u].[IsActive], [u].[Name], [u].[Password], [u].[PhoneNumber], [u].[RoleId], [u].[UpdatedAt], [r].[Id], [r].[CreatedAt], [r].[Description], [r].[Name], [r].[UpdatedAt]
FROM [Users] AS [u]
INNER JOIN [Roles] AS [r] ON [u].[RoleId] = [r].[Id]
WHERE [u].[Email] = @__email_0
2024-11-17 21:40:10.143 +07:00 [INF] Executed DbCommand (2ms) [Parameters=[@__email_0='admin@gmail.com' (Size = 450)], CommandType='"Text"', CommandTimeout='30']
SELECT TOP(1) [u].[Id], [u].[Address], [u].[Avatar], [u].[CreatedAt], [u].[Email], [u].[IsActive], [u].[Name], [u].[Password], [u].[PhoneNumber], [u].[RoleId], [u].[UpdatedAt], [r].[Id], [r].[CreatedAt], [r].[Description], [r].[Name], [r].[UpdatedAt]
FROM [Users] AS [u]
INNER JOIN [Roles] AS [r] ON [u].[RoleId] = [r].[Id]
WHERE [u].[Email] = @__email_0
2024-11-17 21:40:23.405 +07:00 [INF] Executed DbCommand (3ms) [Parameters=[@__email_0='admin@gmail.com' (Size = 450)], CommandType='"Text"', CommandTimeout='30']
SELECT TOP(1) [u].[Id], [u].[Address], [u].[Avatar], [u].[CreatedAt], [u].[Email], [u].[IsActive], [u].[Name], [u].[Password], [u].[PhoneNumber], [u].[RoleId], [u].[UpdatedAt], [r].[Id], [r].[CreatedAt], [r].[Description], [r].[Name], [r].[UpdatedAt]
FROM [Users] AS [u]
INNER JOIN [Roles] AS [r] ON [u].[RoleId] = [r].[Id]
WHERE [u].[Email] = @__email_0
2024-11-17 21:42:12.641 +07:00 [INF] Executed DbCommand (3ms) [Parameters=[@__email_0='admin@gmail.com' (Size = 450)], CommandType='"Text"', CommandTimeout='30']
SELECT TOP(1) [u].[Id], [u].[Address], [u].[Avatar], [u].[CreatedAt], [u].[Email], [u].[IsActive], [u].[Name], [u].[Password], [u].[PhoneNumber], [u].[RoleId], [u].[UpdatedAt], [r].[Id], [r].[CreatedAt], [r].[Description], [r].[Name], [r].[UpdatedAt]
FROM [Users] AS [u]
INNER JOIN [Roles] AS [r] ON [u].[RoleId] = [r].[Id]
WHERE [u].[Email] = @__email_0
2024-11-17 21:43:11.831 +07:00 [INF] Executed DbCommand (3ms) [Parameters=[@__email_0='admin@gmail.com' (Size = 450)], CommandType='"Text"', CommandTimeout='30']
SELECT TOP(1) [u].[Id], [u].[Address], [u].[Avatar], [u].[CreatedAt], [u].[Email], [u].[IsActive], [u].[Name], [u].[Password], [u].[PhoneNumber], [u].[RoleId], [u].[UpdatedAt], [r].[Id], [r].[CreatedAt], [r].[Description], [r].[Name], [r].[UpdatedAt]
FROM [Users] AS [u]
INNER JOIN [Roles] AS [r] ON [u].[RoleId] = [r].[Id]
WHERE [u].[Email] = @__email_0
2024-11-17 21:45:06.369 +07:00 [INF] Executed DbCommand (3ms) [Parameters=[@__email_0='admin@gmail.com' (Size = 450)], CommandType='"Text"', CommandTimeout='30']
SELECT TOP(1) [u].[Id], [u].[Address], [u].[Avatar], [u].[CreatedAt], [u].[Email], [u].[IsActive], [u].[Name], [u].[Password], [u].[PhoneNumber], [u].[RoleId], [u].[UpdatedAt], [r].[Id], [r].[CreatedAt], [r].[Description], [r].[Name], [r].[UpdatedAt]
FROM [Users] AS [u]
INNER JOIN [Roles] AS [r] ON [u].[RoleId] = [r].[Id]
WHERE [u].[Email] = @__email_0
2024-11-17 21:45:08.185 +07:00 [INF] Executed DbCommand (1ms) [Parameters=[@__email_0='admin@gmail.com' (Size = 450)], CommandType='"Text"', CommandTimeout='30']
SELECT TOP(1) [u].[Id], [u].[Address], [u].[Avatar], [u].[CreatedAt], [u].[Email], [u].[IsActive], [u].[Name], [u].[Password], [u].[PhoneNumber], [u].[RoleId], [u].[UpdatedAt], [r].[Id], [r].[CreatedAt], [r].[Description], [r].[Name], [r].[UpdatedAt]
FROM [Users] AS [u]
INNER JOIN [Roles] AS [r] ON [u].[RoleId] = [r].[Id]
WHERE [u].[Email] = @__email_0
2024-11-17 21:45:08.860 +07:00 [INF] Executed DbCommand (2ms) [Parameters=[@__email_0='admin@gmail.com' (Size = 450)], CommandType='"Text"', CommandTimeout='30']
SELECT TOP(1) [u].[Id], [u].[Address], [u].[Avatar], [u].[CreatedAt], [u].[Email], [u].[IsActive], [u].[Name], [u].[Password], [u].[PhoneNumber], [u].[RoleId], [u].[UpdatedAt], [r].[Id], [r].[CreatedAt], [r].[Description], [r].[Name], [r].[UpdatedAt]
FROM [Users] AS [u]
INNER JOIN [Roles] AS [r] ON [u].[RoleId] = [r].[Id]
WHERE [u].[Email] = @__email_0
2024-11-17 21:45:09.005 +07:00 [INF] Executed DbCommand (1ms) [Parameters=[@__email_0='admin@gmail.com' (Size = 450)], CommandType='"Text"', CommandTimeout='30']
SELECT TOP(1) [u].[Id], [u].[Address], [u].[Avatar], [u].[CreatedAt], [u].[Email], [u].[IsActive], [u].[Name], [u].[Password], [u].[PhoneNumber], [u].[RoleId], [u].[UpdatedAt], [r].[Id], [r].[CreatedAt], [r].[Description], [r].[Name], [r].[UpdatedAt]
FROM [Users] AS [u]
INNER JOIN [Roles] AS [r] ON [u].[RoleId] = [r].[Id]
WHERE [u].[Email] = @__email_0
2024-11-17 21:45:09.146 +07:00 [INF] Executed DbCommand (1ms) [Parameters=[@__email_0='admin@gmail.com' (Size = 450)], CommandType='"Text"', CommandTimeout='30']
SELECT TOP(1) [u].[Id], [u].[Address], [u].[Avatar], [u].[CreatedAt], [u].[Email], [u].[IsActive], [u].[Name], [u].[Password], [u].[PhoneNumber], [u].[RoleId], [u].[UpdatedAt], [r].[Id], [r].[CreatedAt], [r].[Description], [r].[Name], [r].[UpdatedAt]
FROM [Users] AS [u]
INNER JOIN [Roles] AS [r] ON [u].[RoleId] = [r].[Id]
WHERE [u].[Email] = @__email_0
2024-11-17 21:45:15.669 +07:00 [INF] Executed DbCommand (1ms) [Parameters=[@__email_0='admin@gmail.com' (Size = 450)], CommandType='"Text"', CommandTimeout='30']
SELECT TOP(1) [u].[Id], [u].[Address], [u].[Avatar], [u].[CreatedAt], [u].[Email], [u].[IsActive], [u].[Name], [u].[Password], [u].[PhoneNumber], [u].[RoleId], [u].[UpdatedAt], [r].[Id], [r].[CreatedAt], [r].[Description], [r].[Name], [r].[UpdatedAt]
FROM [Users] AS [u]
INNER JOIN [Roles] AS [r] ON [u].[RoleId] = [r].[Id]
WHERE [u].[Email] = @__email_0
2024-11-17 21:45:21.282 +07:00 [INF] Executed DbCommand (1ms) [Parameters=[@__email_0='admin@gmail.com' (Size = 450)], CommandType='"Text"', CommandTimeout='30']
SELECT TOP(1) [u].[Id], [u].[Address], [u].[Avatar], [u].[CreatedAt], [u].[Email], [u].[IsActive], [u].[Name], [u].[Password], [u].[PhoneNumber], [u].[RoleId], [u].[UpdatedAt], [r].[Id], [r].[CreatedAt], [r].[Description], [r].[Name], [r].[UpdatedAt]
FROM [Users] AS [u]
INNER JOIN [Roles] AS [r] ON [u].[RoleId] = [r].[Id]
WHERE [u].[Email] = @__email_0
2024-11-17 21:45:23.433 +07:00 [INF] Executed DbCommand (1ms) [Parameters=[@__email_0='admin@gmail.com' (Size = 450)], CommandType='"Text"', CommandTimeout='30']
SELECT TOP(1) [u].[Id], [u].[Address], [u].[Avatar], [u].[CreatedAt], [u].[Email], [u].[IsActive], [u].[Name], [u].[Password], [u].[PhoneNumber], [u].[RoleId], [u].[UpdatedAt], [r].[Id], [r].[CreatedAt], [r].[Description], [r].[Name], [r].[UpdatedAt]
FROM [Users] AS [u]
INNER JOIN [Roles] AS [r] ON [u].[RoleId] = [r].[Id]
WHERE [u].[Email] = @__email_0
2024-11-17 21:45:24.302 +07:00 [INF] Executed DbCommand (1ms) [Parameters=[@__email_0='admin@gmail.com' (Size = 450)], CommandType='"Text"', CommandTimeout='30']
SELECT TOP(1) [u].[Id], [u].[Address], [u].[Avatar], [u].[CreatedAt], [u].[Email], [u].[IsActive], [u].[Name], [u].[Password], [u].[PhoneNumber], [u].[RoleId], [u].[UpdatedAt], [r].[Id], [r].[CreatedAt], [r].[Description], [r].[Name], [r].[UpdatedAt]
FROM [Users] AS [u]
INNER JOIN [Roles] AS [r] ON [u].[RoleId] = [r].[Id]
WHERE [u].[Email] = @__email_0
2024-11-17 21:45:24.677 +07:00 [INF] Executed DbCommand (1ms) [Parameters=[@__email_0='admin@gmail.com' (Size = 450)], CommandType='"Text"', CommandTimeout='30']
SELECT TOP(1) [u].[Id], [u].[Address], [u].[Avatar], [u].[CreatedAt], [u].[Email], [u].[IsActive], [u].[Name], [u].[Password], [u].[PhoneNumber], [u].[RoleId], [u].[UpdatedAt], [r].[Id], [r].[CreatedAt], [r].[Description], [r].[Name], [r].[UpdatedAt]
FROM [Users] AS [u]
INNER JOIN [Roles] AS [r] ON [u].[RoleId] = [r].[Id]
WHERE [u].[Email] = @__email_0
2024-11-17 21:45:30.785 +07:00 [INF] Executed DbCommand (1ms) [Parameters=[@__email_0='admin@gmail.com' (Size = 450)], CommandType='"Text"', CommandTimeout='30']
SELECT TOP(1) [u].[Id], [u].[Address], [u].[Avatar], [u].[CreatedAt], [u].[Email], [u].[IsActive], [u].[Name], [u].[Password], [u].[PhoneNumber], [u].[RoleId], [u].[UpdatedAt], [r].[Id], [r].[CreatedAt], [r].[Description], [r].[Name], [r].[UpdatedAt]
FROM [Users] AS [u]
INNER JOIN [Roles] AS [r] ON [u].[RoleId] = [r].[Id]
WHERE [u].[Email] = @__email_0
2024-11-17 21:45:31.303 +07:00 [INF] Executed DbCommand (2ms) [Parameters=[@__email_0='admin@gmail.com' (Size = 450)], CommandType='"Text"', CommandTimeout='30']
SELECT TOP(1) [u].[Id], [u].[Address], [u].[Avatar], [u].[CreatedAt], [u].[Email], [u].[IsActive], [u].[Name], [u].[Password], [u].[PhoneNumber], [u].[RoleId], [u].[UpdatedAt], [r].[Id], [r].[CreatedAt], [r].[Description], [r].[Name], [r].[UpdatedAt]
FROM [Users] AS [u]
INNER JOIN [Roles] AS [r] ON [u].[RoleId] = [r].[Id]
WHERE [u].[Email] = @__email_0
2024-11-17 21:47:18.035 +07:00 [INF] Executed DbCommand (3ms) [Parameters=[@__email_0='admin@gmail.com' (Size = 450)], CommandType='"Text"', CommandTimeout='30']
SELECT TOP(1) [u].[Id], [u].[Address], [u].[Avatar], [u].[CreatedAt], [u].[Email], [u].[IsActive], [u].[Name], [u].[Password], [u].[PhoneNumber], [u].[RoleId], [u].[UpdatedAt], [r].[Id], [r].[CreatedAt], [r].[Description], [r].[Name], [r].[UpdatedAt]
FROM [Users] AS [u]
INNER JOIN [Roles] AS [r] ON [u].[RoleId] = [r].[Id]
WHERE [u].[Email] = @__email_0
2024-11-17 21:47:19.221 +07:00 [INF] Executed DbCommand (1ms) [Parameters=[@__email_0='admin@gmail.com' (Size = 450)], CommandType='"Text"', CommandTimeout='30']
SELECT TOP(1) [u].[Id], [u].[Address], [u].[Avatar], [u].[CreatedAt], [u].[Email], [u].[IsActive], [u].[Name], [u].[Password], [u].[PhoneNumber], [u].[RoleId], [u].[UpdatedAt], [r].[Id], [r].[CreatedAt], [r].[Description], [r].[Name], [r].[UpdatedAt]
FROM [Users] AS [u]
INNER JOIN [Roles] AS [r] ON [u].[RoleId] = [r].[Id]
WHERE [u].[Email] = @__email_0
2024-11-17 21:47:19.711 +07:00 [INF] Executed DbCommand (1ms) [Parameters=[@__email_0='admin@gmail.com' (Size = 450)], CommandType='"Text"', CommandTimeout='30']
SELECT TOP(1) [u].[Id], [u].[Address], [u].[Avatar], [u].[CreatedAt], [u].[Email], [u].[IsActive], [u].[Name], [u].[Password], [u].[PhoneNumber], [u].[RoleId], [u].[UpdatedAt], [r].[Id], [r].[CreatedAt], [r].[Description], [r].[Name], [r].[UpdatedAt]
FROM [Users] AS [u]
INNER JOIN [Roles] AS [r] ON [u].[RoleId] = [r].[Id]
WHERE [u].[Email] = @__email_0
2024-11-17 21:47:19.840 +07:00 [INF] Executed DbCommand (1ms) [Parameters=[@__email_0='admin@gmail.com' (Size = 450)], CommandType='"Text"', CommandTimeout='30']
SELECT TOP(1) [u].[Id], [u].[Address], [u].[Avatar], [u].[CreatedAt], [u].[Email], [u].[IsActive], [u].[Name], [u].[Password], [u].[PhoneNumber], [u].[RoleId], [u].[UpdatedAt], [r].[Id], [r].[CreatedAt], [r].[Description], [r].[Name], [r].[UpdatedAt]
FROM [Users] AS [u]
INNER JOIN [Roles] AS [r] ON [u].[RoleId] = [r].[Id]
WHERE [u].[Email] = @__email_0
2024-11-17 21:47:19.965 +07:00 [INF] Executed DbCommand (1ms) [Parameters=[@__email_0='admin@gmail.com' (Size = 450)], CommandType='"Text"', CommandTimeout='30']
SELECT TOP(1) [u].[Id], [u].[Address], [u].[Avatar], [u].[CreatedAt], [u].[Email], [u].[IsActive], [u].[Name], [u].[Password], [u].[PhoneNumber], [u].[RoleId], [u].[UpdatedAt], [r].[Id], [r].[CreatedAt], [r].[Description], [r].[Name], [r].[UpdatedAt]
FROM [Users] AS [u]
INNER JOIN [Roles] AS [r] ON [u].[RoleId] = [r].[Id]
WHERE [u].[Email] = @__email_0
2024-11-17 21:47:20.105 +07:00 [INF] Executed DbCommand (1ms) [Parameters=[@__email_0='admin@gmail.com' (Size = 450)], CommandType='"Text"', CommandTimeout='30']
SELECT TOP(1) [u].[Id], [u].[Address], [u].[Avatar], [u].[CreatedAt], [u].[Email], [u].[IsActive], [u].[Name], [u].[Password], [u].[PhoneNumber], [u].[RoleId], [u].[UpdatedAt], [r].[Id], [r].[CreatedAt], [r].[Description], [r].[Name], [r].[UpdatedAt]
FROM [Users] AS [u]
INNER JOIN [Roles] AS [r] ON [u].[RoleId] = [r].[Id]
WHERE [u].[Email] = @__email_0
2024-11-17 21:49:02.789 +07:00 [INF] Executed DbCommand (2ms) [Parameters=[@__email_0='admin@gmail.com' (Size = 450)], CommandType='"Text"', CommandTimeout='30']
SELECT TOP(1) [u].[Id], [u].[Address], [u].[Avatar], [u].[CreatedAt], [u].[Email], [u].[IsActive], [u].[Name], [u].[Password], [u].[PhoneNumber], [u].[RoleId], [u].[UpdatedAt], [r].[Id], [r].[CreatedAt], [r].[Description], [r].[Name], [r].[UpdatedAt]
FROM [Users] AS [u]
INNER JOIN [Roles] AS [r] ON [u].[RoleId] = [r].[Id]
WHERE [u].[Email] = @__email_0
2024-11-17 21:49:04.078 +07:00 [INF] Executed DbCommand (1ms) [Parameters=[@__email_0='admin@gmail.com' (Size = 450)], CommandType='"Text"', CommandTimeout='30']
SELECT TOP(1) [u].[Id], [u].[Address], [u].[Avatar], [u].[CreatedAt], [u].[Email], [u].[IsActive], [u].[Name], [u].[Password], [u].[PhoneNumber], [u].[RoleId], [u].[UpdatedAt], [r].[Id], [r].[CreatedAt], [r].[Description], [r].[Name], [r].[UpdatedAt]
FROM [Users] AS [u]
INNER JOIN [Roles] AS [r] ON [u].[RoleId] = [r].[Id]
WHERE [u].[Email] = @__email_0
2024-11-17 21:49:59.042 +07:00 [INF] Executed DbCommand (3ms) [Parameters=[@__email_0='admin@gmail.com' (Size = 450)], CommandType='"Text"', CommandTimeout='30']
SELECT TOP(1) [u].[Id], [u].[Address], [u].[Avatar], [u].[CreatedAt], [u].[Email], [u].[IsActive], [u].[Name], [u].[Password], [u].[PhoneNumber], [u].[RoleId], [u].[UpdatedAt], [r].[Id], [r].[CreatedAt], [r].[Description], [r].[Name], [r].[UpdatedAt]
FROM [Users] AS [u]
INNER JOIN [Roles] AS [r] ON [u].[RoleId] = [r].[Id]
WHERE [u].[Email] = @__email_0
2024-11-17 21:50:01.666 +07:00 [INF] Executed DbCommand (1ms) [Parameters=[@__email_0='admin@gmail.com' (Size = 450)], CommandType='"Text"', CommandTimeout='30']
SELECT TOP(1) [u].[Id], [u].[Address], [u].[Avatar], [u].[CreatedAt], [u].[Email], [u].[IsActive], [u].[Name], [u].[Password], [u].[PhoneNumber], [u].[RoleId], [u].[UpdatedAt], [r].[Id], [r].[CreatedAt], [r].[Description], [r].[Name], [r].[UpdatedAt]
FROM [Users] AS [u]
INNER JOIN [Roles] AS [r] ON [u].[RoleId] = [r].[Id]
WHERE [u].[Email] = @__email_0
2024-11-17 21:52:17.787 +07:00 [INF] Executed DbCommand (3ms) [Parameters=[@__email_0='admin@gmail.com' (Size = 450)], CommandType='"Text"', CommandTimeout='30']
SELECT TOP(1) [u].[Id], [u].[Address], [u].[Avatar], [u].[CreatedAt], [u].[Email], [u].[IsActive], [u].[Name], [u].[Password], [u].[PhoneNumber], [u].[RoleId], [u].[UpdatedAt], [r].[Id], [r].[CreatedAt], [r].[Description], [r].[Name], [r].[UpdatedAt]
FROM [Users] AS [u]
INNER JOIN [Roles] AS [r] ON [u].[RoleId] = [r].[Id]
WHERE [u].[Email] = @__email_0
2024-11-17 21:52:37.465 +07:00 [INF] Executed DbCommand (2ms) [Parameters=[@__email_0='ngoclinhh1308@gmail.com' (Size = 450)], CommandType='"Text"', CommandTimeout='30']
SELECT TOP(1) [u].[Id], [u].[Address], [u].[Avatar], [u].[CreatedAt], [u].[Email], [u].[IsActive], [u].[Name], [u].[Password], [u].[PhoneNumber], [u].[RoleId], [u].[UpdatedAt], [r].[Id], [r].[CreatedAt], [r].[Description], [r].[Name], [r].[UpdatedAt]
FROM [Users] AS [u]
INNER JOIN [Roles] AS [r] ON [u].[RoleId] = [r].[Id]
WHERE [u].[Email] = @__email_0
2024-11-17 21:52:53.170 +07:00 [INF] Executed DbCommand (1ms) [Parameters=[@__email_0='ngoclinhh1308@gmail.com' (Size = 450)], CommandType='"Text"', CommandTimeout='30']
SELECT TOP(1) [u].[Id], [u].[Address], [u].[Avatar], [u].[CreatedAt], [u].[Email], [u].[IsActive], [u].[Name], [u].[Password], [u].[PhoneNumber], [u].[RoleId], [u].[UpdatedAt], [r].[Id], [r].[CreatedAt], [r].[Description], [r].[Name], [r].[UpdatedAt]
FROM [Users] AS [u]
INNER JOIN [Roles] AS [r] ON [u].[RoleId] = [r].[Id]
WHERE [u].[Email] = @__email_0
2024-11-17 21:52:54.612 +07:00 [INF] Executed DbCommand (1ms) [Parameters=[@__email_0='ngoclinhh1308@gmail.com' (Size = 450)], CommandType='"Text"', CommandTimeout='30']
SELECT TOP(1) [u].[Id], [u].[Address], [u].[Avatar], [u].[CreatedAt], [u].[Email], [u].[IsActive], [u].[Name], [u].[Password], [u].[PhoneNumber], [u].[RoleId], [u].[UpdatedAt], [r].[Id], [r].[CreatedAt], [r].[Description], [r].[Name], [r].[UpdatedAt]
FROM [Users] AS [u]
INNER JOIN [Roles] AS [r] ON [u].[RoleId] = [r].[Id]
WHERE [u].[Email] = @__email_0
2024-11-17 21:53:12.141 +07:00 [INF] Executed DbCommand (1ms) [Parameters=[@__email_0='ngoclinhh1308@gmail.com' (Size = 450)], CommandType='"Text"', CommandTimeout='30']
SELECT TOP(1) [u].[Id], [u].[Address], [u].[Avatar], [u].[CreatedAt], [u].[Email], [u].[IsActive], [u].[Name], [u].[Password], [u].[PhoneNumber], [u].[RoleId], [u].[UpdatedAt], [r].[Id], [r].[CreatedAt], [r].[Description], [r].[Name], [r].[UpdatedAt]
FROM [Users] AS [u]
INNER JOIN [Roles] AS [r] ON [u].[RoleId] = [r].[Id]
WHERE [u].[Email] = @__email_0
2024-11-17 21:53:12.279 +07:00 [INF] Get all products GetProductsQuery { PageIndex = 1, PageSize = 10 }
2024-11-17 21:53:12.293 +07:00 [INF] Executed DbCommand (8ms) [Parameters=[@__p_0='0', @__p_1='10'], CommandType='"Text"', CommandTimeout='30']
SELECT [p0].[Id], [p0].[CategoryId], [p0].[CreatedAt], [p0].[Description], [p0].[Image], [p0].[IsRental], [p0].[Name], [p0].[Price], [p0].[Stock], [p0].[UpdatedAt], [c].[Id], [c].[CreatedAt], [c].[Description], [c].[Name], [c].[UpdatedAt]
FROM (
    SELECT [p].[Id], [p].[CategoryId], [p].[CreatedAt], [p].[Description], [p].[Image], [p].[IsRental], [p].[Name], [p].[Price], [p].[Stock], [p].[UpdatedAt]
    FROM [Products] AS [p]
    ORDER BY (SELECT 1)
    OFFSET @__p_0 ROWS FETCH NEXT @__p_1 ROWS ONLY
) AS [p0]
INNER JOIN [Categories] AS [c] ON [p0].[CategoryId] = [c].[Id]
2024-11-17 21:54:04.766 +07:00 [INF] Executed DbCommand (3ms) [Parameters=[@__email_0='admin@gmail.com' (Size = 450)], CommandType='"Text"', CommandTimeout='30']
SELECT TOP(1) [u].[Id], [u].[Address], [u].[Avatar], [u].[CreatedAt], [u].[Email], [u].[IsActive], [u].[Name], [u].[Password], [u].[PhoneNumber], [u].[RoleId], [u].[UpdatedAt], [r].[Id], [r].[CreatedAt], [r].[Description], [r].[Name], [r].[UpdatedAt]
FROM [Users] AS [u]
INNER JOIN [Roles] AS [r] ON [u].[RoleId] = [r].[Id]
WHERE [u].[Email] = @__email_0
2024-11-17 21:54:05.631 +07:00 [INF] Executed DbCommand (1ms) [Parameters=[@__email_0='admin@gmail.com' (Size = 450)], CommandType='"Text"', CommandTimeout='30']
SELECT TOP(1) [u].[Id], [u].[Address], [u].[Avatar], [u].[CreatedAt], [u].[Email], [u].[IsActive], [u].[Name], [u].[Password], [u].[PhoneNumber], [u].[RoleId], [u].[UpdatedAt], [r].[Id], [r].[CreatedAt], [r].[Description], [r].[Name], [r].[UpdatedAt]
FROM [Users] AS [u]
INNER JOIN [Roles] AS [r] ON [u].[RoleId] = [r].[Id]
WHERE [u].[Email] = @__email_0
2024-11-17 21:54:14.569 +07:00 [INF] Executed DbCommand (2ms) [Parameters=[@__email_0='admin@gmail.com' (Size = 450)], CommandType='"Text"', CommandTimeout='30']
SELECT TOP(1) [u].[Id], [u].[Address], [u].[Avatar], [u].[CreatedAt], [u].[Email], [u].[IsActive], [u].[Name], [u].[Password], [u].[PhoneNumber], [u].[RoleId], [u].[UpdatedAt], [r].[Id], [r].[CreatedAt], [r].[Description], [r].[Name], [r].[UpdatedAt]
FROM [Users] AS [u]
INNER JOIN [Roles] AS [r] ON [u].[RoleId] = [r].[Id]
WHERE [u].[Email] = @__email_0
2024-11-17 21:55:46.256 +07:00 [INF] Executed DbCommand (3ms) [Parameters=[@__email_0='admin@gmail.com' (Size = 450)], CommandType='"Text"', CommandTimeout='30']
SELECT TOP(1) [u].[Id], [u].[Address], [u].[Avatar], [u].[CreatedAt], [u].[Email], [u].[IsActive], [u].[Name], [u].[Password], [u].[PhoneNumber], [u].[RoleId], [u].[UpdatedAt], [r].[Id], [r].[CreatedAt], [r].[Description], [r].[Name], [r].[UpdatedAt]
FROM [Users] AS [u]
INNER JOIN [Roles] AS [r] ON [u].[RoleId] = [r].[Id]
WHERE [u].[Email] = @__email_0
2024-11-17 21:55:47.383 +07:00 [INF] Executed DbCommand (3ms) [Parameters=[@__email_0='admin@gmail.com' (Size = 450)], CommandType='"Text"', CommandTimeout='30']
SELECT TOP(1) [u].[Id], [u].[Address], [u].[Avatar], [u].[CreatedAt], [u].[Email], [u].[IsActive], [u].[Name], [u].[Password], [u].[PhoneNumber], [u].[RoleId], [u].[UpdatedAt], [r].[Id], [r].[CreatedAt], [r].[Description], [r].[Name], [r].[UpdatedAt]
FROM [Users] AS [u]
INNER JOIN [Roles] AS [r] ON [u].[RoleId] = [r].[Id]
WHERE [u].[Email] = @__email_0
2024-11-17 21:55:47.918 +07:00 [INF] Executed DbCommand (3ms) [Parameters=[@__email_0='admin@gmail.com' (Size = 450)], CommandType='"Text"', CommandTimeout='30']
SELECT TOP(1) [u].[Id], [u].[Address], [u].[Avatar], [u].[CreatedAt], [u].[Email], [u].[IsActive], [u].[Name], [u].[Password], [u].[PhoneNumber], [u].[RoleId], [u].[UpdatedAt], [r].[Id], [r].[CreatedAt], [r].[Description], [r].[Name], [r].[UpdatedAt]
FROM [Users] AS [u]
INNER JOIN [Roles] AS [r] ON [u].[RoleId] = [r].[Id]
WHERE [u].[Email] = @__email_0
2024-11-17 21:55:48.794 +07:00 [INF] Executed DbCommand (3ms) [Parameters=[@__email_0='admin@gmail.com' (Size = 450)], CommandType='"Text"', CommandTimeout='30']
SELECT TOP(1) [u].[Id], [u].[Address], [u].[Avatar], [u].[CreatedAt], [u].[Email], [u].[IsActive], [u].[Name], [u].[Password], [u].[PhoneNumber], [u].[RoleId], [u].[UpdatedAt], [r].[Id], [r].[CreatedAt], [r].[Description], [r].[Name], [r].[UpdatedAt]
FROM [Users] AS [u]
INNER JOIN [Roles] AS [r] ON [u].[RoleId] = [r].[Id]
WHERE [u].[Email] = @__email_0
2024-11-17 21:57:56.589 +07:00 [INF] Get all products GetProductsQuery { PageIndex = 1, PageSize = 10 }
2024-11-17 21:57:56.597 +07:00 [INF] Executed DbCommand (5ms) [Parameters=[@__p_0='0', @__p_1='10'], CommandType='"Text"', CommandTimeout='30']
SELECT [p0].[Id], [p0].[CategoryId], [p0].[CreatedAt], [p0].[Description], [p0].[Image], [p0].[IsRental], [p0].[Name], [p0].[Price], [p0].[Stock], [p0].[UpdatedAt], [c].[Id], [c].[CreatedAt], [c].[Description], [c].[Name], [c].[UpdatedAt]
FROM (
    SELECT [p].[Id], [p].[CategoryId], [p].[CreatedAt], [p].[Description], [p].[Image], [p].[IsRental], [p].[Name], [p].[Price], [p].[Stock], [p].[UpdatedAt]
    FROM [Products] AS [p]
    ORDER BY (SELECT 1)
    OFFSET @__p_0 ROWS FETCH NEXT @__p_1 ROWS ONLY
) AS [p0]
INNER JOIN [Categories] AS [c] ON [p0].[CategoryId] = [c].[Id]
2024-11-17 21:58:16.275 +07:00 [INF] Executed DbCommand (3ms) [Parameters=[@__email_0='ngoclinhh1308@gmail.com' (Size = 450)], CommandType='"Text"', CommandTimeout='30']
SELECT TOP(1) [u].[Id], [u].[Address], [u].[Avatar], [u].[CreatedAt], [u].[Email], [u].[IsActive], [u].[Name], [u].[Password], [u].[PhoneNumber], [u].[RoleId], [u].[UpdatedAt], [r].[Id], [r].[CreatedAt], [r].[Description], [r].[Name], [r].[UpdatedAt]
FROM [Users] AS [u]
INNER JOIN [Roles] AS [r] ON [u].[RoleId] = [r].[Id]
WHERE [u].[Email] = @__email_0
2024-11-17 21:58:16.412 +07:00 [INF] Get all products GetProductsQuery { PageIndex = 1, PageSize = 10 }
2024-11-17 21:58:16.419 +07:00 [INF] Executed DbCommand (4ms) [Parameters=[@__p_0='0', @__p_1='10'], CommandType='"Text"', CommandTimeout='30']
SELECT [p0].[Id], [p0].[CategoryId], [p0].[CreatedAt], [p0].[Description], [p0].[Image], [p0].[IsRental], [p0].[Name], [p0].[Price], [p0].[Stock], [p0].[UpdatedAt], [c].[Id], [c].[CreatedAt], [c].[Description], [c].[Name], [c].[UpdatedAt]
FROM (
    SELECT [p].[Id], [p].[CategoryId], [p].[CreatedAt], [p].[Description], [p].[Image], [p].[IsRental], [p].[Name], [p].[Price], [p].[Stock], [p].[UpdatedAt]
    FROM [Products] AS [p]
    ORDER BY (SELECT 1)
    OFFSET @__p_0 ROWS FETCH NEXT @__p_1 ROWS ONLY
) AS [p0]
INNER JOIN [Categories] AS [c] ON [p0].[CategoryId] = [c].[Id]
2024-11-17 21:58:25.875 +07:00 [INF] Executed DbCommand (1ms) [Parameters=[@__email_0='admin@gmail.com' (Size = 450)], CommandType='"Text"', CommandTimeout='30']
SELECT TOP(1) [u].[Id], [u].[Address], [u].[Avatar], [u].[CreatedAt], [u].[Email], [u].[IsActive], [u].[Name], [u].[Password], [u].[PhoneNumber], [u].[RoleId], [u].[UpdatedAt], [r].[Id], [r].[CreatedAt], [r].[Description], [r].[Name], [r].[UpdatedAt]
FROM [Users] AS [u]
INNER JOIN [Roles] AS [r] ON [u].[RoleId] = [r].[Id]
WHERE [u].[Email] = @__email_0
